#
# There is insufficient memory for the Java Runtime Environment to continue.
# Native memory allocation (malloc) failed to allocate 61296 bytes for Chunk::new
# Possible reasons:
#   The system is out of physical RAM or swap space
#   In 32 bit mode, the process size limit was hit
# Possible solutions:
#   Reduce memory load on the system
#   Increase physical memory or swap space
#   Check if swap backing store is full
#   Use 64 bit Java on a 64 bit OS
#   Decrease Java heap size (-Xmx/-Xms)
#   Decrease number of Java threads
#   Decrease Java thread stack sizes (-Xss)
#   Set larger code cache with -XX:ReservedCodeCacheSize=
# This output file may be truncated or incomplete.
#
#  Out of Memory Error (allocation.cpp:390), pid=19348, tid=18764
#
# JRE version: Java(TM) SE Runtime Environment (8.0_91-b14) (build 1.8.0_91-b14)
# Java VM: Java HotSpot(TM) 64-Bit Server VM (25.91-b14 mixed mode windows-amd64 compressed oops)
# Failed to write core dump. Minidumps are not enabled by default on client versions of Windows
#

---------------  T H R E A D  ---------------

Current thread (0x0000000016fd1800):  JavaThread "C2 CompilerThread1" daemon [_thread_in_native, id=18764, stack(0x0000000018720000,0x0000000018820000)]

Stack: [0x0000000018720000,0x0000000018820000]
[error occurred during error reporting (printing stack bounds), id 0xc0000005]

Native frames: (J=compiled Java code, j=interpreted, Vv=VM code, C=native code)


Current CompileTask:
C2:94722159 1527       4       java.util.HashMap::resize (359 bytes)


---------------  P R O C E S S  ---------------

Java Threads: ( => current thread )
  0x000000001b5de000 JavaThread "Abandoned connection cleanup thread" daemon [_thread_blocked, id=18712, stack(0x000000001c850000,0x000000001c950000)]
  0x0000000019317800 JavaThread "TimerQueue" daemon [_thread_blocked, id=5520, stack(0x000000001aa30000,0x000000001ab30000)]
  0x00000000020fd800 JavaThread "DestroyJavaVM" [_thread_blocked, id=3160, stack(0x0000000002290000,0x0000000002390000)]
  0x0000000018d07800 JavaThread "AWT-EventQueue-0" [_thread_blocked, id=14960, stack(0x000000001a530000,0x000000001a630000)]
  0x0000000018cf1000 JavaThread "AWT-Windows" daemon [_thread_in_native, id=21308, stack(0x0000000019a60000,0x0000000019b60000)]
  0x0000000018ced800 JavaThread "AWT-Shutdown" [_thread_blocked, id=10788, stack(0x0000000019960000,0x0000000019a60000)]
  0x0000000018ce8800 JavaThread "Java2D Disposer" daemon [_thread_blocked, id=20688, stack(0x0000000019860000,0x0000000019960000)]
  0x0000000018959800 JavaThread "Service Thread" daemon [_thread_blocked, id=21676, stack(0x0000000018d20000,0x0000000018e20000)]
  0x0000000016fd6800 JavaThread "C1 CompilerThread2" daemon [_thread_blocked, id=5952, stack(0x0000000018820000,0x0000000018920000)]
=>0x0000000016fd1800 JavaThread "C2 CompilerThread1" daemon [_thread_in_native, id=18764, stack(0x0000000018720000,0x0000000018820000)]
  0x0000000016fce800 JavaThread "C2 CompilerThread0" daemon [_thread_blocked, id=14716, stack(0x0000000018620000,0x0000000018720000)]
  0x0000000016fcd000 JavaThread "Attach Listener" daemon [_thread_blocked, id=9476, stack(0x0000000018520000,0x0000000018620000)]
  0x0000000016fcb800 JavaThread "Signal Dispatcher" daemon [_thread_blocked, id=7208, stack(0x0000000018420000,0x0000000018520000)]
  0x0000000016fb8800 JavaThread "Finalizer" daemon [_thread_blocked, id=17684, stack(0x0000000018230000,0x0000000018330000)]
  0x0000000002483800 JavaThread "Reference Handler" daemon [_thread_blocked, id=19216, stack(0x0000000018130000,0x0000000018230000)]

Other Threads:
  0x0000000016f97000 VMThread [stack: 0x0000000018030000,0x0000000018130000] [id=20752]
  0x0000000018975800 WatcherThread [stack: 0x0000000018e20000,0x0000000018f20000] [id=6056]

VM state:not at safepoint (normal execution)

VM Mutex/Monitor currently owned by a thread: None

Heap:
 PSYoungGen      total 38400K, used 8945K [0x00000000d5e00000, 0x00000000d8880000, 0x0000000100000000)
  eden space 33280K, 11% used [0x00000000d5e00000,0x00000000d61be318,0x00000000d7e80000)
  from space 5120K, 99% used [0x00000000d7e80000,0x00000000d837e2a0,0x00000000d8380000)
  to   space 5120K, 0% used [0x00000000d8380000,0x00000000d8380000,0x00000000d8880000)
 ParOldGen       total 87552K, used 804K [0x0000000081a00000, 0x0000000086f80000, 0x00000000d5e00000)
  object space 87552K, 0% used [0x0000000081a00000,0x0000000081ac90f8,0x0000000086f80000)
 Metaspace       used 17069K, capacity 17278K, committed 17536K, reserved 1064960K
  class space    used 2094K, capacity 2148K, committed 2176K, reserved 1048576K

Card table byte_map: [0x0000000011850000,0x0000000011c50000] byte_map_base: 0x0000000011443000

Marking Bits: (ParMarkBitMap*) 0x000000006ec82f70
 Begin Bits: [0x0000000012300000, 0x0000000014298000)
 End Bits:   [0x0000000014298000, 0x0000000016230000)

Polling page: 0x0000000000430000

CodeCache: size=245760Kb used=5212Kb max_used=5224Kb free=240547Kb
 bounds [0x0000000002490000, 0x00000000029b0000, 0x0000000011490000]
 total_blobs=2095 nmethods=1526 adapters=480
 compilation: enabled

Compilation events (10 events):
Event: 78572.649 Thread 0x0000000016fd6800 nmethod 1522 0x00000000029a7690 code [0x00000000029a7940, 0x00000000029a8c58]
Event: 78572.650 Thread 0x0000000016fd6800 1523       3       java.util.HashMap$KeySet::iterator (12 bytes)
Event: 78572.650 Thread 0x0000000016fd6800 nmethod 1523 0x00000000029a0850 code [0x00000000029a09c0, 0x00000000029a0c28]
Event: 78572.650 Thread 0x0000000016fd6800 1524       3       java.util.HashMap$KeyIterator::<init> (11 bytes)
Event: 78572.651 Thread 0x0000000016fd6800 nmethod 1524 0x00000000029a0490 code [0x00000000029a0600, 0x00000000029a07a8]
Event: 82545.739 Thread 0x0000000016fd6800 1525       3       java.util.HashMap::<init> (8 bytes)
Event: 82545.740 Thread 0x0000000016fd6800 nmethod 1525 0x00000000029a9590 code [0x00000000029a9720, 0x00000000029a98a8]
Event: 82545.804 Thread 0x0000000016fce800 1526       4       java.util.HashMap$KeyIterator::next (8 bytes)
Event: 82545.808 Thread 0x0000000016fce800 nmethod 1526 0x00000000029ac750 code [0x00000000029ac8a0, 0x00000000029aca98]
Event: 94691.882 Thread 0x0000000016fd1800 1527       4       java.util.HashMap::resize (359 bytes)

GC Heap History (2 events):
Event: 75934.049 GC heap before
{Heap before GC invocations=1 (full 0):
 PSYoungGen      total 38400K, used 33280K [0x00000000d5e00000, 0x00000000d8880000, 0x0000000100000000)
  eden space 33280K, 100% used [0x00000000d5e00000,0x00000000d7e80000,0x00000000d7e80000)
  from space 5120K, 0% used [0x00000000d8380000,0x00000000d8380000,0x00000000d8880000)
  to   space 5120K, 0% used [0x00000000d7e80000,0x00000000d7e80000,0x00000000d8380000)
 ParOldGen       total 87552K, used 0K [0x0000000081a00000, 0x0000000086f80000, 0x00000000d5e00000)
  object space 87552K, 0% used [0x0000000081a00000,0x0000000081a00000,0x0000000086f80000)
 Metaspace       used 17062K, capacity 17278K, committed 17536K, reserved 1064960K
  class space    used 2094K, capacity 2148K, committed 2176K, reserved 1048576K
Event: 75934.086 GC heap after
Heap after GC invocations=1 (full 0):
 PSYoungGen      total 38400K, used 5112K [0x00000000d5e00000, 0x00000000d8880000, 0x0000000100000000)
  eden space 33280K, 0% used [0x00000000d5e00000,0x00000000d5e00000,0x00000000d7e80000)
  from space 5120K, 99% used [0x00000000d7e80000,0x00000000d837e2a0,0x00000000d8380000)
  to   space 5120K, 0% used [0x00000000d8380000,0x00000000d8380000,0x00000000d8880000)
 ParOldGen       total 87552K, used 804K [0x0000000081a00000, 0x0000000086f80000, 0x00000000d5e00000)
  object space 87552K, 0% used [0x0000000081a00000,0x0000000081ac90f8,0x0000000086f80000)
 Metaspace       used 17062K, capacity 17278K, committed 17536K, reserved 1064960K
  class space    used 2094K, capacity 2148K, committed 2176K, reserved 1048576K
}

Deoptimization events (10 events):
Event: 0.814 Thread 0x000000001af3b800 Uncommon trap: reason=unstable_if action=reinterpret pc=0x000000000282f788 method=sun.util.calendar.ZoneInfo.getOffsets(J[II)I @ 4
Event: 0.900 Thread 0x0000000018d07800 Uncommon trap: reason=class_check action=maybe_recompile pc=0x00000000027c13f0 method=javax.swing.UIDefaults.getFromHashtable(Ljava/lang/Object;)Ljava/lang/Object; @ 92
Event: 0.900 Thread 0x0000000018d07800 Uncommon trap: reason=class_check action=maybe_recompile pc=0x00000000027c13f0 method=javax.swing.UIDefaults.getFromHashtable(Ljava/lang/Object;)Ljava/lang/Object; @ 92
Event: 0.981 Thread 0x0000000018d07800 Uncommon trap: reason=unstable_if action=reinterpret pc=0x00000000027edb68 method=javax.swing.RepaintManager.addDirtyRegion0(Ljava/awt/Container;IIII)V @ 2
Event: 0.998 Thread 0x000000001b5de000 Uncommon trap: reason=unstable_if action=reinterpret pc=0x00000000026c9f8c method=java.lang.String.indexOf([CII[CIII)I @ 3
Event: 1.380 Thread 0x0000000018d07800 Uncommon trap: reason=unstable_if action=reinterpret pc=0x00000000025a37b0 method=java.lang.String.charAt(I)C @ 10
Event: 75934.087 Thread 0x0000000018ce8800 Uncommon trap: reason=unstable_if action=reinterpret pc=0x000000000295ab58 method=java.lang.ref.ReferenceQueue.reallyPoll()Ljava/lang/ref/Reference; @ 6
Event: 75934.087 Thread 0x0000000016fb8800 Uncommon trap: reason=unstable_if action=reinterpret pc=0x000000000295ab58 method=java.lang.ref.ReferenceQueue.reallyPoll()Ljava/lang/ref/Reference; @ 6
Event: 75934.087 Thread 0x0000000018ce8800 Uncommon trap: reason=unstable_if action=reinterpret pc=0x0000000002981b64 method=java.lang.ref.ReferenceQueue.reallyPoll()Ljava/lang/ref/Reference; @ 6
Event: 75934.088 Thread 0x0000000016fb8800 Uncommon trap: reason=unstable_if action=reinterpret pc=0x0000000002981b64 method=java.lang.ref.ReferenceQueue.reallyPoll()Ljava/lang/ref/Reference; @ 6

Internal exceptions (10 events):
Event: 0.338 Thread 0x00000000020fd800 Exception <a 'java/lang/ClassNotFoundException': ToolBarSeparator> (0x00000000d6232820) thrown at [C:\re\workspace\8-2-build-windows-amd64-cygwin\jdk8u91\6644\hotspot\src\share\vm\classfile\systemDictionary.cpp, line 210]
Event: 0.338 Thread 0x00000000020fd800 Exception <a 'java/lang/ClassNotFoundException': ToolTip> (0x00000000d6232f60) thrown at [C:\re\workspace\8-2-build-windows-amd64-cygwin\jdk8u91\6644\hotspot\src\share\vm\classfile\systemDictionary.cpp, line 210]
Event: 0.340 Thread 0x00000000020fd800 Exception <a 'java/lang/ClassNotFoundException': Tree> (0x00000000d6233b80) thrown at [C:\re\workspace\8-2-build-windows-amd64-cygwin\jdk8u91\6644\hotspot\src\share\vm\classfile\systemDictionary.cpp, line 210]
Event: 0.340 Thread 0x00000000020fd800 Exception <a 'java/lang/ClassNotFoundException': Tree> (0x00000000d62342c0) thrown at [C:\re\workspace\8-2-build-windows-amd64-cygwin\jdk8u91\6644\hotspot\src\share\vm\classfile\systemDictionary.cpp, line 210]
Event: 0.340 Thread 0x00000000020fd800 Exception <a 'java/lang/ClassNotFoundException': javax/swing/JTreeCell> (0x00000000d6234640) thrown at [C:\re\workspace\8-2-build-windows-amd64-cygwin\jdk8u91\6644\hotspot\src\share\vm\classfile\systemDictionary.cpp, line 210]
Event: 0.340 Thread 0x00000000020fd800 Exception <a 'java/lang/ClassNotFoundException': TreeCell> (0x00000000d6234ac8) thrown at [C:\re\workspace\8-2-build-windows-amd64-cygwin\jdk8u91\6644\hotspot\src\share\vm\classfile\systemDictionary.cpp, line 210]
Event: 0.341 Thread 0x00000000020fd800 Exception <a 'java/lang/ClassNotFoundException': RootPane> (0x00000000d6235528) thrown at [C:\re\workspace\8-2-build-windows-amd64-cygwin\jdk8u91\6644\hotspot\src\share\vm\classfile\systemDictionary.cpp, line 210]
Event: 0.771 Thread 0x00000000194b2800 Implicit null exception at 0x00000000027cc2fd to 0x00000000027cc675
Event: 0.814 Thread 0x000000001af3b800 Implicit null exception at 0x000000000282d769 to 0x000000000282f751
Event: 1.380 Thread 0x0000000018d07800 Exception <a 'java/lang/StringIndexOutOfBoundsException'> (0x00000000d75ae380) thrown at [C:\re\workspace\8-2-build-windows-amd64-cygwin\jdk8u91\6644\hotspot\src\share\vm\prims\jvm.cpp, line 1390]

Events (10 events):
Event: 75934.087 Thread 0x0000000018ce8800 DEOPT PACKING pc=0x000000000295ab58 sp=0x000000001995f580
Event: 75934.087 Thread 0x0000000016fb8800 DEOPT PACKING pc=0x000000000295ab58 sp=0x000000001832f560
Event: 75934.087 Thread 0x0000000018ce8800 DEOPT UNPACKING pc=0x00000000024d582a sp=0x000000001995f520 mode 2
Event: 75934.087 Thread 0x0000000016fb8800 DEOPT UNPACKING pc=0x00000000024d582a sp=0x000000001832f500 mode 2
Event: 75934.087 Thread 0x0000000018ce8800 Uncommon trap: trap_request=0xffffff65 fr.pc=0x0000000002981b64
Event: 75934.088 Thread 0x0000000018ce8800 DEOPT PACKING pc=0x0000000002981b64 sp=0x000000001995f5e0
Event: 75934.088 Thread 0x0000000016fb8800 Uncommon trap: trap_request=0xffffff65 fr.pc=0x0000000002981b64
Event: 75934.088 Thread 0x0000000018ce8800 DEOPT UNPACKING pc=0x00000000024d582a sp=0x000000001995f520 mode 2
Event: 75934.088 Thread 0x0000000016fb8800 DEOPT PACKING pc=0x0000000002981b64 sp=0x000000001832f5c0
Event: 75934.088 Thread 0x0000000016fb8800 DEOPT UNPACKING pc=0x00000000024d582a sp=0x000000001832f500 mode 2


Dynamic libraries:
0x00007ff64da40000 - 0x00007ff64da77000 	C:\Program Files\Java\jdk1.8.0_91\bin\java.exe
0x00007ff921170000 - 0x00007ff921351000 	C:\WINDOWS\SYSTEM32\ntdll.dll
0x00007ff91f150000 - 0x00007ff91f202000 	C:\WINDOWS\System32\KERNEL32.DLL
0x00007ff91d700000 - 0x00007ff91d973000 	C:\WINDOWS\System32\KERNELBASE.dll
0x00007ff91f000000 - 0x00007ff91f0a1000 	C:\WINDOWS\System32\ADVAPI32.dll
0x00007ff91f0b0000 - 0x00007ff91f14e000 	C:\WINDOWS\System32\msvcrt.dll
0x00007ff91e6f0000 - 0x00007ff91e74b000 	C:\WINDOWS\System32\sechost.dll
0x00007ff921010000 - 0x00007ff921134000 	C:\WINDOWS\System32\RPCRT4.dll
0x00007ff91f8d0000 - 0x00007ff91fa60000 	C:\WINDOWS\System32\USER32.dll
0x00007ff91d540000 - 0x00007ff91d560000 	C:\WINDOWS\System32\win32u.dll
0x00007ff91f7f0000 - 0x00007ff91f818000 	C:\WINDOWS\System32\GDI32.dll
0x00007ff91d980000 - 0x00007ff91db12000 	C:\WINDOWS\System32\gdi32full.dll
0x00007ff91d560000 - 0x00007ff91d5ff000 	C:\WINDOWS\System32\msvcp_win.dll
0x00007ff91d600000 - 0x00007ff91d6fa000 	C:\WINDOWS\System32\ucrtbase.dll
0x00007ff9104f0000 - 0x00007ff910759000 	C:\WINDOWS\WinSxS\amd64_microsoft.windows.common-controls_6595b64144ccf1df_6.0.17134.112_none_fb3f961b30681c12\COMCTL32.dll
0x00007ff91f450000 - 0x00007ff91f773000 	C:\WINDOWS\System32\combase.dll
0x00007ff91db20000 - 0x00007ff91db9a000 	C:\WINDOWS\System32\bcryptPrimitives.dll
0x00007ff91e600000 - 0x00007ff91e62d000 	C:\WINDOWS\System32\IMM32.DLL
0x000000006e390000 - 0x000000006e462000 	C:\Program Files\Java\jdk1.8.0_91\jre\bin\msvcr100.dll
0x000000006e470000 - 0x000000006ed03000 	C:\Program Files\Java\jdk1.8.0_91\jre\bin\server\jvm.dll
0x00007ff91ef00000 - 0x00007ff91ef08000 	C:\WINDOWS\System32\PSAPI.DLL
0x00007ff91c090000 - 0x00007ff91c099000 	C:\WINDOWS\SYSTEM32\WSOCK32.dll
0x00007ff90c740000 - 0x00007ff90c74a000 	C:\WINDOWS\SYSTEM32\VERSION.dll
0x00007ff91b410000 - 0x00007ff91b433000 	C:\WINDOWS\SYSTEM32\WINMM.dll
0x00007ff91f780000 - 0x00007ff91f7ec000 	C:\WINDOWS\System32\WS2_32.dll
0x00007ff91b3e0000 - 0x00007ff91b40a000 	C:\WINDOWS\SYSTEM32\winmmbase.dll
0x00007ff91dba0000 - 0x00007ff91dbe9000 	C:\WINDOWS\System32\cfgmgr32.dll
0x000000006e340000 - 0x000000006e34f000 	C:\Program Files\Java\jdk1.8.0_91\jre\bin\verify.dll
0x000000006e310000 - 0x000000006e339000 	C:\Program Files\Java\jdk1.8.0_91\jre\bin\java.dll
0x000000006e2f0000 - 0x000000006e306000 	C:\Program Files\Java\jdk1.8.0_91\jre\bin\zip.dll
0x00007ff91fa60000 - 0x00007ff920ea0000 	C:\WINDOWS\System32\SHELL32.dll
0x00007ff91f820000 - 0x00007ff91f8c9000 	C:\WINDOWS\System32\shcore.dll
0x00007ff91dc50000 - 0x00007ff91e35d000 	C:\WINDOWS\System32\windows.storage.dll
0x00007ff91e690000 - 0x00007ff91e6e1000 	C:\WINDOWS\System32\shlwapi.dll
0x00007ff91d490000 - 0x00007ff91d4a1000 	C:\WINDOWS\System32\kernel.appcore.dll
0x00007ff91d500000 - 0x00007ff91d51f000 	C:\WINDOWS\System32\profapi.dll
0x00007ff91d4b0000 - 0x00007ff91d4fc000 	C:\WINDOWS\System32\powrprof.dll
0x00007ff91d480000 - 0x00007ff91d48a000 	C:\WINDOWS\System32\FLTLIB.DLL
0x000000006e110000 - 0x000000006e2a8000 	C:\Program Files\Java\jdk1.8.0_91\jre\bin\awt.dll
0x00007ff91e750000 - 0x00007ff91e812000 	C:\WINDOWS\System32\OLEAUT32.dll
0x00007ff91b350000 - 0x00007ff91b3db000 	C:\WINDOWS\SYSTEM32\apphelp.dll
0x00007ff91b770000 - 0x00007ff91b808000 	C:\WINDOWS\system32\uxtheme.dll
0x00007ff91e880000 - 0x00007ff91e9f5000 	C:\WINDOWS\System32\MSCTF.dll
0x00007ff91b850000 - 0x00007ff91b879000 	C:\WINDOWS\system32\dwmapi.dll
0x00007ff920ea0000 - 0x00007ff920ff1000 	C:\WINDOWS\System32\ole32.dll
0x000000006e0c0000 - 0x000000006e107000 	C:\Program Files\Java\jdk1.8.0_91\jre\bin\fontmanager.dll
0x000000006e2d0000 - 0x000000006e2ea000 	C:\Program Files\Java\jdk1.8.0_91\jre\bin\net.dll
0x00007ff91cca0000 - 0x00007ff91cd06000 	C:\WINDOWS\system32\mswsock.dll
0x000000006e2b0000 - 0x000000006e2c1000 	C:\Program Files\Java\jdk1.8.0_91\jre\bin\nio.dll
0x000000006e070000 - 0x000000006e0b2000 	C:\Program Files\Java\jdk1.8.0_91\jre\bin\t2k.dll
0x00007ff91ee50000 - 0x00007ff91eef0000 	C:\WINDOWS\System32\clbcatq.dll
0x00007ff918910000 - 0x00007ff918abe000 	C:\WINDOWS\SYSTEM32\WindowsCodecs.dll
0x00007ff8efd70000 - 0x00007ff8efdc8000 	C:\WINDOWS\system32\dataexchange.dll
0x00007ff91a110000 - 0x00007ff91a41b000 	C:\WINDOWS\system32\d3d11.dll
0x00007ff91a9f0000 - 0x00007ff91ab8c000 	C:\WINDOWS\system32\dcomp.dll
0x00007ff91c240000 - 0x00007ff91c2fb000 	C:\WINDOWS\system32\dxgi.dll
0x00007ff91b990000 - 0x00007ff91bb48000 	C:\WINDOWS\system32\twinapi.appcore.dll
0x00007ff91b930000 - 0x00007ff91b951000 	C:\WINDOWS\system32\RMCLIENT.dll
0x00007ff91ca60000 - 0x00007ff91cb1e000 	C:\WINDOWS\SYSTEM32\DNSAPI.dll
0x00007ff921000000 - 0x00007ff921008000 	C:\WINDOWS\System32\NSI.dll
0x00007ff91ca20000 - 0x00007ff91ca58000 	C:\WINDOWS\SYSTEM32\IPHLPAPI.DLL
0x00007ff910050000 - 0x00007ff91005a000 	C:\Windows\System32\rasadhlp.dll
0x00007ff910060000 - 0x00007ff9100d2000 	C:\WINDOWS\System32\fwpuclnt.dll
0x00007ff91cf80000 - 0x00007ff91cfa5000 	C:\WINDOWS\SYSTEM32\bcrypt.dll

VM Arguments:
jvm_args: -Dfile.encoding=UTF-8 
java_command: bank.LoanOfficerDashboard
java_class_path (initial): C:\Users\chris\Downloads\mysql-connector-java-5.1.46\mysql-connector-java-5.1.46\mysql-connector-java-5.1.46-bin.jar;C:\Program Files\NetBeans 8.2\ide\modules\ext\swingx-all-1.6.4.jar;C:\Users\chris\Downloads\jcalendar-1.4.jar\jcalendar-1.4.jar;C:\Users\chris\Downloads\Bank files\Banking Management System Resources & Database\JTattoo-1.6.11.jar;C:\Users\chris\Downloads\1479947884_PlaceHolder\PlaceHolder.jar;C:\Users\chris\Desktop\Java Projects\Banking\build\classes
Launcher Type: SUN_STANDARD

Environment Variables:
PATH=C:\jet14.0-eval-amd64\bin;C:\ProgramData\Oracle\Java\javapath;C:\Program Files (x86)\Intel\iCLS Client\;C:\Program Files\Intel\iCLS Client\;C:\WINDOWS\system32;C:\WINDOWS;C:\WINDOWS\System32\Wbem;C:\WINDOWS\System32\WindowsPowerShell\v1.0\;C:\Program Files (x86)\Intel\Intel(R) Management Engine Components\DAL;C:\Program Files\Intel\Intel(R) Management Engine Components\DAL;C:\Program Files (x86)\Intel\Intel(R) Management Engine Components\IPT;C:\Program Files\Intel\Intel(R) Management Engine Components\IPT;C:\Program Files\Microsoft SQL Server\130\Tools\Binn\;C:\Program Files (x86)\Skype\Phone\;C:\Program Files\Microsoft\Web Platform Installer\;C:\Program Files\dotnet\;C:\Program Files\Git\cmd;C:\Program Files\nodejs\;C:\Program Files\PuTTY\;C:\Program Files (x86)\Yarn\bin;C:\Program Files\MySQL\MySQL Server 8.0\bin;;C:\WINDOWS\System32\OpenSSH\;C:\Program Files\Intel\WiFi\bin\;C:\Program Files\Common Files\Intel\WirelessCommon\;C:\Users\chris\AppData\Local\Microsoft\WindowsApps;C:\Users\chris\AppData\Roaming\npm;C:\mongodb\bin;C:\Users\chris\AppData\Local\Yarn\bin;C:\Program Files\Microsoft VS Code\bin;C:\Users\chris\AppData\Local\atom\bin;%USERPROFILE%\AppData\Local\Microsoft\WindowsApps;
USERNAME=chris
OS=Windows_NT
PROCESSOR_IDENTIFIER=Intel64 Family 6 Model 78 Stepping 3, GenuineIntel



---------------  S Y S T E M  ---------------

OS: Windows 10.0 , 64 bit Build 17134 (10.0.17134.1)

CPU:total 4 (2 cores per cpu, 2 threads per core) family 6 model 78 stepping 3, cmov, cx8, fxsr, mmx, sse, sse2, sse3, ssse3, sse4.1, sse4.2, popcnt, avx, avx2, aes, clmul, erms, 3dnowpref, lzcnt, ht, tsc, tscinvbit, bmi1, bmi2, adx

Memory: 4k page, physical 8276896k(915752k free), swap 8276896k(1016k free)

vm_info: Java HotSpot(TM) 64-Bit Server VM (25.91-b14) for windows-amd64 JRE (1.8.0_91-b14), built on Apr  1 2016 00:58:32 by "java_re" with MS VC++ 10.0 (VS2010)

time: Mon Jul 16 17:53:25 2018
elapsed time: 94691 seconds (1d 2h 18m 11s)

