#
# There is insufficient memory for the Java Runtime Environment to continue.
# Native memory allocation (malloc) failed to allocate 910976 bytes for Chunk::new
# Possible reasons:
#   The system is out of physical RAM or swap space
#   In 32 bit mode, the process size limit was hit
# Possible solutions:
#   Reduce memory load on the system
#   Increase physical memory or swap space
#   Check if swap backing store is full
#   Use 64 bit Java on a 64 bit OS
#   Decrease Java heap size (-Xmx/-Xms)
#   Decrease number of Java threads
#   Decrease Java thread stack sizes (-Xss)
#   Set larger code cache with -XX:ReservedCodeCacheSize=
# This output file may be truncated or incomplete.
#
#  Out of Memory Error (allocation.cpp:390), pid=16636, tid=4292
#
# JRE version: Java(TM) SE Runtime Environment (8.0_91-b14) (build 1.8.0_91-b14)
# Java VM: Java HotSpot(TM) 64-Bit Server VM (25.91-b14 mixed mode windows-amd64 compressed oops)
# Failed to write core dump. Minidumps are not enabled by default on client versions of Windows
#

---------------  T H R E A D  ---------------

Current thread (0x000000001717e800):  JavaThread "C2 CompilerThread0" daemon [_thread_in_native, id=4292, stack(0x00000000187d0000,0x00000000188d0000)]

Stack: [0x00000000187d0000,0x00000000188d0000]
[error occurred during error reporting (printing stack bounds), id 0xc0000005]

Native frames: (J=compiled Java code, j=interpreted, Vv=VM code, C=native code)


Current CompileTask:
C2:   1516 1678       4       javax.swing.plaf.nimbus.NimbusDefaults$LazyStyle::matches (229 bytes)


---------------  P R O C E S S  ---------------

Java Threads: ( => current thread )
  0x00000000192e2000 JavaThread "Image Fetcher 1" daemon [_thread_blocked, id=2592, stack(0x000000001d310000,0x000000001d410000)]
  0x00000000192e1800 JavaThread "Abandoned connection cleanup thread" daemon [_thread_blocked, id=19776, stack(0x000000001d010000,0x000000001d110000)]
  0x00000000192de800 JavaThread "Image Fetcher 0" daemon [_thread_blocked, id=17904, stack(0x000000001b500000,0x000000001b600000)]
  0x00000000192df000 JavaThread "TimerQueue" daemon [_thread_blocked, id=3712, stack(0x000000001b400000,0x000000001b500000)]
  0x00000000192dc000 JavaThread "DestroyJavaVM" [_thread_blocked, id=5876, stack(0x0000000002310000,0x0000000002410000)]
  0x00000000192db800 JavaThread "AWT-EventQueue-0" [_thread_in_vm, id=6532, stack(0x000000001af00000,0x000000001b000000)]
  0x00000000192e0800 JavaThread "AWT-Windows" daemon [_thread_in_native, id=17696, stack(0x0000000019c10000,0x0000000019d10000)]
  0x00000000192dd800 JavaThread "AWT-Shutdown" [_thread_blocked, id=8508, stack(0x0000000019b10000,0x0000000019c10000)]
  0x00000000192e0000 JavaThread "Java2D Disposer" daemon [_thread_blocked, id=20028, stack(0x0000000019a10000,0x0000000019b10000)]
  0x0000000018b01800 JavaThread "Service Thread" daemon [_thread_blocked, id=19680, stack(0x0000000018ed0000,0x0000000018fd0000)]
  0x0000000017186800 JavaThread "C1 CompilerThread2" daemon [_thread_blocked, id=15976, stack(0x00000000189d0000,0x0000000018ad0000)]
  0x0000000017181800 JavaThread "C2 CompilerThread1" daemon [_thread_blocked, id=5316, stack(0x00000000188d0000,0x00000000189d0000)]
=>0x000000001717e800 JavaThread "C2 CompilerThread0" daemon [_thread_in_native, id=4292, stack(0x00000000187d0000,0x00000000188d0000)]
  0x000000001717d000 JavaThread "Attach Listener" daemon [_thread_blocked, id=17020, stack(0x00000000186d0000,0x00000000187d0000)]
  0x000000001717c000 JavaThread "Signal Dispatcher" daemon [_thread_blocked, id=6228, stack(0x00000000185d0000,0x00000000186d0000)]
  0x0000000002598800 JavaThread "Finalizer" daemon [_thread_blocked, id=19908, stack(0x00000000183e0000,0x00000000184e0000)]
  0x0000000002593000 JavaThread "Reference Handler" daemon [_thread_blocked, id=18580, stack(0x00000000182e0000,0x00000000183e0000)]

Other Threads:
  0x0000000017147800 VMThread [stack: 0x00000000181e0000,0x00000000182e0000] [id=16360]
  0x0000000018b0e000 WatcherThread [stack: 0x0000000018fd0000,0x00000000190d0000] [id=19796]

VM state:not at safepoint (normal execution)

VM Mutex/Monitor currently owned by a thread: None

Heap:
 PSYoungGen      total 38400K, used 8981K [0x00000000d5e00000, 0x00000000d8880000, 0x0000000100000000)
  eden space 33280K, 11% used [0x00000000d5e00000,0x00000000d61c8f30,0x00000000d7e80000)
  from space 5120K, 99% used [0x00000000d7e80000,0x00000000d837c878,0x00000000d8380000)
  to   space 5120K, 0% used [0x00000000d8380000,0x00000000d8380000,0x00000000d8880000)
 ParOldGen       total 87552K, used 9014K [0x0000000081a00000, 0x0000000086f80000, 0x00000000d5e00000)
  object space 87552K, 10% used [0x0000000081a00000,0x00000000822cdbd8,0x0000000086f80000)
 Metaspace       used 17442K, capacity 17638K, committed 17920K, reserved 1064960K
  class space    used 2148K, capacity 2207K, committed 2304K, reserved 1048576K

Card table byte_map: [0x0000000011a00000,0x0000000011e00000] byte_map_base: 0x00000000115f3000

Marking Bits: (ParMarkBitMap*) 0x000000006c432f70
 Begin Bits: [0x00000000124b0000, 0x0000000014448000)
 End Bits:   [0x0000000014448000, 0x00000000163e0000)

Polling page: 0x0000000000420000

CodeCache: size=245760Kb used=5507Kb max_used=5514Kb free=240252Kb
 bounds [0x0000000002640000, 0x0000000002bb0000, 0x0000000011640000]
 total_blobs=2327 nmethods=1746 adapters=492
 compilation: enabled

Compilation events (10 events):
Event: 1.509 Thread 0x0000000017186800 nmethod 1739 0x0000000002ba1910 code [0x0000000002ba1ac0, 0x0000000002ba1ef8]
Event: 1.510 Thread 0x0000000017186800 1741       1       javax.swing.border.TitledBorder::getTitle (5 bytes)
Event: 1.510 Thread 0x0000000017186800 nmethod 1741 0x0000000002ba20d0 code [0x0000000002ba2220, 0x0000000002ba2330]
Event: 1.510 Thread 0x0000000017186800 1742       1       sun.awt.image.BufImgVolatileSurfaceManager::isAccelerationEnabled (2 bytes)
Event: 1.510 Thread 0x0000000017186800 nmethod 1742 0x0000000002ba2390 code [0x0000000002ba24e0, 0x0000000002ba25f0]
Event: 1.511 Thread 0x0000000017186800 1743       1       sun.awt.image.VolatileSurfaceManager::contentsLost (5 bytes)
Event: 1.511 Thread 0x0000000017186800 nmethod 1743 0x0000000002ba3b50 code [0x0000000002ba3ca0, 0x0000000002ba3db0]
Event: 1.512 Thread 0x0000000017181800 nmethod 1730 0x0000000002ba5c90 code [0x0000000002ba5e00, 0x0000000002ba6518]
Event: 1.512 Thread 0x0000000017181800 1735       4       sun.java2d.SunGraphics2D::invalidatePipe (41 bytes)
Event: 1.512 Thread 0x0000000017181800 nmethod 1735 0x0000000002b98110 code [0x0000000002b98240, 0x0000000002b982d8]

GC Heap History (2 events):
Event: 1.393 GC heap before
{Heap before GC invocations=1 (full 0):
 PSYoungGen      total 38400K, used 33280K [0x00000000d5e00000, 0x00000000d8880000, 0x0000000100000000)
  eden space 33280K, 100% used [0x00000000d5e00000,0x00000000d7e80000,0x00000000d7e80000)
  from space 5120K, 0% used [0x00000000d8380000,0x00000000d8380000,0x00000000d8880000)
  to   space 5120K, 0% used [0x00000000d7e80000,0x00000000d7e80000,0x00000000d8380000)
 ParOldGen       total 87552K, used 0K [0x0000000081a00000, 0x0000000086f80000, 0x00000000d5e00000)
  object space 87552K, 0% used [0x0000000081a00000,0x0000000081a00000,0x0000000086f80000)
 Metaspace       used 17239K, capacity 17446K, committed 17664K, reserved 1064960K
  class space    used 2133K, capacity 2207K, committed 2304K, reserved 1048576K
Event: 1.405 GC heap after
Heap after GC invocations=1 (full 0):
 PSYoungGen      total 38400K, used 5106K [0x00000000d5e00000, 0x00000000d8880000, 0x0000000100000000)
  eden space 33280K, 0% used [0x00000000d5e00000,0x00000000d5e00000,0x00000000d7e80000)
  from space 5120K, 99% used [0x00000000d7e80000,0x00000000d837c878,0x00000000d8380000)
  to   space 5120K, 0% used [0x00000000d8380000,0x00000000d8380000,0x00000000d8880000)
 ParOldGen       total 87552K, used 9014K [0x0000000081a00000, 0x0000000086f80000, 0x00000000d5e00000)
  object space 87552K, 10% used [0x0000000081a00000,0x00000000822cdbd8,0x0000000086f80000)
 Metaspace       used 17239K, capacity 17446K, committed 17664K, reserved 1064960K
  class space    used 2133K, capacity 2207K, committed 2304K, reserved 1048576K
}

Deoptimization events (10 events):
Event: 0.843 Thread 0x00000000192db800 Uncommon trap: reason=class_check action=maybe_recompile pc=0x000000000299a930 method=javax.swing.UIDefaults.getFromHashtable(Ljava/lang/Object;)Ljava/lang/Object; @ 92
Event: 0.928 Thread 0x00000000192db800 Uncommon trap: reason=unstable_if action=reinterpret pc=0x000000000298c6e8 method=javax.swing.RepaintManager.addDirtyRegion0(Ljava/awt/Container;IIII)V @ 2
Event: 0.941 Thread 0x00000000192e1800 Uncommon trap: reason=unstable_if action=reinterpret pc=0x0000000002873ccc method=java.lang.String.indexOf([CII[CIII)I @ 3
Event: 1.367 Thread 0x00000000192db800 Uncommon trap: reason=unstable_if action=reinterpret pc=0x0000000002b0c354 method=java.awt.MultipleGradientPaintContext.indexIntoGradientsArrays(F)I @ 13
Event: 1.440 Thread 0x00000000192db800 Uncommon trap: reason=unstable_if action=reinterpret pc=0x000000000294accc method=java.lang.ref.SoftReference.get()Ljava/lang/Object; @ 17
Event: 1.440 Thread 0x00000000192db800 Uncommon trap: reason=unstable_if action=reinterpret pc=0x0000000002946bb8 method=java.lang.ref.SoftReference.get()Ljava/lang/Object; @ 17
Event: 1.440 Thread 0x00000000192db800 Uncommon trap: reason=unstable_if action=reinterpret pc=0x000000000293d130 method=java.lang.ref.SoftReference.get()Ljava/lang/Object; @ 17
Event: 1.474 Thread 0x00000000192db800 Uncommon trap: reason=null_check action=make_not_entrant pc=0x0000000002ab6c84 method=javax.swing.plaf.nimbus.NimbusDefaults$LazyStyle.matches(Ljava/awt/Component;I)Z @ 39
Event: 1.480 Thread 0x00000000192db800 Uncommon trap: reason=unstable_if action=reinterpret pc=0x0000000002908b24 method=sun.awt.SunToolkit.getAppContext(Ljava/lang/Object;)Lsun/awt/AppContext; @ 4
Event: 1.512 Thread 0x00000000192db800 Uncommon trap: reason=unstable_if action=reinterpret pc=0x000000000293b188 method=javax.swing.JComponent.getClientProperty(Ljava/lang/Object;)Ljava/lang/Object; @ 16

Internal exceptions (10 events):
Event: 0.306 Thread 0x000000000263e000 Exception <a 'java/lang/ClassNotFoundException': ToolBarSeparator> (0x00000000d62671b0) thrown at [C:\re\workspace\8-2-build-windows-amd64-cygwin\jdk8u91\6644\hotspot\src\share\vm\classfile\systemDictionary.cpp, line 210]
Event: 0.307 Thread 0x000000000263e000 Exception <a 'java/lang/ClassNotFoundException': ToolTip> (0x00000000d62678f0) thrown at [C:\re\workspace\8-2-build-windows-amd64-cygwin\jdk8u91\6644\hotspot\src\share\vm\classfile\systemDictionary.cpp, line 210]
Event: 0.307 Thread 0x000000000263e000 Exception <a 'java/lang/ClassNotFoundException': Tree> (0x00000000d6268510) thrown at [C:\re\workspace\8-2-build-windows-amd64-cygwin\jdk8u91\6644\hotspot\src\share\vm\classfile\systemDictionary.cpp, line 210]
Event: 0.307 Thread 0x000000000263e000 Exception <a 'java/lang/ClassNotFoundException': Tree> (0x00000000d6268c50) thrown at [C:\re\workspace\8-2-build-windows-amd64-cygwin\jdk8u91\6644\hotspot\src\share\vm\classfile\systemDictionary.cpp, line 210]
Event: 0.308 Thread 0x000000000263e000 Exception <a 'java/lang/ClassNotFoundException': javax/swing/JTreeCell> (0x00000000d6268fd0) thrown at [C:\re\workspace\8-2-build-windows-amd64-cygwin\jdk8u91\6644\hotspot\src\share\vm\classfile\systemDictionary.cpp, line 210]
Event: 0.308 Thread 0x000000000263e000 Exception <a 'java/lang/ClassNotFoundException': TreeCell> (0x00000000d6269458) thrown at [C:\re\workspace\8-2-build-windows-amd64-cygwin\jdk8u91\6644\hotspot\src\share\vm\classfile\systemDictionary.cpp, line 210]
Event: 0.308 Thread 0x000000000263e000 Exception <a 'java/lang/ClassNotFoundException': RootPane> (0x00000000d6269eb8) thrown at [C:\re\workspace\8-2-build-windows-amd64-cygwin\jdk8u91\6644\hotspot\src\share\vm\classfile\systemDictionary.cpp, line 210]
Event: 0.739 Thread 0x00000000192de800 Implicit null exception at 0x000000000296473d to 0x0000000002964ab1
Event: 0.754 Thread 0x00000000192de800 Implicit null exception at 0x00000000029ea7e9 to 0x00000000029ec81d
Event: 1.474 Thread 0x00000000192db800 Implicit null exception at 0x0000000002ab3537 to 0x0000000002ab6c69

Events (10 events):
Event: 1.486 loading class javax/swing/RepaintManager$3 done
Event: 1.495 Thread 0x00000000192db800 DEOPT PACKING pc=0x0000000002b0fcd1 sp=0x000000001affba30
Event: 1.495 Thread 0x00000000192db800 DEOPT UNPACKING pc=0x000000000268787f sp=0x000000001affb740 mode 0
Event: 1.511 loading class java/awt/KeyboardFocusManager$3
Event: 1.511 loading class java/awt/KeyboardFocusManager$3 done
Event: 1.512 Thread 0x00000000192db800 Uncommon trap: trap_request=0xffffff65 fr.pc=0x000000000293b188
Event: 1.512 Thread 0x00000000192db800 DEOPT PACKING pc=0x000000000293b188 sp=0x000000001affcde0
Event: 1.512 Thread 0x00000000192db800 DEOPT UNPACKING pc=0x000000000268582a sp=0x000000001affcdc0 mode 2
Event: 1.513 loading class javax/swing/text/JTextComponent$InputMethodRequestsHandler
Event: 1.513 loading class javax/swing/text/JTextComponent$InputMethodRequestsHandler done


Dynamic libraries:
0x00007ff6d4e90000 - 0x00007ff6d4ec7000 	C:\Program Files\Java\jdk1.8.0_91\bin\java.exe
0x00007ffb07980000 - 0x00007ffb07b61000 	C:\WINDOWS\SYSTEM32\ntdll.dll
0x00007ffb073b0000 - 0x00007ffb07462000 	C:\WINDOWS\System32\KERNEL32.DLL
0x00007ffb04710000 - 0x00007ffb04983000 	C:\WINDOWS\System32\KERNELBASE.dll
0x00007ffb07740000 - 0x00007ffb077e1000 	C:\WINDOWS\System32\ADVAPI32.dll
0x00007ffb077f0000 - 0x00007ffb0788e000 	C:\WINDOWS\System32\msvcrt.dll
0x00007ffb078e0000 - 0x00007ffb0793b000 	C:\WINDOWS\System32\sechost.dll
0x00007ffb06460000 - 0x00007ffb06584000 	C:\WINDOWS\System32\RPCRT4.dll
0x00007ffb06670000 - 0x00007ffb06800000 	C:\WINDOWS\System32\USER32.dll
0x00007ffb03f40000 - 0x00007ffb03f60000 	C:\WINDOWS\System32\win32u.dll
0x00007ffb07890000 - 0x00007ffb078b8000 	C:\WINDOWS\System32\GDI32.dll
0x00007ffb049e0000 - 0x00007ffb04b72000 	C:\WINDOWS\System32\gdi32full.dll
0x00007ffb03f60000 - 0x00007ffb03fff000 	C:\WINDOWS\System32\msvcp_win.dll
0x00007ffb04c00000 - 0x00007ffb04cfa000 	C:\WINDOWS\System32\ucrtbase.dll
0x00007ffafbc90000 - 0x00007ffafbef9000 	C:\WINDOWS\WinSxS\amd64_microsoft.windows.common-controls_6595b64144ccf1df_6.0.17134.285_none_fb4297e330656775\COMCTL32.dll
0x00007ffb06ef0000 - 0x00007ffb07213000 	C:\WINDOWS\System32\combase.dll
0x00007ffb04b80000 - 0x00007ffb04bfa000 	C:\WINDOWS\System32\bcryptPrimitives.dll
0x00007ffb06ec0000 - 0x00007ffb06eed000 	C:\WINDOWS\System32\IMM32.DLL
0x000000006bb40000 - 0x000000006bc12000 	C:\Program Files\Java\jdk1.8.0_91\jre\bin\msvcr100.dll
0x000000006bc20000 - 0x000000006c4b3000 	C:\Program Files\Java\jdk1.8.0_91\jre\bin\server\jvm.dll
0x00007ffb07940000 - 0x00007ffb07948000 	C:\WINDOWS\System32\PSAPI.DLL
0x00007ffafce40000 - 0x00007ffafce63000 	C:\WINDOWS\SYSTEM32\WINMM.dll
0x00007ffb022f0000 - 0x00007ffb022f9000 	C:\WINDOWS\SYSTEM32\WSOCK32.dll
0x00007ffb07530000 - 0x00007ffb0759c000 	C:\WINDOWS\System32\WS2_32.dll
0x00007ffafaab0000 - 0x00007ffafaaba000 	C:\WINDOWS\SYSTEM32\VERSION.dll
0x00007ffafcd70000 - 0x00007ffafcd9a000 	C:\WINDOWS\SYSTEM32\winmmbase.dll
0x00007ffb04990000 - 0x00007ffb049d9000 	C:\WINDOWS\System32\cfgmgr32.dll
0x000000006c9d0000 - 0x000000006c9df000 	C:\Program Files\Java\jdk1.8.0_91\jre\bin\verify.dll
0x000000006bad0000 - 0x000000006baf9000 	C:\Program Files\Java\jdk1.8.0_91\jre\bin\java.dll
0x000000006c9b0000 - 0x000000006c9c6000 	C:\Program Files\Java\jdk1.8.0_91\jre\bin\zip.dll
0x00007ffb04ec0000 - 0x00007ffb06300000 	C:\WINDOWS\System32\SHELL32.dll
0x00007ffb04e10000 - 0x00007ffb04eb9000 	C:\WINDOWS\System32\shcore.dll
0x00007ffb04000000 - 0x00007ffb0470d000 	C:\WINDOWS\System32\windows.storage.dll
0x00007ffb06610000 - 0x00007ffb06661000 	C:\WINDOWS\System32\shlwapi.dll
0x00007ffb03d30000 - 0x00007ffb03d41000 	C:\WINDOWS\System32\kernel.appcore.dll
0x00007ffb03d10000 - 0x00007ffb03d2f000 	C:\WINDOWS\System32\profapi.dll
0x00007ffb03c90000 - 0x00007ffb03cdc000 	C:\WINDOWS\System32\powrprof.dll
0x00007ffb03ce0000 - 0x00007ffb03cea000 	C:\WINDOWS\System32\FLTLIB.DLL
0x000000006b8f0000 - 0x000000006ba88000 	C:\Program Files\Java\jdk1.8.0_91\jre\bin\awt.dll
0x00007ffb06820000 - 0x00007ffb068e2000 	C:\WINDOWS\System32\OLEAUT32.dll
0x00007ffb01ac0000 - 0x00007ffb01b4b000 	C:\WINDOWS\SYSTEM32\apphelp.dll
0x00007ffb02030000 - 0x00007ffb020c8000 	C:\WINDOWS\system32\uxtheme.dll
0x00007ffb068f0000 - 0x00007ffb06a65000 	C:\WINDOWS\System32\MSCTF.dll
0x00007ffb02400000 - 0x00007ffb02429000 	C:\WINDOWS\system32\dwmapi.dll
0x00007ffb06300000 - 0x00007ffb06451000 	C:\WINDOWS\System32\ole32.dll
0x000000006b8a0000 - 0x000000006b8e7000 	C:\Program Files\Java\jdk1.8.0_91\jre\bin\fontmanager.dll
0x000000006bab0000 - 0x000000006baca000 	C:\Program Files\Java\jdk1.8.0_91\jre\bin\net.dll
0x00007ffb034b0000 - 0x00007ffb03516000 	C:\WINDOWS\system32\mswsock.dll
0x000000006ba90000 - 0x000000006baa1000 	C:\Program Files\Java\jdk1.8.0_91\jre\bin\nio.dll
0x000000006b850000 - 0x000000006b892000 	C:\Program Files\Java\jdk1.8.0_91\jre\bin\t2k.dll
0x00007ffb07310000 - 0x00007ffb073b0000 	C:\WINDOWS\System32\clbcatq.dll
0x00007ffb01c10000 - 0x00007ffb01dbe000 	C:\WINDOWS\SYSTEM32\WindowsCodecs.dll
0x00007ffadc110000 - 0x00007ffadc168000 	C:\WINDOWS\system32\dataexchange.dll
0x00007ffb009e0000 - 0x00007ffb00ceb000 	C:\WINDOWS\system32\d3d11.dll
0x00007ffb012d0000 - 0x00007ffb0146c000 	C:\WINDOWS\system32\dcomp.dll
0x00007ffb02a50000 - 0x00007ffb02b0b000 	C:\WINDOWS\system32\dxgi.dll
0x00007ffb02460000 - 0x00007ffb02618000 	C:\WINDOWS\system32\twinapi.appcore.dll
0x00007ffb02430000 - 0x00007ffb02451000 	C:\WINDOWS\system32\RMCLIENT.dll
0x00007ffb03270000 - 0x00007ffb0332e000 	C:\WINDOWS\SYSTEM32\DNSAPI.dll
0x00007ffb06810000 - 0x00007ffb06818000 	C:\WINDOWS\System32\NSI.dll
0x00007ffb03230000 - 0x00007ffb03268000 	C:\WINDOWS\SYSTEM32\IPHLPAPI.DLL
0x00007ffafcf60000 - 0x00007ffafcf6a000 	C:\Windows\System32\rasadhlp.dll
0x00007ffafc400000 - 0x00007ffafc472000 	C:\WINDOWS\System32\fwpuclnt.dll
0x00007ffb03790000 - 0x00007ffb037b5000 	C:\WINDOWS\SYSTEM32\bcrypt.dll
0x00007ffaeb950000 - 0x00007ffaeb9e7000 	C:\WINDOWS\System32\TextInputFramework.dll
0x00007ffb01560000 - 0x00007ffb0163a000 	C:\WINDOWS\System32\CoreMessaging.dll
0x00007ffaeaf30000 - 0x00007ffaeb24e000 	C:\WINDOWS\System32\CoreUIComponents.dll
0x00007ffaffb00000 - 0x00007ffaffc4d000 	C:\WINDOWS\SYSTEM32\wintypes.dll
0x00007ffb02d80000 - 0x00007ffb02db1000 	C:\WINDOWS\SYSTEM32\ntmarta.dll
0x000000006b800000 - 0x000000006b82a000 	C:\Program Files\Java\jdk1.8.0_91\jre\bin\dcpr.dll

VM Arguments:
jvm_args: -Dfile.encoding=UTF-8 
java_command: bank.CreateContractInformation
java_class_path (initial): C:\Users\chris\Downloads\mysql-connector-java-5.1.46\mysql-connector-java-5.1.46\mysql-connector-java-5.1.46-bin.jar;C:\Program Files\NetBeans 8.2\ide\modules\ext\swingx-all-1.6.4.jar;C:\Users\chris\Downloads\jcalendar-1.4.jar\jcalendar-1.4.jar;C:\Users\chris\Downloads\Bank files\Banking Management System Resources & Database\JTattoo-1.6.11.jar;C:\Users\chris\Downloads\1479947884_PlaceHolder\PlaceHolder.jar;C:\Users\chris\Downloads\poi-bin-3.17-20170915\poi-3.17\poi-ooxml-3.17.jar;C:\Users\chris\Downloads\poi-bin-3.17-20170915\poi-3.17\poi-3.17.jar;C:\Users\chris\Downloads\poi-bin-3.17-20170915\poi-3.17\ooxml-lib\xmlbeans-2.6.0.jar;C:\Users\chris\Downloads\poi-bin-3.17-20170915\poi-3.17\ooxml-lib\curvesapi-1.04.jar;C:\Users\chris\Downloads\poi-bin-3.17-20170915\poi-3.17\poi-examples-3.17.jar;C:\Users\chris\Downloads\poi-bin-3.17-20170915\poi-3.17\poi-excelant-3.17.jar;C:\Users\chris\Downloads\poi-bin-3.17-20170915\poi-3.17\poi-ooxml-schemas-3.17.jar;C:\Users\chris\Downloads\poi-bin-3.17-20170915\poi-3.17\poi-scratchpad-3.17.jar;C:\Users\chris\Downloads\commons-collections4-4.1.jar;C:\Users\chris\Desktop\Java Projects\Banking\build\classes
Launcher Type: SUN_STANDARD

Environment Variables:
PATH=C:\ProgramData\Oracle\Java\javapath;C:\Program Files (x86)\Intel\iCLS Client\;C:\Program Files\Intel\iCLS Client\;C:\WINDOWS\system32;C:\WINDOWS;C:\WINDOWS\System32\Wbem;C:\WINDOWS\System32\WindowsPowerShell\v1.0\;C:\Program Files (x86)\Intel\Intel(R) Management Engine Components\DAL;C:\Program Files\Intel\Intel(R) Management Engine Components\DAL;C:\Program Files (x86)\Intel\Intel(R) Management Engine Components\IPT;C:\Program Files\Intel\Intel(R) Management Engine Components\IPT;C:\Program Files\Microsoft SQL Server\130\Tools\Binn\;C:\Program Files\Microsoft\Web Platform Installer\;C:\Program Files\dotnet\;C:\Program Files\Git\cmd;C:\Program Files\nodejs\;C:\Program Files\PuTTY\;C:\Program Files (x86)\Yarn\bin;C:\Program Files\MySQL\MySQL Server 8.0\bin;C:\WINDOWS\System32\OpenSSH\;C:\Program Files\Intel\WiFi\bin\;C:\Program Files\Common Files\Intel\WirelessCommon\;C:\maven\apache-maven-3.5.4\bin;;C:\Program Files\Microsoft VS Code\bin;C:\Users\chris\AppData\Local\Microsoft\WindowsApps;C:\Users\chris\AppData\Roaming\npm;C:\mongodb\bin;C:\Users\chris\AppData\Local\Yarn\bin;C:\Program Files\Microsoft VS Code\bin;C:\Users\chris\AppData\Local\atom\bin;%USERPROFILE%\AppData\Local\Microsoft\WindowsApps;
USERNAME=chris
OS=Windows_NT
PROCESSOR_IDENTIFIER=Intel64 Family 6 Model 78 Stepping 3, GenuineIntel



---------------  S Y S T E M  ---------------

OS: Windows 10.0 , 64 bit Build 17134 (10.0.17134.1)

CPU:total 4 (2 cores per cpu, 2 threads per core) family 6 model 78 stepping 3, cmov, cx8, fxsr, mmx, sse, sse2, sse3, ssse3, sse4.1, sse4.2, popcnt, avx, avx2, aes, clmul, erms, 3dnowpref, lzcnt, ht, tsc, tscinvbit, bmi1, bmi2, adx

Memory: 4k page, physical 8276896k(1145320k free), swap 8276896k(5796k free)

vm_info: Java HotSpot(TM) 64-Bit Server VM (25.91-b14) for windows-amd64 JRE (1.8.0_91-b14), built on Apr  1 2016 00:58:32 by "java_re" with MS VC++ 10.0 (VS2010)

time: Tue Sep 18 14:02:49 2018
elapsed time: 1 seconds (0d 0h 0m 1s)

