#
# There is insufficient memory for the Java Runtime Environment to continue.
# Native memory allocation (malloc) failed to allocate 65552 bytes for Chunk::new
# Possible reasons:
#   The system is out of physical RAM or swap space
#   In 32 bit mode, the process size limit was hit
# Possible solutions:
#   Reduce memory load on the system
#   Increase physical memory or swap space
#   Check if swap backing store is full
#   Use 64 bit Java on a 64 bit OS
#   Decrease Java heap size (-Xmx/-Xms)
#   Decrease number of Java threads
#   Decrease Java thread stack sizes (-Xss)
#   Set larger code cache with -XX:ReservedCodeCacheSize=
# This output file may be truncated or incomplete.
#
#  Out of Memory Error (allocation.cpp:390), pid=10768, tid=16968
#
# JRE version: Java(TM) SE Runtime Environment (8.0_91-b14) (build 1.8.0_91-b14)
# Java VM: Java HotSpot(TM) 64-Bit Server VM (25.91-b14 mixed mode windows-amd64 compressed oops)
# Failed to write core dump. Minidumps are not enabled by default on client versions of Windows
#

---------------  T H R E A D  ---------------

Current thread (0x0000000017966000):  JavaThread "C2 CompilerThread1" daemon [_thread_in_native, id=16968, stack(0x00000000190b0000,0x00000000191b0000)]

Stack: [0x00000000190b0000,0x00000000191b0000]
[error occurred during error reporting (printing stack bounds), id 0xc0000005]

Native frames: (J=compiled Java code, j=interpreted, Vv=VM code, C=native code)


Current CompileTask:
C2: 231042 3127   !   4       java.awt.EventQueue::getNextEvent (84 bytes)


---------------  P R O C E S S  ---------------

Java Threads: ( => current thread )
  0x000000001bbbf000 JavaThread "Abandoned connection cleanup thread" daemon [_thread_blocked, id=13952, stack(0x000000001d0b0000,0x000000001d1b0000)]
  0x0000000019d35000 JavaThread "TimerQueue" daemon [_thread_blocked, id=11116, stack(0x000000001b2b0000,0x000000001b3b0000)]
  0x0000000002cad800 JavaThread "DestroyJavaVM" [_thread_blocked, id=13596, stack(0x0000000002b30000,0x0000000002c30000)]
  0x0000000019a77000 JavaThread "AWT-EventQueue-0" [_thread_blocked, id=14284, stack(0x000000001adb0000,0x000000001aeb0000)]
  0x0000000019a33000 JavaThread "AWT-Windows" daemon [_thread_in_native, id=6240, stack(0x000000001a3f0000,0x000000001a4f0000)]
  0x0000000019a32800 JavaThread "AWT-Shutdown" [_thread_blocked, id=11268, stack(0x000000001a2f0000,0x000000001a3f0000)]
  0x0000000019698000 JavaThread "Java2D Disposer" daemon [_thread_blocked, id=4204, stack(0x000000001a1f0000,0x000000001a2f0000)]
  0x00000000179be800 JavaThread "Service Thread" daemon [_thread_blocked, id=7392, stack(0x00000000196b0000,0x00000000197b0000)]
  0x000000001796b000 JavaThread "C1 CompilerThread2" daemon [_thread_blocked, id=15332, stack(0x00000000191b0000,0x00000000192b0000)]
=>0x0000000017966000 JavaThread "C2 CompilerThread1" daemon [_thread_in_native, id=16968, stack(0x00000000190b0000,0x00000000191b0000)]
  0x000000001795f000 JavaThread "C2 CompilerThread0" daemon [_thread_in_native, id=10620, stack(0x0000000018fb0000,0x00000000190b0000)]
  0x000000001795d000 JavaThread "Attach Listener" daemon [_thread_blocked, id=9712, stack(0x0000000018eb0000,0x0000000018fb0000)]
  0x000000001795b800 JavaThread "Signal Dispatcher" daemon [_thread_blocked, id=1968, stack(0x0000000018db0000,0x0000000018eb0000)]
  0x000000001794a800 JavaThread "Finalizer" daemon [_thread_blocked, id=7572, stack(0x0000000018bc0000,0x0000000018cc0000)]
  0x0000000017929000 JavaThread "Reference Handler" daemon [_thread_blocked, id=12260, stack(0x0000000018ac0000,0x0000000018bc0000)]

Other Threads:
  0x0000000017927800 VMThread [stack: 0x00000000189c0000,0x0000000018ac0000] [id=15908]
  0x00000000192ef000 WatcherThread [stack: 0x00000000197b0000,0x00000000198b0000] [id=14852]

VM state:not at safepoint (normal execution)

VM Mutex/Monitor currently owned by a thread: None

Heap:
 PSYoungGen      total 38400K, used 30032K [0x00000000d5e00000, 0x00000000d8880000, 0x0000000100000000)
  eden space 33280K, 74% used [0x00000000d5e00000,0x00000000d76582d0,0x00000000d7e80000)
  from space 5120K, 99% used [0x00000000d8380000,0x00000000d887bff0,0x00000000d8880000)
  to   space 5120K, 0% used [0x00000000d7e80000,0x00000000d7e80000,0x00000000d8380000)
 ParOldGen       total 87552K, used 13763K [0x0000000081a00000, 0x0000000086f80000, 0x00000000d5e00000)
  object space 87552K, 15% used [0x0000000081a00000,0x0000000082770e20,0x0000000086f80000)
 Metaspace       used 18974K, capacity 19142K, committed 19328K, reserved 1067008K
  class space    used 2255K, capacity 2339K, committed 2432K, reserved 1048576K

Card table byte_map: [0x00000000121e0000,0x00000000125e0000] byte_map_base: 0x0000000011dd3000

Marking Bits: (ParMarkBitMap*) 0x000000006ee92f70
 Begin Bits: [0x0000000012c90000, 0x0000000014c28000)
 End Bits:   [0x0000000014c28000, 0x0000000016bc0000)

Polling page: 0x00000000009f0000

CodeCache: size=245760Kb used=9758Kb max_used=10152Kb free=236001Kb
 bounds [0x0000000002e20000, 0x0000000003820000, 0x0000000011e20000]
 total_blobs=3546 nmethods=2955 adapters=500
 compilation: enabled

Compilation events (10 events):
Event: 121.623 Thread 0x000000001796b000 3122       3       java.net.URL::<init> (8 bytes)
Event: 121.624 Thread 0x000000001796b000 nmethod 3122 0x0000000002f67210 code [0x0000000002f67380, 0x0000000002f67508]
Event: 181.628 Thread 0x000000001796b000 3124       1       java.net.URL::getUserInfo (5 bytes)
Event: 181.628 Thread 0x000000001796b000 nmethod 3124 0x0000000003137290 code [0x00000000031373e0, 0x00000000031374f0]
Event: 230.715 Thread 0x000000001795f000 3125       4       sun.awt.SunToolkit::targetToAppContext (30 bytes)
Event: 230.716 Thread 0x0000000017966000 3126       4       java.util.IdentityHashMap::isEmpty (13 bytes)
Event: 230.717 Thread 0x0000000017966000 nmethod 3126 0x00000000030b4d10 code [0x00000000030b4e40, 0x00000000030b4eb8]
Event: 230.733 Thread 0x000000001795f000 nmethod 3125 0x000000000320fcd0 code [0x000000000320fea0, 0x00000000032108f0]
Event: 230.938 Thread 0x0000000017966000 3127   !   4       java.awt.EventQueue::getNextEvent (84 bytes)
Event: 230.938 Thread 0x000000001795f000 3128   !   4       java.awt.EventDispatchThread::pumpOneEventForFilters (295 bytes)

GC Heap History (4 events):
Event: 26.181 GC heap before
{Heap before GC invocations=1 (full 0):
 PSYoungGen      total 38400K, used 33280K [0x00000000d5e00000, 0x00000000d8880000, 0x0000000100000000)
  eden space 33280K, 100% used [0x00000000d5e00000,0x00000000d7e80000,0x00000000d7e80000)
  from space 5120K, 0% used [0x00000000d8380000,0x00000000d8380000,0x00000000d8880000)
  to   space 5120K, 0% used [0x00000000d7e80000,0x00000000d7e80000,0x00000000d8380000)
 ParOldGen       total 87552K, used 0K [0x0000000081a00000, 0x0000000086f80000, 0x00000000d5e00000)
  object space 87552K, 0% used [0x0000000081a00000,0x0000000081a00000,0x0000000086f80000)
 Metaspace       used 17617K, capacity 17842K, committed 18176K, reserved 1064960K
  class space    used 2132K, capacity 2207K, committed 2304K, reserved 1048576K
Event: 26.203 GC heap after
Heap after GC invocations=1 (full 0):
 PSYoungGen      total 38400K, used 5119K [0x00000000d5e00000, 0x00000000d8880000, 0x0000000100000000)
  eden space 33280K, 0% used [0x00000000d5e00000,0x00000000d5e00000,0x00000000d7e80000)
  from space 5120K, 99% used [0x00000000d7e80000,0x00000000d837ffe0,0x00000000d8380000)
  to   space 5120K, 0% used [0x00000000d8380000,0x00000000d8380000,0x00000000d8880000)
 ParOldGen       total 87552K, used 6010K [0x0000000081a00000, 0x0000000086f80000, 0x00000000d5e00000)
  object space 87552K, 6% used [0x0000000081a00000,0x0000000081fde980,0x0000000086f80000)
 Metaspace       used 17617K, capacity 17842K, committed 18176K, reserved 1064960K
  class space    used 2132K, capacity 2207K, committed 2304K, reserved 1048576K
}
Event: 53.870 GC heap before
{Heap before GC invocations=2 (full 0):
 PSYoungGen      total 38400K, used 38399K [0x00000000d5e00000, 0x00000000d8880000, 0x0000000100000000)
  eden space 33280K, 100% used [0x00000000d5e00000,0x00000000d7e80000,0x00000000d7e80000)
  from space 5120K, 99% used [0x00000000d7e80000,0x00000000d837ffe0,0x00000000d8380000)
  to   space 5120K, 0% used [0x00000000d8380000,0x00000000d8380000,0x00000000d8880000)
 ParOldGen       total 87552K, used 6010K [0x0000000081a00000, 0x0000000086f80000, 0x00000000d5e00000)
  object space 87552K, 6% used [0x0000000081a00000,0x0000000081fde980,0x0000000086f80000)
 Metaspace       used 18393K, capacity 18592K, committed 18688K, reserved 1064960K
  class space    used 2182K, capacity 2240K, committed 2304K, reserved 1048576K
Event: 53.880 GC heap after
Heap after GC invocations=2 (full 0):
 PSYoungGen      total 38400K, used 5103K [0x00000000d5e00000, 0x00000000d8880000, 0x0000000100000000)
  eden space 33280K, 0% used [0x00000000d5e00000,0x00000000d5e00000,0x00000000d7e80000)
  from space 5120K, 99% used [0x00000000d8380000,0x00000000d887bff0,0x00000000d8880000)
  to   space 5120K, 0% used [0x00000000d7e80000,0x00000000d7e80000,0x00000000d8380000)
 ParOldGen       total 87552K, used 13763K [0x0000000081a00000, 0x0000000086f80000, 0x00000000d5e00000)
  object space 87552K, 15% used [0x0000000081a00000,0x0000000082770e20,0x0000000086f80000)
 Metaspace       used 18393K, capacity 18592K, committed 18688K, reserved 1064960K
  class space    used 2182K, capacity 2240K, committed 2304K, reserved 1048576K
}

Deoptimization events (10 events):
Event: 65.653 Thread 0x0000000019a77000 Uncommon trap: reason=unstable_if action=reinterpret pc=0x00000000037abef4 method=javax.swing.JButton.isDefaultButton()Z @ 14
Event: 65.669 Thread 0x0000000019a77000 Uncommon trap: reason=unstable_if action=reinterpret pc=0x000000000370c240 method=sun.java2d.SunGraphics2D.hitClip(IIII)Z @ 6
Event: 65.669 Thread 0x0000000019a77000 Uncommon trap: reason=class_check action=maybe_recompile pc=0x0000000003498fb4 method=javax.swing.UIDefaults.getFromHashtable(Ljava/lang/Object;)Ljava/lang/Object; @ 122
Event: 68.034 Thread 0x0000000019a77000 Uncommon trap: reason=unstable_if action=reinterpret pc=0x00000000036767c4 method=java.awt.EventQueue.getPriority(Ljava/awt/AWTEvent;)I @ 4
Event: 68.034 Thread 0x0000000019a77000 Uncommon trap: reason=unstable_if action=reinterpret pc=0x00000000036ae87c method=java.awt.EventQueue.eventToCacheIndex(Ljava/awt/AWTEvent;)I @ 71
Event: 68.036 Thread 0x0000000019a77000 Uncommon trap: reason=unstable_if action=reinterpret pc=0x00000000037bac68 method=java.awt.EventQueue.eventToCacheIndex(Ljava/awt/AWTEvent;)I @ 71
Event: 73.577 Thread 0x0000000019a77000 Uncommon trap: reason=class_check action=maybe_recompile pc=0x00000000037c3f0c method=java.util.Collections$UnmodifiableCollection.contains(Ljava/lang/Object;)Z @ 5
Event: 73.577 Thread 0x0000000019a77000 Uncommon trap: reason=class_check action=maybe_recompile pc=0x00000000037c3f0c method=java.util.Collections$UnmodifiableCollection.contains(Ljava/lang/Object;)Z @ 5
Event: 73.577 Thread 0x0000000019a77000 Uncommon trap: reason=class_check action=maybe_recompile pc=0x00000000037c3f0c method=java.util.Collections$UnmodifiableCollection.contains(Ljava/lang/Object;)Z @ 5
Event: 73.577 Thread 0x0000000019a77000 Uncommon trap: reason=class_check action=maybe_recompile pc=0x00000000037c3f0c method=java.util.Collections$UnmodifiableCollection.contains(Ljava/lang/Object;)Z @ 5

Internal exceptions (10 events):
Event: 0.366 Thread 0x0000000002cad800 Exception <a 'java/lang/ClassNotFoundException': Tree> (0x00000000d6265b98) thrown at [C:\re\workspace\8-2-build-windows-amd64-cygwin\jdk8u91\6644\hotspot\src\share\vm\classfile\systemDictionary.cpp, line 210]
Event: 0.366 Thread 0x0000000002cad800 Exception <a 'java/lang/ClassNotFoundException': javax/swing/JTreeCell> (0x00000000d6265f18) thrown at [C:\re\workspace\8-2-build-windows-amd64-cygwin\jdk8u91\6644\hotspot\src\share\vm\classfile\systemDictionary.cpp, line 210]
Event: 0.366 Thread 0x0000000002cad800 Exception <a 'java/lang/ClassNotFoundException': TreeCell> (0x00000000d62663a0) thrown at [C:\re\workspace\8-2-build-windows-amd64-cygwin\jdk8u91\6644\hotspot\src\share\vm\classfile\systemDictionary.cpp, line 210]
Event: 0.367 Thread 0x0000000002cad800 Exception <a 'java/lang/ClassNotFoundException': RootPane> (0x00000000d6266e00) thrown at [C:\re\workspace\8-2-build-windows-amd64-cygwin\jdk8u91\6644\hotspot\src\share\vm\classfile\systemDictionary.cpp, line 210]
Event: 1.313 Thread 0x0000000019dff800 Implicit null exception at 0x00000000031dbc29 to 0x00000000031ddca1
Event: 1.332 Thread 0x0000000019dff800 Implicit null exception at 0x000000000316fd7d to 0x00000000031700f5
Event: 2.398 Thread 0x0000000019a77000 Implicit null exception at 0x0000000003293b2c to 0x0000000003297061
Event: 78.972 Thread 0x0000000019a77000 Exception <a 'java/lang/NullPointerException'> (0x00000000d75ca820) thrown at [C:\re\workspace\8-2-build-windows-amd64-cygwin\jdk8u91\6644\hotspot\src\share\vm\interpreter\linkResolver.cpp, line 1178]
Event: 78.972 Thread 0x0000000019a77000 Exception <a 'java/lang/NullPointerException'> (0x00000000d75ca820) thrown at [C:\re\workspace\8-2-build-windows-amd64-cygwin\jdk8u91\6644\hotspot\src\share\vm\prims\jvm.cpp, line 1390]
Event: 78.972 Thread 0x0000000019a77000 Exception <a 'java/lang/NullPointerException'> (0x00000000d75ca820) thrown at [C:\re\workspace\8-2-build-windows-amd64-cygwin\jdk8u91\6644\hotspot\src\share\vm\prims\jvm.cpp, line 1390]

Events (10 events):
Event: 78.958 Thread 0x000000001796b000 flushing nmethod 0x0000000003357590
Event: 78.958 Thread 0x000000001796b000 flushing nmethod 0x000000000338f6d0
Event: 78.958 Thread 0x000000001796b000 flushing nmethod 0x0000000003393dd0
Event: 78.958 Thread 0x000000001796b000 flushing nmethod 0x000000000339f5d0
Event: 78.964 loading class bank/Loan_Account_Info
Event: 78.964 loading class bank/Loan_Account_Info done
Event: 78.972 loading class java/lang/Throwable$WrappedPrintStream
Event: 78.973 loading class java/lang/Throwable$WrappedPrintStream done
Event: 230.716 Executing VM operation: BulkRevokeBias
Event: 230.716 Executing VM operation: BulkRevokeBias done


Dynamic libraries:
0x00007ff755500000 - 0x00007ff755537000 	C:\Program Files\Java\jdk1.8.0_91\bin\java.exe
0x00007ffe24c00000 - 0x00007ffe24de1000 	C:\WINDOWS\SYSTEM32\ntdll.dll
0x00007ffe220a0000 - 0x00007ffe22152000 	C:\WINDOWS\System32\KERNEL32.DLL
0x00007ffe21660000 - 0x00007ffe218d3000 	C:\WINDOWS\System32\KERNELBASE.dll
0x00007ffe229c0000 - 0x00007ffe22a61000 	C:\WINDOWS\System32\ADVAPI32.dll
0x00007ffe22920000 - 0x00007ffe229be000 	C:\WINDOWS\System32\msvcrt.dll
0x00007ffe23280000 - 0x00007ffe232db000 	C:\WINDOWS\System32\sechost.dll
0x00007ffe23140000 - 0x00007ffe23264000 	C:\WINDOWS\System32\RPCRT4.dll
0x00007ffe22560000 - 0x00007ffe226f0000 	C:\WINDOWS\System32\USER32.dll
0x00007ffe20fd0000 - 0x00007ffe20ff0000 	C:\WINDOWS\System32\win32u.dll
0x00007ffe24a50000 - 0x00007ffe24a78000 	C:\WINDOWS\System32\GDI32.dll
0x00007ffe21440000 - 0x00007ffe215d2000 	C:\WINDOWS\System32\gdi32full.dll
0x00007ffe218e0000 - 0x00007ffe2197f000 	C:\WINDOWS\System32\msvcp_win.dll
0x00007ffe20ff0000 - 0x00007ffe210ea000 	C:\WINDOWS\System32\ucrtbase.dll
0x00007ffe15880000 - 0x00007ffe15ae9000 	C:\WINDOWS\WinSxS\amd64_microsoft.windows.common-controls_6595b64144ccf1df_6.0.17134.228_none_fb4599993062b194\COMCTL32.dll
0x00007ffe232e0000 - 0x00007ffe23603000 	C:\WINDOWS\System32\combase.dll
0x00007ffe215e0000 - 0x00007ffe2165a000 	C:\WINDOWS\System32\bcryptPrimitives.dll
0x00007ffe227e0000 - 0x00007ffe2280d000 	C:\WINDOWS\System32\IMM32.DLL
0x000000006e5a0000 - 0x000000006e672000 	C:\Program Files\Java\jdk1.8.0_91\jre\bin\msvcr100.dll
0x000000006e680000 - 0x000000006ef13000 	C:\Program Files\Java\jdk1.8.0_91\jre\bin\server\jvm.dll
0x00007ffe22460000 - 0x00007ffe22468000 	C:\WINDOWS\System32\PSAPI.DLL
0x00007ffe1d9b0000 - 0x00007ffe1d9d3000 	C:\WINDOWS\SYSTEM32\WINMM.dll
0x00007ffe12a90000 - 0x00007ffe12a9a000 	C:\WINDOWS\SYSTEM32\VERSION.dll
0x00007ffe1fb20000 - 0x00007ffe1fb29000 	C:\WINDOWS\SYSTEM32\WSOCK32.dll
0x00007ffe22470000 - 0x00007ffe224dc000 	C:\WINDOWS\System32\WS2_32.dll
0x00007ffe1d8f0000 - 0x00007ffe1d91a000 	C:\WINDOWS\SYSTEM32\winmmbase.dll
0x00007ffe21340000 - 0x00007ffe21389000 	C:\WINDOWS\System32\cfgmgr32.dll
0x000000006e550000 - 0x000000006e55f000 	C:\Program Files\Java\jdk1.8.0_91\jre\bin\verify.dll
0x000000006e520000 - 0x000000006e549000 	C:\Program Files\Java\jdk1.8.0_91\jre\bin\java.dll
0x000000006e500000 - 0x000000006e516000 	C:\Program Files\Java\jdk1.8.0_91\jre\bin\zip.dll
0x00007ffe23610000 - 0x00007ffe24a50000 	C:\WINDOWS\System32\SHELL32.dll
0x00007ffe22870000 - 0x00007ffe22919000 	C:\WINDOWS\System32\shcore.dll
0x00007ffe21980000 - 0x00007ffe2208d000 	C:\WINDOWS\System32\windows.storage.dll
0x00007ffe224e0000 - 0x00007ffe22531000 	C:\WINDOWS\System32\shlwapi.dll
0x00007ffe20fb0000 - 0x00007ffe20fc1000 	C:\WINDOWS\System32\kernel.appcore.dll
0x00007ffe20f30000 - 0x00007ffe20f4f000 	C:\WINDOWS\System32\profapi.dll
0x00007ffe20f60000 - 0x00007ffe20fac000 	C:\WINDOWS\System32\powrprof.dll
0x00007ffe20f50000 - 0x00007ffe20f5a000 	C:\WINDOWS\System32\FLTLIB.DLL
0x000000006e320000 - 0x000000006e4b8000 	C:\Program Files\Java\jdk1.8.0_91\jre\bin\awt.dll
0x00007ffe24a80000 - 0x00007ffe24b42000 	C:\WINDOWS\System32\OLEAUT32.dll
0x00007ffe1efa0000 - 0x00007ffe1f02b000 	C:\WINDOWS\SYSTEM32\apphelp.dll
0x00007ffe1f200000 - 0x00007ffe1f298000 	C:\WINDOWS\system32\uxtheme.dll
0x00007ffe22ec0000 - 0x00007ffe23035000 	C:\WINDOWS\System32\MSCTF.dll
0x00007ffe1f2e0000 - 0x00007ffe1f309000 	C:\WINDOWS\system32\dwmapi.dll
0x00007ffe22300000 - 0x00007ffe22451000 	C:\WINDOWS\System32\ole32.dll
0x000000006e2d0000 - 0x000000006e317000 	C:\Program Files\Java\jdk1.8.0_91\jre\bin\fontmanager.dll
0x000000006e4e0000 - 0x000000006e4fa000 	C:\Program Files\Java\jdk1.8.0_91\jre\bin\net.dll
0x00007ffe20730000 - 0x00007ffe20796000 	C:\WINDOWS\system32\mswsock.dll
0x000000006e4c0000 - 0x000000006e4d1000 	C:\Program Files\Java\jdk1.8.0_91\jre\bin\nio.dll
0x000000006e280000 - 0x000000006e2c2000 	C:\Program Files\Java\jdk1.8.0_91\jre\bin\t2k.dll
0x00007ffe230a0000 - 0x00007ffe23140000 	C:\WINDOWS\System32\clbcatq.dll
0x00007ffe1cb80000 - 0x00007ffe1cd2e000 	C:\WINDOWS\SYSTEM32\WindowsCodecs.dll
0x00007ffe02b20000 - 0x00007ffe02b78000 	C:\WINDOWS\system32\dataexchange.dll
0x00007ffe1df20000 - 0x00007ffe1e22b000 	C:\WINDOWS\system32\d3d11.dll
0x00007ffe1e820000 - 0x00007ffe1e9bc000 	C:\WINDOWS\system32\dcomp.dll
0x00007ffe1fcd0000 - 0x00007ffe1fd8b000 	C:\WINDOWS\system32\dxgi.dll
0x00007ffe1f3f0000 - 0x00007ffe1f5a8000 	C:\WINDOWS\system32\twinapi.appcore.dll
0x00007ffe1f5b0000 - 0x00007ffe1f5d1000 	C:\WINDOWS\system32\RMCLIENT.dll
0x00007ffe204f0000 - 0x00007ffe205ae000 	C:\WINDOWS\SYSTEM32\DNSAPI.dll
0x00007ffe23270000 - 0x00007ffe23278000 	C:\WINDOWS\System32\NSI.dll
0x00007ffe204b0000 - 0x00007ffe204e8000 	C:\WINDOWS\SYSTEM32\IPHLPAPI.DLL
0x00007ffe153d0000 - 0x00007ffe153da000 	C:\Windows\System32\rasadhlp.dll
0x00007ffe153e0000 - 0x00007ffe15452000 	C:\WINDOWS\System32\fwpuclnt.dll
0x00007ffe20a10000 - 0x00007ffe20a35000 	C:\WINDOWS\SYSTEM32\bcrypt.dll
0x00007ffe03200000 - 0x00007ffe03297000 	C:\WINDOWS\System32\TextInputFramework.dll
0x00007ffe1c200000 - 0x00007ffe1c51e000 	C:\WINDOWS\System32\CoreUIComponents.dll
0x00007ffe1ed00000 - 0x00007ffe1edda000 	C:\WINDOWS\System32\CoreMessaging.dll
0x00007ffe20000000 - 0x00007ffe20031000 	C:\WINDOWS\SYSTEM32\ntmarta.dll
0x00007ffe1bf30000 - 0x00007ffe1c07d000 	C:\WINDOWS\SYSTEM32\wintypes.dll
0x000000006e230000 - 0x000000006e25a000 	C:\Program Files\Java\jdk1.8.0_91\jre\bin\dcpr.dll

VM Arguments:
jvm_args: -Dfile.encoding=UTF-8 
java_command: bank.CreateContractInformation
java_class_path (initial): C:\Users\chris\Downloads\mysql-connector-java-5.1.46\mysql-connector-java-5.1.46\mysql-connector-java-5.1.46-bin.jar;C:\Program Files\NetBeans 8.2\ide\modules\ext\swingx-all-1.6.4.jar;C:\Users\chris\Downloads\jcalendar-1.4.jar\jcalendar-1.4.jar;C:\Users\chris\Downloads\Bank files\Banking Management System Resources & Database\JTattoo-1.6.11.jar;C:\Users\chris\Downloads\1479947884_PlaceHolder\PlaceHolder.jar;C:\Users\chris\Downloads\poi-bin-3.17-20170915\poi-3.17\poi-ooxml-3.17.jar;C:\Users\chris\Downloads\poi-bin-3.17-20170915\poi-3.17\poi-3.17.jar;C:\Users\chris\Downloads\poi-bin-3.17-20170915\poi-3.17\ooxml-lib\xmlbeans-2.6.0.jar;C:\Users\chris\Downloads\poi-bin-3.17-20170915\poi-3.17\ooxml-lib\curvesapi-1.04.jar;C:\Users\chris\Downloads\poi-bin-3.17-20170915\poi-3.17\poi-examples-3.17.jar;C:\Users\chris\Downloads\poi-bin-3.17-20170915\poi-3.17\poi-excelant-3.17.jar;C:\Users\chris\Downloads\poi-bin-3.17-20170915\poi-3.17\poi-ooxml-schemas-3.17.jar;C:\Users\chris\Downloads\poi-bin-3.17-20170915\poi-3.17\poi-scratchpad-3.17.jar;C:\Users\chris\Downloads\commons-collections4-4.1.jar;C:\Users\chris\Desktop\Java Projects\Banking\build\classes
Launcher Type: SUN_STANDARD

Environment Variables:
PATH=C:\ProgramData\Oracle\Java\javapath;C:\Program Files (x86)\Intel\iCLS Client\;C:\Program Files\Intel\iCLS Client\;C:\WINDOWS\system32;C:\WINDOWS;C:\WINDOWS\System32\Wbem;C:\WINDOWS\System32\WindowsPowerShell\v1.0\;C:\Program Files (x86)\Intel\Intel(R) Management Engine Components\DAL;C:\Program Files\Intel\Intel(R) Management Engine Components\DAL;C:\Program Files (x86)\Intel\Intel(R) Management Engine Components\IPT;C:\Program Files\Intel\Intel(R) Management Engine Components\IPT;C:\Program Files\Microsoft SQL Server\130\Tools\Binn\;C:\Program Files\Microsoft\Web Platform Installer\;C:\Program Files\dotnet\;C:\Program Files\Git\cmd;C:\Program Files\nodejs\;C:\Program Files\PuTTY\;C:\Program Files (x86)\Yarn\bin;C:\Program Files\MySQL\MySQL Server 8.0\bin;C:\WINDOWS\System32\OpenSSH\;C:\Program Files\Intel\WiFi\bin\;C:\Program Files\Common Files\Intel\WirelessCommon\;C:\maven\apache-maven-3.5.4\bin;;C:\Program Files\Microsoft VS Code\bin;C:\Users\chris\AppData\Local\Microsoft\WindowsApps;C:\Users\chris\AppData\Roaming\npm;C:\mongodb\bin;C:\Users\chris\AppData\Local\Yarn\bin;C:\Program Files\Microsoft VS Code\bin;C:\Users\chris\AppData\Local\atom\bin;%USERPROFILE%\AppData\Local\Microsoft\WindowsApps;
USERNAME=chris
OS=Windows_NT
PROCESSOR_IDENTIFIER=Intel64 Family 6 Model 78 Stepping 3, GenuineIntel



---------------  S Y S T E M  ---------------

OS: Windows 10.0 , 64 bit Build 17134 (10.0.17134.1)

CPU:total 4 (2 cores per cpu, 2 threads per core) family 6 model 78 stepping 3, cmov, cx8, fxsr, mmx, sse, sse2, sse3, ssse3, sse4.1, sse4.2, popcnt, avx, avx2, aes, clmul, erms, 3dnowpref, lzcnt, ht, tsc, tscinvbit, bmi1, bmi2, adx

Memory: 4k page, physical 8276896k(1085640k free), swap 8276896k(5636k free)

vm_info: Java HotSpot(TM) 64-Bit Server VM (25.91-b14) for windows-amd64 JRE (1.8.0_91-b14), built on Apr  1 2016 00:58:32 by "java_re" with MS VC++ 10.0 (VS2010)

time: Mon Sep 03 16:23:26 2018
elapsed time: 230 seconds (0d 0h 3m 50s)

