#
# There is insufficient memory for the Java Runtime Environment to continue.
# Native memory allocation (malloc) failed to allocate 1048576 bytes for AllocateHeap
# Possible reasons:
#   The system is out of physical RAM or swap space
#   In 32 bit mode, the process size limit was hit
# Possible solutions:
#   Reduce memory load on the system
#   Increase physical memory or swap space
#   Check if swap backing store is full
#   Use 64 bit Java on a 64 bit OS
#   Decrease Java heap size (-Xmx/-Xms)
#   Decrease number of Java threads
#   Decrease Java thread stack sizes (-Xss)
#   Set larger code cache with -XX:ReservedCodeCacheSize=
# This output file may be truncated or incomplete.
#
#  Out of Memory Error (memory/allocation.inline.hpp:61), pid=1496, tid=0x0000000000003cac
#
# JRE version:  (8.0_191-b12) (build )
# Java VM: Java HotSpot(TM) 64-Bit Server VM (25.191-b12 mixed mode windows-amd64 compressed oops)
# Failed to write core dump. Minidumps are not enabled by default on client versions of Windows
#

---------------  T H R E A D  ---------------

Current thread (0x00000000029e2800):  JavaThread "Unknown thread" [_thread_in_vm, id=15532, stack(0x00000000028e0000,0x00000000029e0000)]

Stack: [0x00000000028e0000,0x00000000029e0000]
[error occurred during error reporting (printing stack bounds), id 0xc0000005]

Native frames: (J=compiled Java code, j=interpreted, Vv=VM code, C=native code)


---------------  P R O C E S S  ---------------

Java Threads: ( => current thread )

Other Threads:

=>0x00000000029e2800 (exited) JavaThread "Unknown thread" [_thread_in_vm, id=15532, stack(0x00000000028e0000,0x00000000029e0000)]

VM state:not at safepoint (normal execution)

VM Mutex/Monitor currently owned by a thread: None

Heap:
 PSYoungGen      total 38400K, used 665K [0x00000000d5e00000, 0x00000000d8880000, 0x0000000100000000)
  eden space 33280K, 2% used [0x00000000d5e00000,0x00000000d5ea6670,0x00000000d7e80000)
  from space 5120K, 0% used [0x00000000d8380000,0x00000000d8380000,0x00000000d8880000)
  to   space 5120K, 0% used [0x00000000d7e80000,0x00000000d7e80000,0x00000000d8380000)
 ParOldGen       total 87552K, used 0K [0x0000000081a00000, 0x0000000086f80000, 0x00000000d5e00000)
  object space 87552K, 0% used [0x0000000081a00000,0x0000000081a00000,0x0000000086f80000)
 Metaspace       used 775K, capacity 4480K, committed 4480K, reserved 1056768K
  class space    used 76K, capacity 384K, committed 384K, reserved 1048576K

Card table byte_map: [0x0000000011ea0000,0x00000000122a0000] byte_map_base: 0x0000000011a93000

Marking Bits: (ParMarkBitMap*) 0x0000000063913e30
 Begin Bits: [0x0000000012950000, 0x00000000148e8000)
 End Bits:   [0x00000000148e8000, 0x0000000016880000)

Polling page: 0x0000000000ef0000

CodeCache: size=245760Kb used=328Kb max_used=328Kb free=245431Kb
 bounds [0x0000000002ae0000, 0x0000000002d50000, 0x0000000011ae0000]
 total_blobs=58 nmethods=0 adapters=38
 compilation: enabled

Compilation events (0 events):
No events

GC Heap History (0 events):
No events

Deoptimization events (0 events):
No events

Classes redefined (0 events):
No events

Internal exceptions (0 events):
No events

Events (10 events):
Event: 0.042 loading class java/lang/Short
Event: 0.042 loading class java/lang/Short done
Event: 0.042 loading class java/lang/Integer
Event: 0.043 loading class java/lang/Integer done
Event: 0.043 loading class java/lang/Long
Event: 0.043 loading class java/lang/Long done
Event: 0.044 loading class java/lang/NullPointerException
Event: 0.044 loading class java/lang/NullPointerException done
Event: 0.044 loading class java/lang/ArithmeticException
Event: 0.046 loading class java/lang/ArithmeticException done


Dynamic libraries:
0x00007ff65ed20000 - 0x00007ff65ed57000 	C:\Program Files\Java\jdk1.8.0_191\bin\java.exe
0x00007ff9fdde0000 - 0x00007ff9fdfcd000 	C:\WINDOWS\SYSTEM32\ntdll.dll
0x00007ff9fd250000 - 0x00007ff9fd303000 	C:\WINDOWS\System32\KERNEL32.DLL
0x00007ff9faa70000 - 0x00007ff9fad03000 	C:\WINDOWS\System32\KERNELBASE.dll
0x00007ff9fdae0000 - 0x00007ff9fdb83000 	C:\WINDOWS\System32\ADVAPI32.dll
0x00007ff9fda40000 - 0x00007ff9fdade000 	C:\WINDOWS\System32\msvcrt.dll
0x00007ff9fd470000 - 0x00007ff9fd50e000 	C:\WINDOWS\System32\sechost.dll
0x00007ff9fb1b0000 - 0x00007ff9fb2d2000 	C:\WINDOWS\System32\RPCRT4.dll
0x00007ff9fb330000 - 0x00007ff9fb4c7000 	C:\WINDOWS\System32\USER32.dll
0x00007ff9fad10000 - 0x00007ff9fad30000 	C:\WINDOWS\System32\win32u.dll
0x00007ff9fb680000 - 0x00007ff9fb6a9000 	C:\WINDOWS\System32\GDI32.dll
0x00007ff9fa6b0000 - 0x00007ff9fa84a000 	C:\WINDOWS\System32\gdi32full.dll
0x00007ff9fa880000 - 0x00007ff9fa920000 	C:\WINDOWS\System32\msvcp_win.dll
0x00007ff9faf10000 - 0x00007ff9fb00c000 	C:\WINDOWS\System32\ucrtbase.dll
0x00007ff9e5780000 - 0x00007ff9e59f9000 	C:\WINDOWS\WinSxS\amd64_microsoft.windows.common-controls_6595b64144ccf1df_6.0.17763.195_none_05b436ac07203599\COMCTL32.dll
0x00007ff9fb8c0000 - 0x00007ff9fbbed000 	C:\WINDOWS\System32\combase.dll
0x00007ff9fa9f0000 - 0x00007ff9faa6e000 	C:\WINDOWS\System32\bcryptPrimitives.dll
0x00007ff9fb300000 - 0x00007ff9fb32e000 	C:\WINDOWS\System32\IMM32.DLL
0x0000000063010000 - 0x00000000630e2000 	C:\Program Files\Java\jdk1.8.0_191\jre\bin\msvcr100.dll
0x00000000630f0000 - 0x0000000063994000 	C:\Program Files\Java\jdk1.8.0_191\jre\bin\server\jvm.dll
0x00007ff9fd460000 - 0x00007ff9fd468000 	C:\WINDOWS\System32\PSAPI.DLL
0x00007ff9f89c0000 - 0x00007ff9f89c9000 	C:\WINDOWS\SYSTEM32\WSOCK32.dll
0x00007ff9fdbf0000 - 0x00007ff9fdc5d000 	C:\WINDOWS\System32\WS2_32.dll
0x00007ff9f6e30000 - 0x00007ff9f6e54000 	C:\WINDOWS\SYSTEM32\WINMM.dll
0x00007ff9e89e0000 - 0x00007ff9e89ea000 	C:\WINDOWS\SYSTEM32\VERSION.dll
0x00007ff9f5330000 - 0x00007ff9f535d000 	C:\WINDOWS\SYSTEM32\WINMMBASE.dll
0x00007ff9f9eb0000 - 0x00007ff9f9efa000 	C:\WINDOWS\System32\cfgmgr32.dll
0x0000000063ba0000 - 0x0000000063baf000 	C:\Program Files\Java\jdk1.8.0_191\jre\bin\verify.dll
0x0000000062fa0000 - 0x0000000062fc9000 	C:\Program Files\Java\jdk1.8.0_191\jre\bin\java.dll
0x0000000063b80000 - 0x0000000063b96000 	C:\Program Files\Java\jdk1.8.0_191\jre\bin\zip.dll

VM Arguments:
jvm_args: -Dfile.encoding=UTF-8 
java_command: bank.CreateSaccoAccount
java_class_path (initial): C:\Users\chris\Downloads\mysql-connector-java-5.1.46\mysql-connector-java-5.1.46\mysql-connector-java-5.1.46-bin.jar;C:\Program Files\NetBeans 8.2\ide\modules\ext\swingx-all-1.6.4.jar;C:\Users\chris\Downloads\jcalendar-1.4.jar\jcalendar-1.4.jar;C:\Users\chris\Downloads\Bank files\Banking Management System Resources & Database\JTattoo-1.6.11.jar;C:\Users\chris\Downloads\1479947884_PlaceHolder\PlaceHolder.jar;C:\Users\chris\Downloads\poi-bin-3.17-20170915\poi-3.17\poi-ooxml-3.17.jar;C:\Users\chris\Downloads\poi-bin-3.17-20170915\poi-3.17\poi-3.17.jar;C:\Users\chris\Downloads\poi-bin-3.17-20170915\poi-3.17\ooxml-lib\xmlbeans-2.6.0.jar;C:\Users\chris\Downloads\poi-bin-3.17-20170915\poi-3.17\ooxml-lib\curvesapi-1.04.jar;C:\Users\chris\Downloads\poi-bin-3.17-20170915\poi-3.17\poi-examples-3.17.jar;C:\Users\chris\Downloads\poi-bin-3.17-20170915\poi-3.17\poi-excelant-3.17.jar;C:\Users\chris\Downloads\poi-bin-3.17-20170915\poi-3.17\poi-ooxml-schemas-3.17.jar;C:\Users\chris\Downloads\poi-bin-3.17-20170915\poi-3.17\poi-scratchpad-3.17.jar;C:\Users\chris\Downloads\commons-collections4-4.1.jar;C:\Users\chris\Desktop\Java Projects\Banking\build\classes
Launcher Type: SUN_STANDARD

Environment Variables:
PATH=C:\Program Files (x86)\Common Files\Oracle\Java\javapath;C:\ProgramData\Oracle\Java\javapath;C:\Program Files (x86)\Intel\iCLS Client\;C:\Program Files\Intel\iCLS Client\;C:\WINDOWS\system32;C:\WINDOWS;C:\WINDOWS\System32\Wbem;C:\WINDOWS\System32\WindowsPowerShell\v1.0\;C:\Program Files (x86)\Intel\Intel(R) Management Engine Components\DAL;C:\Program Files\Intel\Intel(R) Management Engine Components\DAL;C:\Program Files (x86)\Intel\Intel(R) Management Engine Components\IPT;C:\Program Files\Intel\Intel(R) Management Engine Components\IPT;C:\Program Files\Microsoft SQL Server\130\Tools\Binn\;C:\Program Files\Microsoft\Web Platform Installer\;C:\Program Files\dotnet\;C:\Program Files\Git\cmd;C:\Program Files\nodejs\;C:\Program Files\PuTTY\;C:\Program Files (x86)\Yarn\bin;C:\Program Files\MySQL\MySQL Server 8.0\bin;C:\WINDOWS\System32\OpenSSH\;C:\Program Files\Intel\WiFi\bin\;C:\Program Files\Common Files\Intel\WirelessCommon\;C:\maven\apache-maven-3.5.4\bin;C:\Program Files\Microsoft VS Code\bin;C:\Program Files\Java\jdk-11.0.1\bin;C:\Users\chris\AppData\Local\Microsoft\WindowsApps;C:\Users\chris\AppData\Roaming\npm;C:\mongodb\bin;C:\Users\chris\AppData\Local\Yarn\bin;C:\Program Files\Microsoft VS Code\bin;C:\Users\chris\AppData\Local\atom\bin;%USERPROFILE%\AppData\Local\Microsoft\WindowsApps;
USERNAME=chris
OS=Windows_NT
PROCESSOR_IDENTIFIER=Intel64 Family 6 Model 78 Stepping 3, GenuineIntel



---------------  S Y S T E M  ---------------

OS: Windows 10.0 , 64 bit Build 17763 (10.0.17763.1)

CPU:total 4 (initial active 4) (2 cores per cpu, 2 threads per core) family 6 model 78 stepping 3, cmov, cx8, fxsr, mmx, sse, sse2, sse3, ssse3, sse4.1, sse4.2, popcnt, avx, avx2, aes, clmul, erms, 3dnowpref, lzcnt, ht, tsc, tscinvbit, bmi1, bmi2, adx

Memory: 4k page, physical 8276896k(928812k free), swap 8276896k(6076k free)

vm_info: Java HotSpot(TM) 64-Bit Server VM (25.191-b12) for windows-amd64 JRE (1.8.0_191-b12), built on Oct  6 2018 09:29:03 by "java_re" with MS VC++ 10.0 (VS2010)

time: Wed Jan 02 00:49:52 2019
elapsed time: 0 seconds (0d 0h 0m 0s)

