#
# There is insufficient memory for the Java Runtime Environment to continue.
# Native memory allocation (malloc) failed to allocate 131088 bytes for Chunk::new
# Possible reasons:
#   The system is out of physical RAM or swap space
#   In 32 bit mode, the process size limit was hit
# Possible solutions:
#   Reduce memory load on the system
#   Increase physical memory or swap space
#   Check if swap backing store is full
#   Use 64 bit Java on a 64 bit OS
#   Decrease Java heap size (-Xmx/-Xms)
#   Decrease number of Java threads
#   Decrease Java thread stack sizes (-Xss)
#   Set larger code cache with -XX:ReservedCodeCacheSize=
# This output file may be truncated or incomplete.
#
#  Out of Memory Error (allocation.cpp:390), pid=9572, tid=10424
#
# JRE version: Java(TM) SE Runtime Environment (8.0_91-b14) (build 1.8.0_91-b14)
# Java VM: Java HotSpot(TM) 64-Bit Server VM (25.91-b14 mixed mode windows-amd64 compressed oops)
# Failed to write core dump. Minidumps are not enabled by default on client versions of Windows
#

---------------  T H R E A D  ---------------

Current thread (0x0000000017632800):  JavaThread "C2 CompilerThread1" daemon [_thread_in_native, id=10424, stack(0x0000000018d90000,0x0000000018e90000)]

Stack: [0x0000000018d90000,0x0000000018e90000]
[error occurred during error reporting (printing stack bounds), id 0xc0000005]

Native frames: (J=compiled Java code, j=interpreted, Vv=VM code, C=native code)


Current CompileTask:
C2:    876  967       4       javax.swing.plaf.nimbus.NimbusStyle::validate (1178 bytes)


---------------  P R O C E S S  ---------------

Java Threads: ( => current thread )
  0x0000000019b7b800 JavaThread "Image Fetcher 0" daemon [_thread_blocked, id=15676, stack(0x000000001b490000,0x000000001b590000)]
  0x000000001987d800 JavaThread "TimerQueue" daemon [_thread_blocked, id=9332, stack(0x000000001ad90000,0x000000001ae90000)]
  0x00000000029ed800 JavaThread "DestroyJavaVM" [_thread_blocked, id=15292, stack(0x00000000028b0000,0x00000000029b0000)]
  0x00000000197d6800 JavaThread "AWT-EventQueue-0" [_thread_in_vm, id=5964, stack(0x000000001ac90000,0x000000001ad90000)]
  0x0000000019772000 JavaThread "AWT-Windows" daemon [_thread_in_native, id=8580, stack(0x000000001a0d0000,0x000000001a1d0000)]
  0x000000001976e800 JavaThread "AWT-Shutdown" [_thread_blocked, id=17384, stack(0x0000000019fd0000,0x000000001a0d0000)]
  0x000000001976d800 JavaThread "Java2D Disposer" daemon [_thread_blocked, id=9232, stack(0x0000000019ed0000,0x0000000019fd0000)]
  0x0000000018fc3000 JavaThread "Service Thread" daemon [_thread_blocked, id=16816, stack(0x0000000019390000,0x0000000019490000)]
  0x0000000017637800 JavaThread "C1 CompilerThread2" daemon [_thread_in_vm, id=8584, stack(0x0000000018e90000,0x0000000018f90000)]
=>0x0000000017632800 JavaThread "C2 CompilerThread1" daemon [_thread_in_native, id=10424, stack(0x0000000018d90000,0x0000000018e90000)]
  0x000000001762f800 JavaThread "C2 CompilerThread0" daemon [_thread_in_native, id=1212, stack(0x0000000018c90000,0x0000000018d90000)]
  0x000000001762e000 JavaThread "Attach Listener" daemon [_thread_blocked, id=4764, stack(0x0000000018b90000,0x0000000018c90000)]
  0x000000001762c800 JavaThread "Signal Dispatcher" daemon [_thread_blocked, id=17004, stack(0x0000000018a90000,0x0000000018b90000)]
  0x0000000002ae8800 JavaThread "Finalizer" daemon [_thread_blocked, id=14704, stack(0x00000000188a0000,0x00000000189a0000)]
  0x0000000002ae3000 JavaThread "Reference Handler" daemon [_thread_blocked, id=10284, stack(0x00000000187a0000,0x00000000188a0000)]

Other Threads:
  0x00000000175f7000 VMThread [stack: 0x00000000186a0000,0x00000000187a0000] [id=13064]
  0x0000000018fe4000 WatcherThread [stack: 0x0000000019490000,0x0000000019590000] [id=2232]

VM state:not at safepoint (normal execution)

VM Mutex/Monitor currently owned by a thread: None

Heap:
 PSYoungGen      total 38400K, used 11649K [0x00000000d5e00000, 0x00000000d8880000, 0x0000000100000000)
  eden space 33280K, 35% used [0x00000000d5e00000,0x00000000d69607f0,0x00000000d7e80000)
  from space 5120K, 0% used [0x00000000d7e80000,0x00000000d7e80000,0x00000000d8380000)
  to   space 5120K, 0% used [0x00000000d8380000,0x00000000d8380000,0x00000000d8880000)
 ParOldGen       total 61952K, used 999K [0x0000000081a00000, 0x0000000085680000, 0x00000000d5e00000)
  object space 61952K, 1% used [0x0000000081a00000,0x0000000081af9d18,0x0000000085680000)
 Metaspace       used 13420K, capacity 13614K, committed 13952K, reserved 1064960K
  class space    used 1748K, capacity 1823K, committed 1920K, reserved 1048576K

Card table byte_map: [0x0000000011eb0000,0x00000000122b0000] byte_map_base: 0x0000000011aa3000

Marking Bits: (ParMarkBitMap*) 0x0000000056742f70
 Begin Bits: [0x0000000012960000, 0x00000000148f8000)
 End Bits:   [0x00000000148f8000, 0x0000000016890000)

Polling page: 0x0000000000af0000

CodeCache: size=245760Kb used=3808Kb max_used=3808Kb free=241951Kb
 bounds [0x0000000002af0000, 0x0000000002eb0000, 0x0000000011af0000]
 total_blobs=1574 nmethods=1086 adapters=400
 compilation: enabled

Compilation events (10 events):
Event: 0.849 Thread 0x0000000017637800 1072       3       java.util.LinkedHashMap$LinkedHashIterator::<init> (31 bytes)
Event: 0.849 Thread 0x0000000017637800 nmethod 1072 0x0000000002ea1110 code [0x0000000002ea1280, 0x0000000002ea1470]
Event: 0.850 Thread 0x000000001762f800 1074       4       javax.swing.plaf.nimbus.NimbusDefaults$LazyStyle::matches (229 bytes)
Event: 0.871 Thread 0x0000000017637800 1075       3       java.awt.Component::getContainer (5 bytes)
Event: 0.871 Thread 0x0000000017637800 nmethod 1075 0x0000000002ea0d50 code [0x0000000002ea0ea0, 0x0000000002ea1090]
Event: 0.871 Thread 0x0000000017637800 1076       3       java.util.WeakHashMap::remove (133 bytes)
Event: 0.872 Thread 0x0000000017637800 nmethod 1076 0x0000000002ea3410 code [0x0000000002ea3600, 0x0000000002ea40c8]
Event: 0.872 Thread 0x0000000017637800 1077       3       java.awt.Component::isLightweight (8 bytes)
Event: 0.872 Thread 0x0000000017637800 nmethod 1077 0x0000000002ea0850 code [0x0000000002ea09c0, 0x0000000002ea0cb0]
Event: 0.872 Thread 0x0000000017637800 1080   !   3       java.awt.Container::getComponent (42 bytes)

GC Heap History (4 events):
Event: 0.276 GC heap before
{Heap before GC invocations=1 (full 0):
 PSYoungGen      total 38400K, used 4659K [0x00000000d5e00000, 0x00000000d8880000, 0x0000000100000000)
  eden space 33280K, 14% used [0x00000000d5e00000,0x00000000d628cd40,0x00000000d7e80000)
  from space 5120K, 0% used [0x00000000d8380000,0x00000000d8380000,0x00000000d8880000)
  to   space 5120K, 0% used [0x00000000d7e80000,0x00000000d7e80000,0x00000000d8380000)
 ParOldGen       total 87552K, used 0K [0x0000000081a00000, 0x0000000086f80000, 0x00000000d5e00000)
  object space 87552K, 0% used [0x0000000081a00000,0x0000000081a00000,0x0000000086f80000)
 Metaspace       used 6857K, capacity 6986K, committed 7040K, reserved 1062912K
  class space    used 789K, capacity 856K, committed 896K, reserved 1048576K
Event: 0.279 GC heap after
Heap after GC invocations=1 (full 0):
 PSYoungGen      total 38400K, used 1104K [0x00000000d5e00000, 0x00000000d8880000, 0x0000000100000000)
  eden space 33280K, 0% used [0x00000000d5e00000,0x00000000d5e00000,0x00000000d7e80000)
  from space 5120K, 21% used [0x00000000d7e80000,0x00000000d7f94010,0x00000000d8380000)
  to   space 5120K, 0% used [0x00000000d8380000,0x00000000d8380000,0x00000000d8880000)
 ParOldGen       total 87552K, used 8K [0x0000000081a00000, 0x0000000086f80000, 0x00000000d5e00000)
  object space 87552K, 0% used [0x0000000081a00000,0x0000000081a02000,0x0000000086f80000)
 Metaspace       used 6857K, capacity 6986K, committed 7040K, reserved 1062912K
  class space    used 789K, capacity 856K, committed 896K, reserved 1048576K
}
Event: 0.279 GC heap before
{Heap before GC invocations=2 (full 1):
 PSYoungGen      total 38400K, used 1104K [0x00000000d5e00000, 0x00000000d8880000, 0x0000000100000000)
  eden space 33280K, 0% used [0x00000000d5e00000,0x00000000d5e00000,0x00000000d7e80000)
  from space 5120K, 21% used [0x00000000d7e80000,0x00000000d7f94010,0x00000000d8380000)
  to   space 5120K, 0% used [0x00000000d8380000,0x00000000d8380000,0x00000000d8880000)
 ParOldGen       total 87552K, used 8K [0x0000000081a00000, 0x0000000086f80000, 0x00000000d5e00000)
  object space 87552K, 0% used [0x0000000081a00000,0x0000000081a02000,0x0000000086f80000)
 Metaspace       used 6857K, capacity 6986K, committed 7040K, reserved 1062912K
  class space    used 789K, capacity 856K, committed 896K, reserved 1048576K
Event: 0.291 GC heap after
Heap after GC invocations=2 (full 1):
 PSYoungGen      total 38400K, used 0K [0x00000000d5e00000, 0x00000000d8880000, 0x0000000100000000)
  eden space 33280K, 0% used [0x00000000d5e00000,0x00000000d5e00000,0x00000000d7e80000)
  from space 5120K, 0% used [0x00000000d7e80000,0x00000000d7e80000,0x00000000d8380000)
  to   space 5120K, 0% used [0x00000000d8380000,0x00000000d8380000,0x00000000d8880000)
 ParOldGen       total 61952K, used 999K [0x0000000081a00000, 0x0000000085680000, 0x00000000d5e00000)
  object space 61952K, 1% used [0x0000000081a00000,0x0000000081af9d18,0x0000000085680000)
 Metaspace       used 6857K, capacity 6986K, committed 7040K, reserved 1060864K
  class space    used 789K, capacity 856K, committed 896K, reserved 1048576K
}

Deoptimization events (10 events):
Event: 0.588 Thread 0x00000000197d6800 Uncommon trap: reason=class_check action=maybe_recompile pc=0x0000000002cd1cc0 method=javax.swing.plaf.nimbus.DerivedColor$UIResource.equals(Ljava/lang/Object;)Z @ 1
Event: 0.588 Thread 0x00000000197d6800 Uncommon trap: reason=class_check action=maybe_recompile pc=0x0000000002cd1cc0 method=javax.swing.plaf.nimbus.DerivedColor$UIResource.equals(Ljava/lang/Object;)Z @ 1
Event: 0.588 Thread 0x00000000197d6800 Uncommon trap: reason=class_check action=maybe_recompile pc=0x0000000002cd1cc0 method=javax.swing.plaf.nimbus.DerivedColor$UIResource.equals(Ljava/lang/Object;)Z @ 1
Event: 0.588 Thread 0x00000000197d6800 Uncommon trap: reason=class_check action=maybe_recompile pc=0x0000000002cd1cc0 method=javax.swing.plaf.nimbus.DerivedColor$UIResource.equals(Ljava/lang/Object;)Z @ 1
Event: 0.789 Thread 0x0000000019b7b800 Uncommon trap: reason=unstable_if action=reinterpret pc=0x0000000002e64360 method=sun.util.calendar.ZoneInfo.getOffsets(J[II)I @ 4
Event: 0.789 Thread 0x0000000019b7b800 Uncommon trap: reason=unstable_if action=reinterpret pc=0x0000000002dd3868 method=java.util.GregorianCalendar.getWeekNumber(JJ)I @ 48
Event: 0.792 Thread 0x00000000197d6800 Uncommon trap: reason=class_check action=maybe_recompile pc=0x0000000002e24230 method=javax.swing.UIDefaults.getFromHashtable(Ljava/lang/Object;)Ljava/lang/Object; @ 92
Event: 0.792 Thread 0x00000000197d6800 Uncommon trap: reason=unstable_if action=reinterpret pc=0x0000000002d53320 method=javax.swing.plaf.nimbus.DerivedColor.equals(Ljava/lang/Object;)Z @ 45
Event: 0.792 Thread 0x00000000197d6800 Uncommon trap: reason=unstable_if action=reinterpret pc=0x0000000002cec420 method=javax.swing.plaf.nimbus.DerivedColor.equals(Ljava/lang/Object;)Z @ 45
Event: 0.872 Thread 0x00000000197d6800 Uncommon trap: reason=unstable_if action=reinterpret pc=0x0000000002cfc784 method=java.util.HashMap.putVal(ILjava/lang/Object;Ljava/lang/Object;ZZ)Ljava/lang/Object; @ 109

Internal exceptions (10 events):
Event: 0.344 Thread 0x00000000029ed800 Exception <a 'java/lang/ClassNotFoundException': ToggleButton> (0x00000000d5e52558) thrown at [C:\re\workspace\8-2-build-windows-amd64-cygwin\jdk8u91\6644\hotspot\src\share\vm\classfile\systemDictionary.cpp, line 210]
Event: 0.344 Thread 0x00000000029ed800 Exception <a 'java/lang/ClassNotFoundException': javax/swing/JToolBarSeparator> (0x00000000d5e529b8) thrown at [C:\re\workspace\8-2-build-windows-amd64-cygwin\jdk8u91\6644\hotspot\src\share\vm\classfile\systemDictionary.cpp, line 210]
Event: 0.344 Thread 0x00000000029ed800 Exception <a 'java/lang/ClassNotFoundException': ToolBarSeparator> (0x00000000d5e52e50) thrown at [C:\re\workspace\8-2-build-windows-amd64-cygwin\jdk8u91\6644\hotspot\src\share\vm\classfile\systemDictionary.cpp, line 210]
Event: 0.344 Thread 0x00000000029ed800 Exception <a 'java/lang/ClassNotFoundException': ToolTip> (0x00000000d5e53590) thrown at [C:\re\workspace\8-2-build-windows-amd64-cygwin\jdk8u91\6644\hotspot\src\share\vm\classfile\systemDictionary.cpp, line 210]
Event: 0.346 Thread 0x00000000029ed800 Exception <a 'java/lang/ClassNotFoundException': Tree> (0x00000000d5e541b0) thrown at [C:\re\workspace\8-2-build-windows-amd64-cygwin\jdk8u91\6644\hotspot\src\share\vm\classfile\systemDictionary.cpp, line 210]
Event: 0.346 Thread 0x00000000029ed800 Exception <a 'java/lang/ClassNotFoundException': Tree> (0x00000000d5e548f0) thrown at [C:\re\workspace\8-2-build-windows-amd64-cygwin\jdk8u91\6644\hotspot\src\share\vm\classfile\systemDictionary.cpp, line 210]
Event: 0.346 Thread 0x00000000029ed800 Exception <a 'java/lang/ClassNotFoundException': javax/swing/JTreeCell> (0x00000000d5e54c70) thrown at [C:\re\workspace\8-2-build-windows-amd64-cygwin\jdk8u91\6644\hotspot\src\share\vm\classfile\systemDictionary.cpp, line 210]
Event: 0.346 Thread 0x00000000029ed800 Exception <a 'java/lang/ClassNotFoundException': TreeCell> (0x00000000d5e550f8) thrown at [C:\re\workspace\8-2-build-windows-amd64-cygwin\jdk8u91\6644\hotspot\src\share\vm\classfile\systemDictionary.cpp, line 210]
Event: 0.347 Thread 0x00000000029ed800 Exception <a 'java/lang/ClassNotFoundException': RootPane> (0x00000000d5e55b58) thrown at [C:\re\workspace\8-2-build-windows-amd64-cygwin\jdk8u91\6644\hotspot\src\share\vm\classfile\systemDictionary.cpp, line 210]
Event: 0.789 Thread 0x0000000019b7b800 Implicit null exception at 0x0000000002e63fbd to 0x0000000002e64335

Events (10 events):
Event: 0.849 loading class sun/awt/NullComponentPeer done
Event: 0.871 loading class java/applet/Applet
Event: 0.872 loading class java/awt/Panel
Event: 0.872 loading class java/awt/Panel done
Event: 0.872 loading class java/applet/Applet done
Event: 0.872 loading class javax/swing/plaf/nimbus/ComboBoxArrowButtonPainter
Event: 0.872 loading class javax/swing/plaf/nimbus/ComboBoxArrowButtonPainter done
Event: 0.872 Thread 0x00000000197d6800 Uncommon trap: trap_request=0xffffff65 fr.pc=0x0000000002cfc784
Event: 0.872 Thread 0x00000000197d6800 DEOPT PACKING pc=0x0000000002cfc784 sp=0x000000001ad8c660
Event: 0.872 Thread 0x00000000197d6800 DEOPT UNPACKING pc=0x0000000002b3582a sp=0x000000001ad8c5f0 mode 2


Dynamic libraries:
0x00007ff7ebb90000 - 0x00007ff7ebbc7000 	C:\Program Files\Java\jdk1.8.0_91\bin\java.exe
0x00007ff92f240000 - 0x00007ff92f421000 	C:\WINDOWS\SYSTEM32\ntdll.dll
0x00007ff92cac0000 - 0x00007ff92cb72000 	C:\WINDOWS\System32\KERNEL32.DLL
0x00007ff92bf70000 - 0x00007ff92c1e3000 	C:\WINDOWS\System32\KERNELBASE.dll
0x00007ff92e7a0000 - 0x00007ff92e841000 	C:\WINDOWS\System32\ADVAPI32.dll
0x00007ff92e700000 - 0x00007ff92e79e000 	C:\WINDOWS\System32\msvcrt.dll
0x00007ff92ec00000 - 0x00007ff92ec5b000 	C:\WINDOWS\System32\sechost.dll
0x00007ff92c7e0000 - 0x00007ff92c904000 	C:\WINDOWS\System32\RPCRT4.dll
0x00007ff92f080000 - 0x00007ff92f210000 	C:\WINDOWS\System32\USER32.dll
0x00007ff92c1f0000 - 0x00007ff92c210000 	C:\WINDOWS\System32\win32u.dll
0x00007ff92ef70000 - 0x00007ff92ef98000 	C:\WINDOWS\System32\GDI32.dll
0x00007ff92c290000 - 0x00007ff92c422000 	C:\WINDOWS\System32\gdi32full.dll
0x00007ff92b610000 - 0x00007ff92b6af000 	C:\WINDOWS\System32\msvcp_win.dll
0x00007ff92be70000 - 0x00007ff92bf6a000 	C:\WINDOWS\System32\ucrtbase.dll
0x00007ff91dc20000 - 0x00007ff91de89000 	C:\WINDOWS\WinSxS\amd64_microsoft.windows.common-controls_6595b64144ccf1df_6.0.17134.228_none_fb4599993062b194\COMCTL32.dll
0x00007ff92e8d0000 - 0x00007ff92ebf3000 	C:\WINDOWS\System32\combase.dll
0x00007ff92c210000 - 0x00007ff92c28a000 	C:\WINDOWS\System32\bcryptPrimitives.dll
0x00007ff92ca90000 - 0x00007ff92cabd000 	C:\WINDOWS\System32\IMM32.DLL
0x0000000055e50000 - 0x0000000055f22000 	C:\Program Files\Java\jdk1.8.0_91\jre\bin\msvcr100.dll
0x0000000055f30000 - 0x00000000567c3000 	C:\Program Files\Java\jdk1.8.0_91\jre\bin\server\jvm.dll
0x00007ff92cde0000 - 0x00007ff92cde8000 	C:\WINDOWS\System32\PSAPI.DLL
0x00007ff9293d0000 - 0x00007ff9293f3000 	C:\WINDOWS\SYSTEM32\WINMM.dll
0x00007ff92a160000 - 0x00007ff92a169000 	C:\WINDOWS\SYSTEM32\WSOCK32.dll
0x00007ff918ef0000 - 0x00007ff918efa000 	C:\WINDOWS\SYSTEM32\VERSION.dll
0x00007ff92e860000 - 0x00007ff92e8cc000 	C:\WINDOWS\System32\WS2_32.dll
0x00007ff929330000 - 0x00007ff92935a000 	C:\WINDOWS\SYSTEM32\WINMMBASE.dll
0x00007ff92be20000 - 0x00007ff92be69000 	C:\WINDOWS\System32\cfgmgr32.dll
0x0000000055e00000 - 0x0000000055e0f000 	C:\Program Files\Java\jdk1.8.0_91\jre\bin\verify.dll
0x0000000055dd0000 - 0x0000000055df9000 	C:\Program Files\Java\jdk1.8.0_91\jre\bin\java.dll
0x0000000055db0000 - 0x0000000055dc6000 	C:\Program Files\Java\jdk1.8.0_91\jre\bin\zip.dll
0x00007ff92cdf0000 - 0x00007ff92e230000 	C:\WINDOWS\System32\SHELL32.dll
0x00007ff92c730000 - 0x00007ff92c7d9000 	C:\WINDOWS\System32\shcore.dll
0x00007ff92b6b0000 - 0x00007ff92bdbd000 	C:\WINDOWS\System32\windows.storage.dll
0x00007ff92f020000 - 0x00007ff92f071000 	C:\WINDOWS\System32\shlwapi.dll
0x00007ff92b5b0000 - 0x00007ff92b5c1000 	C:\WINDOWS\System32\kernel.appcore.dll
0x00007ff92b5f0000 - 0x00007ff92b60f000 	C:\WINDOWS\System32\profapi.dll
0x00007ff92b560000 - 0x00007ff92b5ac000 	C:\WINDOWS\System32\powrprof.dll
0x00007ff92b550000 - 0x00007ff92b55a000 	C:\WINDOWS\System32\FLTLIB.DLL
0x0000000055bd0000 - 0x0000000055d68000 	C:\Program Files\Java\jdk1.8.0_91\jre\bin\awt.dll
0x00007ff92ee00000 - 0x00007ff92eec2000 	C:\WINDOWS\System32\OLEAUT32.dll
0x00007ff9295e0000 - 0x00007ff92966b000 	C:\WINDOWS\SYSTEM32\apphelp.dll
0x00007ff929850000 - 0x00007ff9298e8000 	C:\WINDOWS\system32\uxtheme.dll
0x00007ff92c910000 - 0x00007ff92ca85000 	C:\WINDOWS\System32\MSCTF.dll
0x00007ff929920000 - 0x00007ff929949000 	C:\WINDOWS\system32\dwmapi.dll
0x00007ff92cc80000 - 0x00007ff92cdd1000 	C:\WINDOWS\System32\ole32.dll
0x0000000055b80000 - 0x0000000055bc7000 	C:\Program Files\Java\jdk1.8.0_91\jre\bin\fontmanager.dll
0x0000000055d90000 - 0x0000000055daa000 	C:\Program Files\Java\jdk1.8.0_91\jre\bin\net.dll
0x00007ff92ad70000 - 0x00007ff92add6000 	C:\WINDOWS\system32\mswsock.dll
0x0000000055d70000 - 0x0000000055d81000 	C:\Program Files\Java\jdk1.8.0_91\jre\bin\nio.dll
0x0000000055b30000 - 0x0000000055b72000 	C:\Program Files\Java\jdk1.8.0_91\jre\bin\t2k.dll
0x00007ff92eed0000 - 0x00007ff92ef70000 	C:\WINDOWS\System32\clbcatq.dll
0x00007ff926a30000 - 0x00007ff926bde000 	C:\WINDOWS\SYSTEM32\WindowsCodecs.dll

VM Arguments:
jvm_args: -Dfile.encoding=UTF-8 
java_command: bank.CreateContractInformation
java_class_path (initial): C:\Users\chris\Downloads\mysql-connector-java-5.1.46\mysql-connector-java-5.1.46\mysql-connector-java-5.1.46-bin.jar;C:\Program Files\NetBeans 8.2\ide\modules\ext\swingx-all-1.6.4.jar;C:\Users\chris\Downloads\jcalendar-1.4.jar\jcalendar-1.4.jar;C:\Users\chris\Downloads\Bank files\Banking Management System Resources & Database\JTattoo-1.6.11.jar;C:\Users\chris\Downloads\1479947884_PlaceHolder\PlaceHolder.jar;C:\Users\chris\Downloads\poi-bin-3.17-20170915\poi-3.17\poi-ooxml-3.17.jar;C:\Users\chris\Downloads\poi-bin-3.17-20170915\poi-3.17\poi-3.17.jar;C:\Users\chris\Downloads\poi-bin-3.17-20170915\poi-3.17\ooxml-lib\xmlbeans-2.6.0.jar;C:\Users\chris\Downloads\poi-bin-3.17-20170915\poi-3.17\ooxml-lib\curvesapi-1.04.jar;C:\Users\chris\Downloads\poi-bin-3.17-20170915\poi-3.17\poi-examples-3.17.jar;C:\Users\chris\Downloads\poi-bin-3.17-20170915\poi-3.17\poi-excelant-3.17.jar;C:\Users\chris\Downloads\poi-bin-3.17-20170915\poi-3.17\poi-ooxml-schemas-3.17.jar;C:\Users\chris\Downloads\poi-bin-3.17-20170915\poi-3.17\poi-scratchpad-3.17.jar;C:\Users\chris\Downloads\commons-collections4-4.1.jar;C:\Users\chris\Desktop\Java Projects\Banking\build\classes
Launcher Type: SUN_STANDARD

Environment Variables:
PATH=C:\ProgramData\Oracle\Java\javapath;C:\Program Files (x86)\Intel\iCLS Client\;C:\Program Files\Intel\iCLS Client\;C:\WINDOWS\system32;C:\WINDOWS;C:\WINDOWS\System32\Wbem;C:\WINDOWS\System32\WindowsPowerShell\v1.0\;C:\Program Files (x86)\Intel\Intel(R) Management Engine Components\DAL;C:\Program Files\Intel\Intel(R) Management Engine Components\DAL;C:\Program Files (x86)\Intel\Intel(R) Management Engine Components\IPT;C:\Program Files\Intel\Intel(R) Management Engine Components\IPT;C:\Program Files\Microsoft SQL Server\130\Tools\Binn\;C:\Program Files (x86)\Skype\Phone\;C:\Program Files\Microsoft\Web Platform Installer\;C:\Program Files\dotnet\;C:\Program Files\Git\cmd;C:\Program Files\nodejs\;C:\Program Files\PuTTY\;C:\Program Files (x86)\Yarn\bin;C:\Program Files\MySQL\MySQL Server 8.0\bin;C:\WINDOWS\System32\OpenSSH\;C:\Program Files\Intel\WiFi\bin\;C:\Program Files\Common Files\Intel\WirelessCommon\;C:\maven\apache-maven-3.5.4\bin;;C:\Program Files\Microsoft VS Code\bin;C:\Users\chris\AppData\Local\Microsoft\WindowsApps;C:\Users\chris\AppData\Roaming\npm;C:\mongodb\bin;C:\Users\chris\AppData\Local\Yarn\bin;C:\Program Files\Microsoft VS Code\bin;C:\Users\chris\AppData\Local\atom\bin;%USERPROFILE%\AppData\Local\Microsoft\WindowsApps;
USERNAME=chris
OS=Windows_NT
PROCESSOR_IDENTIFIER=Intel64 Family 6 Model 78 Stepping 3, GenuineIntel



---------------  S Y S T E M  ---------------

OS: Windows 10.0 , 64 bit Build 17134 (10.0.17134.1)

CPU:total 4 (2 cores per cpu, 2 threads per core) family 6 model 78 stepping 3, cmov, cx8, fxsr, mmx, sse, sse2, sse3, ssse3, sse4.1, sse4.2, popcnt, avx, avx2, aes, clmul, erms, 3dnowpref, lzcnt, ht, tsc, tscinvbit, bmi1, bmi2, adx

Memory: 4k page, physical 8276896k(901264k free), swap 8276896k(4108k free)

vm_info: Java HotSpot(TM) 64-Bit Server VM (25.91-b14) for windows-amd64 JRE (1.8.0_91-b14), built on Apr  1 2016 00:58:32 by "java_re" with MS VC++ 10.0 (VS2010)

time: Sun Aug 26 20:52:19 2018
elapsed time: 0 seconds (0d 0h 0m 0s)

