#
# There is insufficient memory for the Java Runtime Environment to continue.
# Native memory allocation (malloc) failed to allocate 228976 bytes for Chunk::new
# Possible reasons:
#   The system is out of physical RAM or swap space
#   In 32 bit mode, the process size limit was hit
# Possible solutions:
#   Reduce memory load on the system
#   Increase physical memory or swap space
#   Check if swap backing store is full
#   Use 64 bit Java on a 64 bit OS
#   Decrease Java heap size (-Xmx/-Xms)
#   Decrease number of Java threads
#   Decrease Java thread stack sizes (-Xss)
#   Set larger code cache with -XX:ReservedCodeCacheSize=
# This output file may be truncated or incomplete.
#
#  Out of Memory Error (allocation.cpp:390), pid=4116, tid=6524
#
# JRE version: Java(TM) SE Runtime Environment (8.0_91-b14) (build 1.8.0_91-b14)
# Java VM: Java HotSpot(TM) 64-Bit Server VM (25.91-b14 mixed mode windows-amd64 compressed oops)
# Failed to write core dump. Minidumps are not enabled by default on client versions of Windows
#

---------------  T H R E A D  ---------------

Current thread (0x000000001744e800):  JavaThread "C2 CompilerThread1" daemon [_thread_in_native, id=6524, stack(0x0000000018b90000,0x0000000018c90000)]

Stack: [0x0000000018b90000,0x0000000018c90000]
[error occurred during error reporting (printing stack bounds), id 0xc0000005]

Native frames: (J=compiled Java code, j=interpreted, Vv=VM code, C=native code)


Current CompileTask:
C2: 177280 3409       4       sun.awt.SunToolkit::postEvent (157 bytes)


---------------  P R O C E S S  ---------------

Java Threads: ( => current thread )
  0x0000000019983000 JavaThread "Abandoned connection cleanup thread" daemon [_thread_blocked, id=6536, stack(0x000000001b900000,0x000000001ba00000)]
  0x0000000019631000 JavaThread "TimerQueue" daemon [_thread_blocked, id=11392, stack(0x000000001ac20000,0x000000001ad20000)]
  0x00000000026ad800 JavaThread "DestroyJavaVM" [_thread_blocked, id=17904, stack(0x0000000002710000,0x0000000002810000)]
  0x000000001956d800 JavaThread "AWT-EventQueue-0" [_thread_blocked, id=10288, stack(0x000000001a920000,0x000000001aa20000)]
  0x0000000019185800 JavaThread "AWT-Windows" daemon [_thread_in_native, id=18920, stack(0x0000000019ed0000,0x0000000019fd0000)]
  0x0000000019184000 JavaThread "AWT-Shutdown" [_thread_blocked, id=12456, stack(0x0000000019dd0000,0x0000000019ed0000)]
  0x0000000019183000 JavaThread "Java2D Disposer" daemon [_thread_blocked, id=12160, stack(0x0000000019cd0000,0x0000000019dd0000)]
  0x0000000018dc8800 JavaThread "Service Thread" daemon [_thread_blocked, id=7816, stack(0x0000000019190000,0x0000000019290000)]
  0x0000000017453800 JavaThread "C1 CompilerThread2" daemon [_thread_blocked, id=8672, stack(0x0000000018c90000,0x0000000018d90000)]
=>0x000000001744e800 JavaThread "C2 CompilerThread1" daemon [_thread_in_native, id=6524, stack(0x0000000018b90000,0x0000000018c90000)]
  0x000000001745a800 JavaThread "C2 CompilerThread0" daemon [_thread_blocked, id=10364, stack(0x0000000018a90000,0x0000000018b90000)]
  0x0000000017458800 JavaThread "Attach Listener" daemon [_thread_blocked, id=13140, stack(0x0000000018990000,0x0000000018a90000)]
  0x0000000017457800 JavaThread "Signal Dispatcher" daemon [_thread_blocked, id=18792, stack(0x0000000018890000,0x0000000018990000)]
  0x000000000290c000 JavaThread "Finalizer" daemon [_thread_blocked, id=10852, stack(0x00000000186a0000,0x00000000187a0000)]
  0x0000000017419000 JavaThread "Reference Handler" daemon [_thread_blocked, id=988, stack(0x00000000185a0000,0x00000000186a0000)]

Other Threads:
  0x0000000017417800 VMThread [stack: 0x00000000184a0000,0x00000000185a0000] [id=6724]
  0x0000000018dd7800 WatcherThread [stack: 0x0000000019290000,0x0000000019390000] [id=3048]

VM state:not at safepoint (normal execution)

VM Mutex/Monitor currently owned by a thread: None

Heap:
 PSYoungGen      total 38400K, used 5471K [0x00000000d5e00000, 0x00000000d8880000, 0x0000000100000000)
  eden space 33280K, 3% used [0x00000000d5e00000,0x00000000d5efd7d8,0x00000000d7e80000)
  from space 5120K, 87% used [0x00000000d7e80000,0x00000000d82da6c8,0x00000000d8380000)
  to   space 5120K, 0% used [0x00000000d8380000,0x00000000d8380000,0x00000000d8880000)
 ParOldGen       total 87552K, used 22622K [0x0000000081a00000, 0x0000000086f80000, 0x00000000d5e00000)
  object space 87552K, 25% used [0x0000000081a00000,0x0000000083017a78,0x0000000086f80000)
 Metaspace       used 19633K, capacity 19886K, committed 20224K, reserved 1067008K
  class space    used 2376K, capacity 2481K, committed 2560K, reserved 1048576K

Card table byte_map: [0x0000000011cd0000,0x00000000120d0000] byte_map_base: 0x00000000118c3000

Marking Bits: (ParMarkBitMap*) 0x000000005e002f70
 Begin Bits: [0x0000000012780000, 0x0000000014718000)
 End Bits:   [0x0000000014718000, 0x00000000166b0000)

Polling page: 0x0000000000da0000

CodeCache: size=245760Kb used=10288Kb max_used=10299Kb free=235471Kb
 bounds [0x0000000002910000, 0x0000000003330000, 0x0000000011910000]
 total_blobs=3719 nmethods=3121 adapters=507
 compilation: enabled

Compilation events (10 events):
Event: 176.094 Thread 0x0000000017453800 nmethod 3403 0x0000000003321e50 code [0x0000000003321fc0, 0x0000000003322168]
Event: 176.119 Thread 0x0000000017453800 3405   !   3       sun.java2d.Disposer::clearDeferredRecords (70 bytes)
Event: 176.123 Thread 0x0000000017453800 nmethod 3405 0x00000000033277d0 code [0x0000000003327a00, 0x0000000003328798]
Event: 176.125 Thread 0x0000000017453800 3406   !   3       java.util.zip.ZipFile$ZipFileInflaterInputStream::close (67 bytes)
Event: 176.127 Thread 0x0000000017453800 nmethod 3406 0x0000000003328ed0 code [0x00000000033290a0, 0x0000000003329898]
Event: 176.128 Thread 0x0000000017453800 3407       3       java.awt.geom.Path2D$Iterator::getWindingRule (8 bytes)
Event: 176.129 Thread 0x0000000017453800 nmethod 3407 0x0000000002aaadd0 code [0x0000000002aaaf40, 0x0000000002aab2b0]
Event: 176.356 Thread 0x000000001745a800 3408       4       java.awt.geom.Path2D$Float::needRoom (72 bytes)
Event: 176.357 Thread 0x000000001745a800 nmethod 3408 0x0000000002b4fb10 code [0x0000000002b4fc60, 0x0000000002b4fd98]
Event: 177.144 Thread 0x000000001744e800 3409       4       sun.awt.SunToolkit::postEvent (157 bytes)

GC Heap History (6 events):
Event: 3.912 GC heap before
{Heap before GC invocations=1 (full 0):
 PSYoungGen      total 38400K, used 25826K [0x00000000d5e00000, 0x00000000d8880000, 0x0000000100000000)
  eden space 33280K, 77% used [0x00000000d5e00000,0x00000000d77388f0,0x00000000d7e80000)
  from space 5120K, 0% used [0x00000000d8380000,0x00000000d8380000,0x00000000d8880000)
  to   space 5120K, 0% used [0x00000000d7e80000,0x00000000d7e80000,0x00000000d8380000)
 ParOldGen       total 87552K, used 0K [0x0000000081a00000, 0x0000000086f80000, 0x00000000d5e00000)
  object space 87552K, 0% used [0x0000000081a00000,0x0000000081a00000,0x0000000086f80000)
 Metaspace       used 17216K, capacity 17416K, committed 17664K, reserved 1064960K
  class space    used 2194K, capacity 2282K, committed 2304K, reserved 1048576K
Event: 3.927 GC heap after
Heap after GC invocations=1 (full 0):
 PSYoungGen      total 38400K, used 5112K [0x00000000d5e00000, 0x00000000d8880000, 0x0000000100000000)
  eden space 33280K, 0% used [0x00000000d5e00000,0x00000000d5e00000,0x00000000d7e80000)
  from space 5120K, 99% used [0x00000000d7e80000,0x00000000d837e010,0x00000000d8380000)
  to   space 5120K, 0% used [0x00000000d8380000,0x00000000d8380000,0x00000000d8880000)
 ParOldGen       total 87552K, used 4040K [0x0000000081a00000, 0x0000000086f80000, 0x00000000d5e00000)
  object space 87552K, 4% used [0x0000000081a00000,0x0000000081df20d0,0x0000000086f80000)
 Metaspace       used 17216K, capacity 17416K, committed 17664K, reserved 1064960K
  class space    used 2194K, capacity 2282K, committed 2304K, reserved 1048576K
}
Event: 39.143 GC heap before
{Heap before GC invocations=2 (full 0):
 PSYoungGen      total 38400K, used 38392K [0x00000000d5e00000, 0x00000000d8880000, 0x0000000100000000)
  eden space 33280K, 100% used [0x00000000d5e00000,0x00000000d7e80000,0x00000000d7e80000)
  from space 5120K, 99% used [0x00000000d7e80000,0x00000000d837e010,0x00000000d8380000)
  to   space 5120K, 0% used [0x00000000d8380000,0x00000000d8380000,0x00000000d8880000)
 ParOldGen       total 87552K, used 4040K [0x0000000081a00000, 0x0000000086f80000, 0x00000000d5e00000)
  object space 87552K, 4% used [0x0000000081a00000,0x0000000081df20d0,0x0000000086f80000)
 Metaspace       used 19016K, capacity 19214K, committed 19584K, reserved 1067008K
  class space    used 2335K, capacity 2413K, committed 2432K, reserved 1048576K
Event: 39.163 GC heap after
Heap after GC invocations=2 (full 0):
 PSYoungGen      total 38400K, used 3486K [0x00000000d5e00000, 0x00000000d8880000, 0x0000000100000000)
  eden space 33280K, 0% used [0x00000000d5e00000,0x00000000d5e00000,0x00000000d7e80000)
  from space 5120K, 68% used [0x00000000d8380000,0x00000000d86e79d0,0x00000000d8880000)
  to   space 5120K, 0% used [0x00000000d7e80000,0x00000000d7e80000,0x00000000d8380000)
 ParOldGen       total 87552K, used 14939K [0x0000000081a00000, 0x0000000086f80000, 0x00000000d5e00000)
  object space 87552K, 17% used [0x0000000081a00000,0x0000000082896ef0,0x0000000086f80000)
 Metaspace       used 19016K, capacity 19214K, committed 19584K, reserved 1067008K
  class space    used 2335K, capacity 2413K, committed 2432K, reserved 1048576K
}
Event: 176.066 GC heap before
{Heap before GC invocations=3 (full 0):
 PSYoungGen      total 38400K, used 36766K [0x00000000d5e00000, 0x00000000d8880000, 0x0000000100000000)
  eden space 33280K, 100% used [0x00000000d5e00000,0x00000000d7e80000,0x00000000d7e80000)
  from space 5120K, 68% used [0x00000000d8380000,0x00000000d86e79d0,0x00000000d8880000)
  to   space 5120K, 0% used [0x00000000d7e80000,0x00000000d7e80000,0x00000000d8380000)
 ParOldGen       total 87552K, used 14939K [0x0000000081a00000, 0x0000000086f80000, 0x00000000d5e00000)
  object space 87552K, 17% used [0x0000000081a00000,0x0000000082896ef0,0x0000000086f80000)
 Metaspace       used 19629K, capacity 19886K, committed 20224K, reserved 1067008K
  class space    used 2376K, capacity 2481K, committed 2560K, reserved 1048576K
Event: 176.093 GC heap after
Heap after GC invocations=3 (full 0):
 PSYoungGen      total 38400K, used 4457K [0x00000000d5e00000, 0x00000000d8880000, 0x0000000100000000)
  eden space 33280K, 0% used [0x00000000d5e00000,0x00000000d5e00000,0x00000000d7e80000)
  from space 5120K, 87% used [0x00000000d7e80000,0x00000000d82da6c8,0x00000000d8380000)
  to   space 5120K, 0% used [0x00000000d8380000,0x00000000d8380000,0x00000000d8880000)
 ParOldGen       total 87552K, used 22622K [0x0000000081a00000, 0x0000000086f80000, 0x00000000d5e00000)
  object space 87552K, 25% used [0x0000000081a00000,0x0000000083017a78,0x0000000086f80000)
 Metaspace       used 19629K, capacity 19886K, committed 20224K, reserved 1067008K
  class space    used 2376K, capacity 2481K, committed 2560K, reserved 1048576K
}

Deoptimization events (10 events):
Event: 31.349 Thread 0x000000001956d800 Uncommon trap: reason=class_check action=maybe_recompile pc=0x00000000030431bc method=javax.swing.RepaintManager.addDirtyRegion0(Ljava/awt/Container;IIII)V @ 91
Event: 39.536 Thread 0x000000001956d800 Uncommon trap: reason=unstable_if action=reinterpret pc=0x0000000002f5a250 method=java.lang.StrictMath.floorOrCeil(DDDD)D @ 115
Event: 135.529 Thread 0x000000001956d800 Uncommon trap: reason=bimorphic action=maybe_recompile pc=0x0000000003079b18 method=java.awt.Component.getBackground()Ljava/awt/Color; @ 21
Event: 135.529 Thread 0x000000001956d800 Uncommon trap: reason=bimorphic action=maybe_recompile pc=0x0000000003079b18 method=java.awt.Component.getBackground()Ljava/awt/Color; @ 21
Event: 135.529 Thread 0x000000001956d800 Uncommon trap: reason=bimorphic action=maybe_recompile pc=0x0000000003079b18 method=java.awt.Component.getBackground()Ljava/awt/Color; @ 21
Event: 135.532 Thread 0x000000001956d800 Uncommon trap: reason=bimorphic action=maybe_recompile pc=0x0000000003079b18 method=java.awt.Component.getBackground()Ljava/awt/Color; @ 21
Event: 145.378 Thread 0x000000001956d800 Uncommon trap: reason=null_check action=make_not_entrant pc=0x0000000002cca640 method=java.awt.Color.equals(Ljava/lang/Object;)Z @ 1
Event: 145.487 Thread 0x000000001956d800 Uncommon trap: reason=unstable_if action=reinterpret pc=0x000000000324ac1c method=sun.util.calendar.CalendarUtils.isGregorianLeapYear(I)Z @ 3
Event: 145.487 Thread 0x000000001956d800 Uncommon trap: reason=unstable_if action=reinterpret pc=0x0000000002b0b7a0 method=sun.util.calendar.CalendarUtils.isGregorianLeapYear(I)Z @ 3
Event: 162.004 Thread 0x000000001956d800 Uncommon trap: reason=unstable_if action=reinterpret pc=0x0000000002fd6e44 method=java.awt.geom.AffineTransform.translate(DD)V @ 249

Internal exceptions (10 events):
Event: 0.371 Thread 0x00000000026ad800 Exception <a 'java/lang/ClassNotFoundException': javax/swing/JToolBarSeparator> (0x00000000d62587f0) thrown at [C:\re\workspace\8-2-build-windows-amd64-cygwin\jdk8u91\6644\hotspot\src\share\vm\classfile\systemDictionary.cpp, line 210]
Event: 0.371 Thread 0x00000000026ad800 Exception <a 'java/lang/ClassNotFoundException': ToolBarSeparator> (0x00000000d6258c88) thrown at [C:\re\workspace\8-2-build-windows-amd64-cygwin\jdk8u91\6644\hotspot\src\share\vm\classfile\systemDictionary.cpp, line 210]
Event: 0.371 Thread 0x00000000026ad800 Exception <a 'java/lang/ClassNotFoundException': ToolTip> (0x00000000d62593c8) thrown at [C:\re\workspace\8-2-build-windows-amd64-cygwin\jdk8u91\6644\hotspot\src\share\vm\classfile\systemDictionary.cpp, line 210]
Event: 0.372 Thread 0x00000000026ad800 Exception <a 'java/lang/ClassNotFoundException': Tree> (0x00000000d6259fe8) thrown at [C:\re\workspace\8-2-build-windows-amd64-cygwin\jdk8u91\6644\hotspot\src\share\vm\classfile\systemDictionary.cpp, line 210]
Event: 0.372 Thread 0x00000000026ad800 Exception <a 'java/lang/ClassNotFoundException': Tree> (0x00000000d625a728) thrown at [C:\re\workspace\8-2-build-windows-amd64-cygwin\jdk8u91\6644\hotspot\src\share\vm\classfile\systemDictionary.cpp, line 210]
Event: 0.372 Thread 0x00000000026ad800 Exception <a 'java/lang/ClassNotFoundException': javax/swing/JTreeCell> (0x00000000d625aaa8) thrown at [C:\re\workspace\8-2-build-windows-amd64-cygwin\jdk8u91\6644\hotspot\src\share\vm\classfile\systemDictionary.cpp, line 210]
Event: 0.372 Thread 0x00000000026ad800 Exception <a 'java/lang/ClassNotFoundException': TreeCell> (0x00000000d625af30) thrown at [C:\re\workspace\8-2-build-windows-amd64-cygwin\jdk8u91\6644\hotspot\src\share\vm\classfile\systemDictionary.cpp, line 210]
Event: 0.373 Thread 0x00000000026ad800 Exception <a 'java/lang/ClassNotFoundException': RootPane> (0x00000000d625b990) thrown at [C:\re\workspace\8-2-build-windows-amd64-cygwin\jdk8u91\6644\hotspot\src\share\vm\classfile\systemDictionary.cpp, line 210]
Event: 0.845 Thread 0x0000000019678800 Implicit null exception at 0x0000000002c59c3d to 0x0000000002c59fb5
Event: 10.623 Thread 0x000000001956d800 Implicit null exception at 0x0000000002f1aaf7 to 0x0000000002f1e26d

Events (10 events):
Event: 176.125 Executing VM operation: RevokeBias done
Event: 176.127 Executing VM operation: RevokeBias
Event: 176.127 Executing VM operation: RevokeBias done
Event: 176.128 Thread 0x0000000017453800 flushing nmethod 0x0000000002a9c3d0
Event: 176.128 Thread 0x0000000017453800 flushing nmethod 0x0000000002aaadd0
Event: 176.128 Thread 0x0000000017453800 flushing nmethod 0x0000000002aad690
Event: 176.128 Thread 0x0000000017453800 flushing nmethod 0x0000000002ae6c90
Event: 176.129 Thread 0x0000000017453800 flushing nmethod 0x0000000002b4c1d0
Event: 176.129 Thread 0x0000000017453800 flushing nmethod 0x0000000002b4fb10
Event: 176.129 Thread 0x0000000017453800 flushing nmethod 0x0000000002b55550


Dynamic libraries:
0x00007ff7793d0000 - 0x00007ff779407000 	C:\Program Files\Java\jdk1.8.0_91\bin\java.exe
0x00007fff76d30000 - 0x00007fff76f11000 	C:\WINDOWS\SYSTEM32\ntdll.dll
0x00007fff74bf0000 - 0x00007fff74ca2000 	C:\WINDOWS\System32\KERNEL32.DLL
0x00007fff73d90000 - 0x00007fff74003000 	C:\WINDOWS\System32\KERNELBASE.dll
0x00007fff76990000 - 0x00007fff76a31000 	C:\WINDOWS\System32\ADVAPI32.dll
0x00007fff768f0000 - 0x00007fff7698e000 	C:\WINDOWS\System32\msvcrt.dll
0x00007fff766f0000 - 0x00007fff7674b000 	C:\WINDOWS\System32\sechost.dll
0x00007fff741c0000 - 0x00007fff742e4000 	C:\WINDOWS\System32\RPCRT4.dll
0x00007fff76b70000 - 0x00007fff76d00000 	C:\WINDOWS\System32\USER32.dll
0x00007fff73ba0000 - 0x00007fff73bc0000 	C:\WINDOWS\System32\win32u.dll
0x00007fff74620000 - 0x00007fff74648000 	C:\WINDOWS\System32\GDI32.dll
0x00007fff73100000 - 0x00007fff73292000 	C:\WINDOWS\System32\gdi32full.dll
0x00007fff74010000 - 0x00007fff740af000 	C:\WINDOWS\System32\msvcp_win.dll
0x00007fff73c10000 - 0x00007fff73d0a000 	C:\WINDOWS\System32\ucrtbase.dll
0x00007fff680e0000 - 0x00007fff68349000 	C:\WINDOWS\WinSxS\amd64_microsoft.windows.common-controls_6595b64144ccf1df_6.0.17134.285_none_fb4297e330656775\COMCTL32.dll
0x00007fff74d80000 - 0x00007fff750a3000 	C:\WINDOWS\System32\combase.dll
0x00007fff73d10000 - 0x00007fff73d8a000 	C:\WINDOWS\System32\bcryptPrimitives.dll
0x00007fff76750000 - 0x00007fff7677d000 	C:\WINDOWS\System32\IMM32.DLL
0x000000005d710000 - 0x000000005d7e2000 	C:\Program Files\Java\jdk1.8.0_91\jre\bin\msvcr100.dll
0x000000005d7f0000 - 0x000000005e083000 	C:\Program Files\Java\jdk1.8.0_91\jre\bin\server\jvm.dll
0x00007fff74720000 - 0x00007fff74728000 	C:\WINDOWS\System32\PSAPI.DLL
0x00007fff66290000 - 0x00007fff6629a000 	C:\WINDOWS\SYSTEM32\VERSION.dll
0x00007fff66370000 - 0x00007fff66379000 	C:\WINDOWS\SYSTEM32\WSOCK32.dll
0x00007fff71280000 - 0x00007fff712a3000 	C:\WINDOWS\SYSTEM32\WINMM.dll
0x00007fff74cb0000 - 0x00007fff74d1c000 	C:\WINDOWS\System32\WS2_32.dll
0x00007fff71160000 - 0x00007fff7118a000 	C:\WINDOWS\SYSTEM32\winmmbase.dll
0x00007fff73bc0000 - 0x00007fff73c09000 	C:\WINDOWS\System32\cfgmgr32.dll
0x000000005d6c0000 - 0x000000005d6cf000 	C:\Program Files\Java\jdk1.8.0_91\jre\bin\verify.dll
0x000000005d690000 - 0x000000005d6b9000 	C:\Program Files\Java\jdk1.8.0_91\jre\bin\java.dll
0x000000005d670000 - 0x000000005d686000 	C:\Program Files\Java\jdk1.8.0_91\jre\bin\zip.dll
0x00007fff752b0000 - 0x00007fff766f0000 	C:\WINDOWS\System32\SHELL32.dll
0x00007fff74650000 - 0x00007fff746f9000 	C:\WINDOWS\System32\shcore.dll
0x00007fff73490000 - 0x00007fff73b9d000 	C:\WINDOWS\System32\windows.storage.dll
0x00007fff74d20000 - 0x00007fff74d71000 	C:\WINDOWS\System32\shlwapi.dll
0x00007fff730a0000 - 0x00007fff730b1000 	C:\WINDOWS\System32\kernel.appcore.dll
0x00007fff730c0000 - 0x00007fff730df000 	C:\WINDOWS\System32\profapi.dll
0x00007fff73050000 - 0x00007fff7309c000 	C:\WINDOWS\System32\powrprof.dll
0x00007fff73040000 - 0x00007fff7304a000 	C:\WINDOWS\System32\FLTLIB.DLL
0x000000005d220000 - 0x000000005d3b8000 	C:\Program Files\Java\jdk1.8.0_91\jre\bin\awt.dll
0x00007fff76a40000 - 0x00007fff76b02000 	C:\WINDOWS\System32\OLEAUT32.dll
0x00007fff713d0000 - 0x00007fff7145b000 	C:\WINDOWS\SYSTEM32\apphelp.dll
0x00007fff716d0000 - 0x00007fff71768000 	C:\WINDOWS\system32\uxtheme.dll
0x00007fff750b0000 - 0x00007fff75225000 	C:\WINDOWS\System32\MSCTF.dll
0x00007fff717b0000 - 0x00007fff717d9000 	C:\WINDOWS\system32\dwmapi.dll
0x00007fff76780000 - 0x00007fff768d1000 	C:\WINDOWS\System32\ole32.dll
0x000000005d5e0000 - 0x000000005d627000 	C:\Program Files\Java\jdk1.8.0_91\jre\bin\fontmanager.dll
0x000000005d650000 - 0x000000005d66a000 	C:\Program Files\Java\jdk1.8.0_91\jre\bin\net.dll
0x00007fff72860000 - 0x00007fff728c6000 	C:\WINDOWS\system32\mswsock.dll
0x000000005d630000 - 0x000000005d641000 	C:\Program Files\Java\jdk1.8.0_91\jre\bin\nio.dll
0x000000005d590000 - 0x000000005d5d2000 	C:\Program Files\Java\jdk1.8.0_91\jre\bin\t2k.dll
0x00007fff74580000 - 0x00007fff74620000 	C:\WINDOWS\System32\clbcatq.dll
0x00007fff6f500000 - 0x00007fff6f6ae000 	C:\WINDOWS\SYSTEM32\WindowsCodecs.dll
0x00007fff4b430000 - 0x00007fff4b488000 	C:\WINDOWS\system32\dataexchange.dll
0x00007fff70ba0000 - 0x00007fff70d3c000 	C:\WINDOWS\system32\dcomp.dll
0x00007fff702c0000 - 0x00007fff705cb000 	C:\WINDOWS\system32\d3d11.dll
0x00007fff71e00000 - 0x00007fff71ebb000 	C:\WINDOWS\system32\dxgi.dll
0x00007fff718f0000 - 0x00007fff71aa8000 	C:\WINDOWS\system32\twinapi.appcore.dll
0x00007fff71890000 - 0x00007fff718b1000 	C:\WINDOWS\system32\RMCLIENT.dll
0x00007fff72620000 - 0x00007fff726de000 	C:\WINDOWS\SYSTEM32\DNSAPI.dll
0x00007fff74730000 - 0x00007fff74738000 	C:\WINDOWS\System32\NSI.dll
0x00007fff725e0000 - 0x00007fff72618000 	C:\WINDOWS\SYSTEM32\IPHLPAPI.DLL
0x00007fff68af0000 - 0x00007fff68afa000 	C:\Windows\System32\rasadhlp.dll
0x00007fff68d80000 - 0x00007fff68df2000 	C:\WINDOWS\System32\fwpuclnt.dll
0x00007fff72b40000 - 0x00007fff72b65000 	C:\WINDOWS\SYSTEM32\bcrypt.dll
0x00007fff653c0000 - 0x00007fff65457000 	C:\WINDOWS\System32\TextInputFramework.dll
0x00007fff71080000 - 0x00007fff7115a000 	C:\WINDOWS\System32\CoreMessaging.dll
0x00007fff6eff0000 - 0x00007fff6f30e000 	C:\WINDOWS\System32\CoreUIComponents.dll
0x00007fff6eea0000 - 0x00007fff6efed000 	C:\WINDOWS\SYSTEM32\wintypes.dll
0x00007fff72130000 - 0x00007fff72161000 	C:\WINDOWS\SYSTEM32\ntmarta.dll
0x000000005d540000 - 0x000000005d56a000 	C:\Program Files\Java\jdk1.8.0_91\jre\bin\dcpr.dll

VM Arguments:
jvm_args: -Dfile.encoding=UTF-8 
java_command: bank.ViewLoanApplications
java_class_path (initial): C:\Users\chris\Downloads\mysql-connector-java-5.1.46\mysql-connector-java-5.1.46\mysql-connector-java-5.1.46-bin.jar;C:\Program Files\NetBeans 8.2\ide\modules\ext\swingx-all-1.6.4.jar;C:\Users\chris\Downloads\jcalendar-1.4.jar\jcalendar-1.4.jar;C:\Users\chris\Downloads\Bank files\Banking Management System Resources & Database\JTattoo-1.6.11.jar;C:\Users\chris\Downloads\1479947884_PlaceHolder\PlaceHolder.jar;C:\Users\chris\Downloads\poi-bin-3.17-20170915\poi-3.17\poi-ooxml-3.17.jar;C:\Users\chris\Downloads\poi-bin-3.17-20170915\poi-3.17\poi-3.17.jar;C:\Users\chris\Downloads\poi-bin-3.17-20170915\poi-3.17\ooxml-lib\xmlbeans-2.6.0.jar;C:\Users\chris\Downloads\poi-bin-3.17-20170915\poi-3.17\ooxml-lib\curvesapi-1.04.jar;C:\Users\chris\Downloads\poi-bin-3.17-20170915\poi-3.17\poi-examples-3.17.jar;C:\Users\chris\Downloads\poi-bin-3.17-20170915\poi-3.17\poi-excelant-3.17.jar;C:\Users\chris\Downloads\poi-bin-3.17-20170915\poi-3.17\poi-ooxml-schemas-3.17.jar;C:\Users\chris\Downloads\poi-bin-3.17-20170915\poi-3.17\poi-scratchpad-3.17.jar;C:\Users\chris\Downloads\commons-collections4-4.1.jar;C:\Users\chris\Desktop\Java Projects\Banking\build\classes
Launcher Type: SUN_STANDARD

Environment Variables:
PATH=C:\ProgramData\Oracle\Java\javapath;C:\Program Files (x86)\Intel\iCLS Client\;C:\Program Files\Intel\iCLS Client\;C:\WINDOWS\system32;C:\WINDOWS;C:\WINDOWS\System32\Wbem;C:\WINDOWS\System32\WindowsPowerShell\v1.0\;C:\Program Files (x86)\Intel\Intel(R) Management Engine Components\DAL;C:\Program Files\Intel\Intel(R) Management Engine Components\DAL;C:\Program Files (x86)\Intel\Intel(R) Management Engine Components\IPT;C:\Program Files\Intel\Intel(R) Management Engine Components\IPT;C:\Program Files\Microsoft SQL Server\130\Tools\Binn\;C:\Program Files\Microsoft\Web Platform Installer\;C:\Program Files\dotnet\;C:\Program Files\Git\cmd;C:\Program Files\nodejs\;C:\Program Files\PuTTY\;C:\Program Files (x86)\Yarn\bin;C:\Program Files\MySQL\MySQL Server 8.0\bin;C:\WINDOWS\System32\OpenSSH\;C:\Program Files\Intel\WiFi\bin\;C:\Program Files\Common Files\Intel\WirelessCommon\;C:\maven\apache-maven-3.5.4\bin;;C:\Program Files\Microsoft VS Code\bin;C:\Users\chris\AppData\Local\Microsoft\WindowsApps;C:\Users\chris\AppData\Roaming\npm;C:\mongodb\bin;C:\Users\chris\AppData\Local\Yarn\bin;C:\Program Files\Microsoft VS Code\bin;C:\Users\chris\AppData\Local\atom\bin;%USERPROFILE%\AppData\Local\Microsoft\WindowsApps;
USERNAME=chris
OS=Windows_NT
PROCESSOR_IDENTIFIER=Intel64 Family 6 Model 78 Stepping 3, GenuineIntel



---------------  S Y S T E M  ---------------

OS: Windows 10.0 , 64 bit Build 17134 (10.0.17134.1)

CPU:total 4 (2 cores per cpu, 2 threads per core) family 6 model 78 stepping 3, cmov, cx8, fxsr, mmx, sse, sse2, sse3, ssse3, sse4.1, sse4.2, popcnt, avx, avx2, aes, clmul, erms, 3dnowpref, lzcnt, ht, tsc, tscinvbit, bmi1, bmi2, adx

Memory: 4k page, physical 8276896k(1068428k free), swap 8276896k(6760k free)

vm_info: Java HotSpot(TM) 64-Bit Server VM (25.91-b14) for windows-amd64 JRE (1.8.0_91-b14), built on Apr  1 2016 00:58:32 by "java_re" with MS VC++ 10.0 (VS2010)

time: Wed Oct 03 09:14:11 2018
elapsed time: 177 seconds (0d 0h 2m 57s)

