JvmtiExport can_access_local_variables 0
JvmtiExport can_hotswap_or_post_breakpoint 0
JvmtiExport can_post_on_exceptions 0
# 343 ciObject found
ciMethod java/lang/Object <init> ()V 4097 1 302883 0 0
ciMethod java/lang/Object hashCode ()I 2049 1 256 0 -1
ciMethod java/lang/Object equals (Ljava/lang/Object;)Z 2105 1 9448 0 64
ciMethod java/lang/Object notifyAll ()V 2049 1 256 0 -1
ciMethod java/lang/Object wait ()V 57 1 15 0 -1
ciMethod java/lang/Thread currentThread ()Ljava/lang/Thread; 2049 1 256 0 -1
ciMethod java/lang/Thread interrupt ()V 0 0 1 0 0
ciMethod java/lang/Thread interrupted ()Z 2049 1 5225 0 0
ciMethod java/lang/Thread isInterrupted (Z)Z 2049 1 256 0 -1
ciMethod java/lang/Thread checkAccess ()V 345 1 43 0 -1
ciMethod java/lang/Thread interrupt0 ()V 0 0 1 0 -1
ciMethod java/util/Map isEmpty ()Z 0 0 1 0 -1
ciMethod java/util/Map get (Ljava/lang/Object;)Ljava/lang/Object; 0 0 1 0 -1
ciMethod sun/misc/Unsafe putObject (Ljava/lang/Object;JLjava/lang/Object;)V 3073 1 384 0 -1
ciMethod sun/misc/Unsafe compareAndSwapObject (Ljava/lang/Object;JLjava/lang/Object;Ljava/lang/Object;)Z 3073 1 384 0 -1
ciMethod sun/misc/Unsafe compareAndSwapInt (Ljava/lang/Object;JII)Z 2049 1 256 0 -1
ciMethod sun/misc/Unsafe unpark (Ljava/lang/Object;)V 2049 1 256 0 -1
ciMethod sun/misc/Unsafe park (ZJ)V 3081 1 385 0 -1
ciMethod java/util/Set isEmpty ()Z 0 0 1 0 -1
ciMethod java/util/Set add (Ljava/lang/Object;)Z 0 0 1 0 -1
ciMethod java/util/Set remove (Ljava/lang/Object;)Z 0 0 1 0 -1
ciMethod java/util/HashMap hash (Ljava/lang/Object;)I 2481 1 28728 0 160
ciMethod java/util/HashMap put (Ljava/lang/Object;Ljava/lang/Object;)Ljava/lang/Object; 3073 1 6171 0 192
ciMethod java/util/HashMap putVal (ILjava/lang/Object;Ljava/lang/Object;ZZ)Ljava/lang/Object; 3097 249 10827 0 3392
ciMethod java/util/HashMap resize ()[Ljava/util/HashMap$Node; 329 3905 3128 0 -1
ciMethod java/util/HashMap treeifyBin ([Ljava/util/HashMap$Node;I)V 1 1 5 0 -1
ciMethod java/util/HashMap remove (Ljava/lang/Object;)Ljava/lang/Object; 1849 1 4696 0 0
ciMethod java/util/HashMap removeNode (ILjava/lang/Object;Ljava/lang/Object;ZZ)Ljava/util/HashMap$Node; 1849 1 4696 0 0
ciMethod java/util/HashMap newNode (ILjava/lang/Object;Ljava/lang/Object;Ljava/util/HashMap$Node;)Ljava/util/HashMap$Node; 2185 1 6629 0 -1
ciMethod java/util/HashMap afterNodeAccess (Ljava/util/HashMap$Node;)V 2889 1 1111 0 -1
ciMethod java/util/HashMap afterNodeInsertion (Z)V 3097 1 1411 0 -1
ciMethod java/util/HashMap afterNodeRemoval (Ljava/util/HashMap$Node;)V 2049 1 1280 0 0
ciMethodData java/lang/Object <init> ()V 2 302883 orig 264 8 193 197 110 0 0 0 0 128 4 252 22 0 0 0 0 32 1 0 0 0 0 0 0 0 0 0 0 0 0 0 0 0 0 0 0 0 0 0 0 0 0 0 0 0 0 0 0 0 0 0 0 0 0 0 0 0 0 0 0 0 0 0 0 0 0 0 0 0 0 0 0 0 0 0 0 0 0 0 0 77 68 79 32 101 120 116 114 97 32 100 97 116 97 32 108 111 99 107 0 0 0 0 0 0 0 0 0 0 0 0 0 0 0 0 0 0 0 0 0 0 0 0 0 0 0 0 0 0 0 0 0 0 0 0 0 0 0 0 0 0 0 0 0 0 0 0 0 0 0 0 0 0 0 0 0 0 0 0 0 0 0 0 0 0 0 0 0 0 0 0 0 0 0 0 0 0 0 0 0 0 0 0 0 1 0 0 0 0 0 0 0 1 0 0 0 0 0 0 0 1 0 0 0 0 0 0 0 0 0 0 0 0 0 0 0 0 2 0 0 25 233 36 0 1 0 0 0 0 0 0 0 0 0 0 0 2 0 0 0 0 0 3 0 1 0 0 0 0 0 0 0 255 255 255 255 0 0 0 0 0 0 0 0 data 0 oops 0
ciMethod java/util/HashMap$TreeNode getTreeNode (ILjava/lang/Object;)Ljava/util/HashMap$TreeNode; 3081 1 697 0 -1
ciMethod java/util/HashMap$TreeNode putTreeVal (Ljava/util/HashMap;[Ljava/util/HashMap$Node;ILjava/lang/Object;Ljava/lang/Object;)Ljava/util/HashMap$TreeNode; 9 25 13 0 -1
ciMethod java/util/HashMap$TreeNode removeTreeNode (Ljava/util/HashMap;[Ljava/util/HashMap$Node;Z)V 0 0 1 0 -1
ciMethod java/util/concurrent/locks/Lock lock ()V 0 0 1 0 -1
ciMethod java/util/concurrent/locks/Lock unlock ()V 0 0 1 0 -1
ciMethod java/util/concurrent/locks/ReentrantLock lock ()V 2121 1 5391 0 128
ciMethod java/util/concurrent/locks/ReentrantLock unlock ()V 3153 1 5514 0 320
ciMethod java/util/HashSet add (Ljava/lang/Object;)Z 2097 1 5383 0 288
ciMethod java/util/HashSet remove (Ljava/lang/Object;)Z 2049 1 2280 0 0
ciMethodData java/util/HashMap hash (Ljava/lang/Object;)I 2 28729 orig 264 8 193 197 110 0 0 0 0 208 96 10 23 0 0 0 0 176 1 0 0 32 0 0 0 0 0 0 0 0 0 0 0 0 0 0 0 0 0 0 0 0 0 0 0 0 0 0 0 0 0 0 0 0 0 0 0 0 0 0 0 0 0 0 0 0 0 0 0 0 0 0 0 0 0 0 0 0 0 0 0 77 68 79 32 101 120 116 114 97 32 100 97 116 97 32 108 111 99 107 0 0 0 0 0 0 0 0 0 0 0 0 0 0 0 0 0 0 0 0 0 0 0 0 0 0 0 0 0 0 0 0 0 0 0 0 0 0 0 0 0 0 0 0 0 0 0 0 0 0 0 0 0 0 0 0 0 0 0 0 0 0 0 0 0 0 0 0 0 0 0 0 0 0 0 0 0 0 0 0 0 0 0 0 0 17 0 0 0 0 0 0 0 0 0 0 0 0 0 0 0 0 0 0 0 0 0 0 0 0 0 0 0 0 0 0 0 53 1 0 0 25 120 3 0 1 0 0 0 0 0 0 0 0 0 0 0 2 0 0 0 0 0 6 0 2 0 0 0 104 0 0 0 255 255 255 255 7 0 1 0 0 0 0 0 data 13 0x10007 0x6e1f 0x38 0xe4 0x50003 0xe4 0x48 0x90005 0x408c 0x2d29ee0 0x2d70 0x1794dbe0 0x23 oops 2 9 java/lang/String 11 java/io/File
ciMethod java/awt/Component isCoalescingEnabled ()Z 969 1 121 0 0
ciMethodData java/util/HashMap put (Ljava/lang/Object;Ljava/lang/Object;)Ljava/lang/Object; 2 6171 orig 264 8 193 197 110 0 0 0 0 192 107 10 23 0 0 0 0 152 1 0 0 0 0 0 0 0 0 0 0 0 0 0 0 0 0 0 0 0 0 0 0 0 0 0 0 0 0 0 0 0 0 0 0 0 0 0 0 0 0 0 0 0 0 0 0 0 0 0 0 0 0 0 0 0 0 0 0 0 0 0 0 77 68 79 32 101 120 116 114 97 32 100 97 116 97 32 108 111 99 107 0 0 0 0 0 0 0 0 0 0 0 0 0 0 0 0 0 0 0 0 0 0 0 0 0 0 0 0 0 0 0 0 0 0 0 0 0 0 0 0 0 0 0 0 0 0 0 0 0 0 0 0 0 0 0 0 0 0 0 0 0 0 0 0 0 0 0 0 0 0 0 0 0 0 0 0 0 0 0 0 0 0 0 0 0 0 0 0 0 0 0 0 0 0 0 0 0 0 0 0 0 0 0 0 0 0 0 0 0 0 0 0 0 0 0 0 0 128 1 0 0 217 180 0 0 1 0 0 0 0 0 0 0 0 0 0 0 2 0 0 0 0 0 7 0 2 0 0 0 64 0 0 0 255 255 255 255 2 0 2 0 0 0 0 0 data 8 0x20002 0x169b 0x90005 0x369 0x1bd1b590 0x1326 0x19412000 0xc oops 2 4 java/util/HashMap 6 java/io/ExpiringCache$1
ciMethodData java/lang/Object equals (Ljava/lang/Object;)Z 2 9448 orig 264 8 193 197 110 0 0 0 0 232 6 252 22 0 0 0 0 136 1 0 0 0 0 0 0 0 0 0 0 0 0 0 0 0 0 0 0 0 0 0 0 0 0 0 0 0 0 0 0 0 0 0 0 0 0 0 0 0 0 0 0 0 0 0 0 0 0 0 0 0 0 0 0 0 0 0 0 0 0 0 0 77 68 79 32 101 120 116 114 97 32 100 97 116 97 32 108 111 99 107 0 0 0 0 0 0 0 0 0 0 0 0 0 0 0 0 0 0 0 0 0 0 0 0 0 0 0 0 0 0 0 0 0 0 0 0 0 0 0 0 0 0 0 0 0 0 0 0 0 0 0 0 0 0 0 0 0 0 0 0 0 0 0 0 0 0 0 0 0 0 0 0 0 0 0 0 0 0 0 0 0 0 0 0 0 0 0 0 0 0 0 0 0 0 0 0 0 0 0 0 0 0 0 0 0 0 0 0 0 0 0 0 0 0 0 0 0 7 1 0 0 9 31 1 0 1 0 0 0 0 0 0 0 0 0 0 0 2 0 0 0 0 0 6 0 2 0 0 0 56 0 0 0 255 255 255 255 7 0 2 0 0 0 0 0 data 7 0x20007 0x9bd 0x38 0x1a24 0x60003 0x1a24 0x18 oops 0
ciMethod java/awt/AWTEvent getID ()I 1233 1 154 0 0
ciMethod java/util/EventObject getSource ()Ljava/lang/Object; 1033 1 129 0 0
ciMethod java/awt/peer/ComponentPeer coalescePaintEvent (Ljava/awt/event/PaintEvent;)V 0 0 1 0 -1
ciMethod sun/awt/SunToolkit flushPendingEvents (Lsun/awt/AppContext;)V 2281 1 11571 0 0
ciMethod java/util/concurrent/locks/ReentrantLock$NonfairSync lock ()V 3097 1 5391 0 0
ciMethod java/util/concurrent/locks/ReentrantLock$NonfairSync tryAcquire (I)Z 17 1 3292 0 0
ciMethod java/util/concurrent/locks/ReentrantLock$Sync lock ()V 0 0 1 0 -1
ciMethod java/util/concurrent/locks/ReentrantLock$Sync nonfairTryAcquire (I)Z 17 1 3292 0 0
ciMethod java/util/concurrent/locks/ReentrantLock$Sync tryRelease (I)Z 3129 1 5520 0 128
ciMethod java/util/concurrent/locks/ReentrantLock$Sync isHeldExclusively ()Z 2049 1 5376 0 96
ciMethod java/util/concurrent/locks/AbstractQueuedSynchronizer getState ()I 1049 1 131 0 0
ciMethod java/util/concurrent/locks/AbstractQueuedSynchronizer setState (I)V 2065 1 7452 0 0
ciMethod java/util/concurrent/locks/AbstractQueuedSynchronizer compareAndSetState (II)Z 2097 1 12337 0 0
ciMethod java/util/concurrent/locks/AbstractQueuedSynchronizer enq (Ljava/util/concurrent/locks/AbstractQueuedSynchronizer$Node;)Ljava/util/concurrent/locks/AbstractQueuedSynchronizer$Node; 2017 33 2492 0 0
ciMethod java/util/concurrent/locks/AbstractQueuedSynchronizer addWaiter (Ljava/util/concurrent/locks/AbstractQueuedSynchronizer$Node;)Ljava/util/concurrent/locks/AbstractQueuedSynchronizer$Node; 0 0 13 0 0
ciMethod java/util/concurrent/locks/AbstractQueuedSynchronizer setHead (Ljava/util/concurrent/locks/AbstractQueuedSynchronizer$Node;)V 2049 1 2505 0 0
ciMethod java/util/concurrent/locks/AbstractQueuedSynchronizer unparkSuccessor (Ljava/util/concurrent/locks/AbstractQueuedSynchronizer$Node;)V 1 1 303 0 0
ciMethod java/util/concurrent/locks/AbstractQueuedSynchronizer cancelAcquire (Ljava/util/concurrent/locks/AbstractQueuedSynchronizer$Node;)V 0 0 1 0 0
ciMethod java/util/concurrent/locks/AbstractQueuedSynchronizer shouldParkAfterFailedAcquire (Ljava/util/concurrent/locks/AbstractQueuedSynchronizer$Node;Ljava/util/concurrent/locks/AbstractQueuedSynchronizer$Node;)Z 9 1 2 0 0
ciMethod java/util/concurrent/locks/AbstractQueuedSynchronizer selfInterrupt ()V 0 0 1 0 0
ciMethod java/util/concurrent/locks/AbstractQueuedSynchronizer parkAndCheckInterrupt ()Z 0 0 1 0 0
ciMethod java/util/concurrent/locks/AbstractQueuedSynchronizer acquireQueued (Ljava/util/concurrent/locks/AbstractQueuedSynchronizer$Node;I)Z 1 1 2505 0 0
ciMethod java/util/concurrent/locks/AbstractQueuedSynchronizer tryAcquire (I)Z 0 0 1 0 -1
ciMethod java/util/concurrent/locks/AbstractQueuedSynchronizer tryRelease (I)Z 0 0 1 0 -1
ciMethod java/util/concurrent/locks/AbstractQueuedSynchronizer isHeldExclusively ()Z 0 0 1 0 -1
ciMethod java/util/concurrent/locks/AbstractQueuedSynchronizer acquire (I)V 9 1 1944 0 0
ciMethod java/util/concurrent/locks/AbstractQueuedSynchronizer release (I)Z 3129 1 9200 0 0
ciMethod java/util/concurrent/locks/AbstractQueuedSynchronizer isOnSyncQueue (Ljava/util/concurrent/locks/AbstractQueuedSynchronizer$Node;)Z 2049 1 5029 0 0
ciMethod java/util/concurrent/locks/AbstractQueuedSynchronizer findNodeFromTail (Ljava/util/concurrent/locks/AbstractQueuedSynchronizer$Node;)Z 953 1 2418 0 0
ciMethod java/util/concurrent/locks/AbstractQueuedSynchronizer transferForSignal (Ljava/util/concurrent/locks/AbstractQueuedSynchronizer$Node;)Z 2049 1 2442 0 0
ciMethod java/util/concurrent/locks/AbstractQueuedSynchronizer transferAfterCancelledWait (Ljava/util/concurrent/locks/AbstractQueuedSynchronizer$Node;)Z 73 1 76 0 -1
ciMethod java/util/concurrent/locks/AbstractQueuedSynchronizer fullyRelease (Ljava/util/concurrent/locks/AbstractQueuedSynchronizer$Node;)I 2985 1 2495 0 0
ciMethod java/util/concurrent/locks/AbstractQueuedSynchronizer compareAndSetHead (Ljava/util/concurrent/locks/AbstractQueuedSynchronizer$Node;)Z 65 1 9 0 0
ciMethod java/util/concurrent/locks/AbstractQueuedSynchronizer compareAndSetTail (Ljava/util/concurrent/locks/AbstractQueuedSynchronizer$Node;Ljava/util/concurrent/locks/AbstractQueuedSynchronizer$Node;)Z 2049 1 2505 0 0
ciMethod java/util/concurrent/locks/AbstractQueuedSynchronizer compareAndSetWaitStatus (Ljava/util/concurrent/locks/AbstractQueuedSynchronizer$Node;II)Z 2049 1 5239 0 0
ciMethod java/util/concurrent/locks/AbstractQueuedSynchronizer compareAndSetNext (Ljava/util/concurrent/locks/AbstractQueuedSynchronizer$Node;Ljava/util/concurrent/locks/AbstractQueuedSynchronizer$Node;Ljava/util/concurrent/locks/AbstractQueuedSynchronizer$Node;)Z 0 0 1 0 -1
ciMethod java/util/concurrent/locks/AbstractOwnableSynchronizer setExclusiveOwnerThread (Ljava/lang/Thread;)V 2105 1 14702 0 0
ciMethod java/util/concurrent/locks/AbstractOwnableSynchronizer getExclusiveOwnerThread ()Ljava/lang/Thread; 1041 1 130 0 0
ciMethod java/util/concurrent/locks/AbstractQueuedSynchronizer$Node predecessor ()Ljava/util/concurrent/locks/AbstractQueuedSynchronizer$Node; 2049 1 2507 0 0
ciMethod java/util/concurrent/locks/AbstractQueuedSynchronizer$Node <init> ()V 73 1 10 0 0
ciMethod java/util/concurrent/locks/AbstractQueuedSynchronizer$Node <init> (Ljava/lang/Thread;Ljava/util/concurrent/locks/AbstractQueuedSynchronizer$Node;)V 105 1 13 0 -1
ciMethod java/util/concurrent/locks/AbstractQueuedSynchronizer$Node <init> (Ljava/lang/Thread;I)V 2049 1 2496 0 0
ciMethod java/util/concurrent/locks/Condition await ()V 0 0 1 0 -1
ciMethod java/util/concurrent/locks/Condition signalAll ()V 0 0 1 0 -1
ciMethod java/util/concurrent/locks/AbstractQueuedSynchronizer$ConditionObject addConditionWaiter ()Ljava/util/concurrent/locks/AbstractQueuedSynchronizer$Node; 2049 1 2495 0 0
ciMethod java/util/concurrent/locks/AbstractQueuedSynchronizer$ConditionObject doSignalAll (Ljava/util/concurrent/locks/AbstractQueuedSynchronizer$Node;)V 497 1 2276 0 0
ciMethod java/util/concurrent/locks/AbstractQueuedSynchronizer$ConditionObject unlinkCancelledWaiters ()V 17 17 17 0 0
ciMethod java/util/concurrent/locks/AbstractQueuedSynchronizer$ConditionObject signalAll ()V 2049 1 6967 0 0
ciMethod java/util/concurrent/locks/AbstractQueuedSynchronizer$ConditionObject checkInterruptWhileWaiting (Ljava/util/concurrent/locks/AbstractQueuedSynchronizer$Node;)I 2049 1 2533 0 0
ciMethod java/util/concurrent/locks/AbstractQueuedSynchronizer$ConditionObject reportInterruptAfterWait (I)V 0 0 1 0 -1
ciMethod java/util/concurrent/locks/AbstractQueuedSynchronizer$ConditionObject await ()V 601 585 2296 0 0
ciMethod sun/awt/AWTAutoShutdown getInstance ()Lsun/awt/AWTAutoShutdown; 2057 1 26073 0 0
ciMethod sun/awt/AWTAutoShutdown notifyThreadBusy (Ljava/lang/Thread;)V 1865 1 2631 0 0
ciMethod sun/awt/AWTAutoShutdown notifyThreadFree (Ljava/lang/Thread;)V 585 1 2276 0 0
ciMethod sun/awt/AWTAutoShutdown isReadyToShutdown ()Z 2057 1 5379 0 128
ciMethod sun/awt/AWTAutoShutdown activateBlockerThread ()V 9 1 1 0 -1
ciMethod java/util/IdentityHashMap isEmpty ()Z 2057 1 5377 0 64
ciMethod sun/nio/ch/Interruptible interrupt (Ljava/lang/Thread;)V 0 0 1 0 -1
ciMethod sun/awt/AppContext get (Ljava/lang/Object;)Ljava/lang/Object; 2225 1 5611 0 2304
ciMethod java/awt/EventQueue postEvent (Ljava/awt/AWTEvent;)V 1721 1 3385 0 0
ciMethod java/awt/EventQueue postEventPrivate (Ljava/awt/AWTEvent;)V 1721 1 3385 0 0
ciMethod java/awt/EventQueue getPriority (Ljava/awt/AWTEvent;)I 2745 1 3385 0 0
ciMethod java/awt/EventQueue postEvent (Ljava/awt/AWTEvent;I)V 2745 1 3386 0 0
ciMethod java/awt/EventQueue coalescePaintEvent (Ljava/awt/event/PaintEvent;)Z 9 1 3 0 0
ciMethod java/awt/EventQueue mergePaintEvents (Ljava/awt/event/PaintEvent;Ljava/awt/event/PaintEvent;)Ljava/awt/event/PaintEvent; 0 0 1 0 -1
ciMethod java/awt/EventQueue coalesceMouseEvent (Ljava/awt/event/MouseEvent;)Z 577 1 1156 0 0
ciMethod java/awt/EventQueue coalescePeerEvent (Lsun/awt/PeerEvent;)Z 0 0 1 0 -1
ciMethod java/awt/EventQueue coalesceOtherEvent (Ljava/awt/AWTEvent;I)Z 0 0 1 0 -1
ciMethod java/awt/EventQueue coalesceEvent (Ljava/awt/AWTEvent;I)Z 3073 1 3386 0 0
ciMethod java/awt/EventQueue cacheEQItem (Lsun/awt/EventQueueItem;)V 3073 1 3385 0 0
ciMethod java/awt/EventQueue uncacheEQItem (Lsun/awt/EventQueueItem;)V 1969 1 4625 0 0
ciMethod java/awt/EventQueue eventToCacheIndex (Ljava/awt/AWTEvent;)I 2897 1 7406 0 0
ciMethod java/awt/EventQueue noEvents ()Z 1865 7433 2634 0 0
ciMethod java/awt/EventQueue getNextEvent ()Ljava/awt/AWTEvent; 2057 121 5377 0 -1
ciMethod java/awt/EventQueue getNextEventPrivate ()Ljava/awt/AWTEvent; 2049 4265 6525 0 0
ciMethod java/awt/EventQueue initDispatchThread ()V 9 1 1 0 -1
ciMethod sun/awt/MostRecentKeyValue <init> (Ljava/lang/Object;Ljava/lang/Object;)V 17 1 2 0 -1
ciMethod sun/awt/MostRecentKeyValue setPair (Ljava/lang/Object;Ljava/lang/Object;)V 217 1 1031 0 -1
ciMethod sun/awt/PostEventQueue flush ()V 2089 41 7401 0 0
ciMethodData java/util/HashSet add (Ljava/lang/Object;)Z 2 5383 orig 264 8 193 197 110 0 0 0 0 168 77 24 23 0 0 0 0 184 1 0 0 0 0 0 0 0 0 0 0 0 0 0 0 0 0 0 0 0 0 0 0 0 0 0 0 0 0 0 0 0 0 0 0 0 0 0 0 0 0 0 0 0 0 0 0 0 0 0 0 0 0 0 0 0 0 0 0 0 0 0 0 77 68 79 32 101 120 116 114 97 32 100 97 116 97 32 108 111 99 107 0 0 0 0 0 0 0 0 0 0 0 0 0 0 0 0 0 0 0 0 0 0 0 0 0 0 0 0 0 0 0 0 0 0 0 0 0 0 0 0 0 0 0 0 0 0 0 0 0 0 0 0 0 0 0 0 0 0 0 0 0 0 0 0 0 0 0 0 0 0 0 0 0 0 0 0 0 0 0 0 0 0 0 0 0 0 0 0 0 0 0 0 0 0 0 0 0 0 0 0 0 0 0 0 0 0 0 0 0 0 0 0 0 0 0 0 0 6 1 0 0 9 160 0 0 1 0 0 0 0 0 0 0 0 0 0 0 2 0 0 0 0 0 6 0 2 0 0 0 104 0 0 0 255 255 255 255 5 0 8 0 0 0 0 0 data 13 0x80005 0x0 0x1bd1b590 0x1401 0x0 0x0 0xb0007 0x67a 0x38 0xd87 0xf0003 0xd87 0x18 oops 1 2 java/util/HashMap
ciMethod sun/awt/PeerEvent getFlags ()J 25 1 3 0 0
ciMethod sun/awt/EventQueueItem <init> (Ljava/awt/AWTEvent;)V 2049 1 7722 0 0
ciMethod java/util/concurrent/locks/LockSupport setBlocker (Ljava/lang/Thread;Ljava/lang/Object;)V 2049 1 5004 0 0
ciMethod java/util/concurrent/locks/LockSupport unpark (Ljava/lang/Thread;)V 2025 1 303 0 0
ciMethod java/util/concurrent/locks/LockSupport park (Ljava/lang/Object;)V 1945 1 2296 0 0
ciMethodData java/util/concurrent/locks/AbstractOwnableSynchronizer setExclusiveOwnerThread (Ljava/lang/Thread;)V 2 14702 orig 264 8 193 197 110 0 0 0 0 128 252 67 23 0 0 0 0 40 1 0 0 0 0 0 0 0 0 0 0 0 0 0 0 0 0 0 0 0 0 0 0 0 0 0 0 0 0 0 0 0 0 0 0 0 0 0 0 0 0 0 0 0 0 0 0 0 0 0 0 0 0 0 0 0 0 0 0 0 0 0 0 77 68 79 32 101 120 116 114 97 32 100 97 116 97 32 108 111 99 107 0 0 0 0 0 0 0 0 0 0 0 0 0 0 0 0 0 0 0 0 0 0 0 0 0 0 0 0 0 0 0 0 0 0 0 0 0 0 0 0 0 0 0 0 0 0 0 0 0 0 0 0 0 0 0 0 0 0 0 0 0 0 0 0 0 0 0 0 0 0 0 0 0 0 0 0 0 0 0 0 0 0 0 0 0 1 0 0 0 0 0 0 0 0 0 0 0 0 0 0 0 1 0 0 0 0 0 0 0 0 0 0 0 0 0 0 0 7 1 0 0 57 195 1 0 1 0 0 0 0 0 0 0 0 0 0 0 2 0 0 0 0 0 3 0 1 0 0 0 0 0 0 0 255 255 255 255 0 0 0 0 0 0 0 0 data 0 oops 0
ciMethodData java/util/concurrent/locks/AbstractQueuedSynchronizer setState (I)V 2 7452 orig 264 8 193 197 110 0 0 0 0 168 205 67 23 0 0 0 0 40 1 0 0 0 0 0 0 0 0 0 0 0 0 0 0 0 0 0 0 0 0 0 0 0 0 0 0 0 0 0 0 0 0 0 0 0 0 0 0 0 0 0 0 0 0 0 0 0 0 0 0 0 0 0 0 0 0 0 0 0 0 0 0 77 68 79 32 101 120 116 114 97 32 100 97 116 97 32 108 111 99 107 0 0 0 0 0 0 0 0 0 0 0 0 0 0 0 0 0 0 0 0 0 0 0 0 0 0 0 0 0 0 0 0 0 0 0 0 0 0 0 0 0 0 0 0 0 0 0 0 0 0 0 0 0 0 0 0 0 0 0 0 0 0 0 0 0 0 0 0 0 0 0 0 0 0 0 0 0 0 0 0 0 0 0 0 0 1 0 0 0 0 0 0 0 0 0 0 0 0 0 0 0 1 0 0 0 0 0 0 0 0 0 0 0 0 0 0 0 2 1 0 0 209 224 0 0 1 0 0 0 0 0 0 0 0 0 0 0 2 0 0 0 0 0 3 0 1 0 0 0 0 0 0 0 255 255 255 255 0 0 0 0 0 0 0 0 data 0 oops 0
ciMethodData java/util/concurrent/locks/AbstractQueuedSynchronizer compareAndSetState (II)Z 2 12337 orig 264 8 193 197 110 0 0 0 0 72 206 67 23 0 0 0 0 136 1 0 0 0 0 0 0 0 0 0 0 0 0 0 0 0 0 0 0 0 0 0 0 0 0 0 0 0 0 0 0 0 0 0 0 0 0 0 0 0 0 0 0 0 0 0 0 0 0 0 0 0 0 0 0 0 0 0 0 0 0 0 0 77 68 79 32 101 120 116 114 97 32 100 97 116 97 32 108 111 99 107 0 0 0 0 0 0 0 0 0 0 0 0 0 0 0 0 0 0 0 0 0 0 0 0 0 0 0 0 0 0 0 0 0 0 0 0 0 0 0 0 0 0 0 0 0 0 0 0 0 0 0 0 0 0 0 0 0 0 0 0 0 0 0 0 0 0 0 0 0 0 0 0 0 0 0 0 0 0 0 0 0 0 0 0 0 17 0 0 0 0 0 0 0 0 0 0 0 0 0 0 0 0 0 0 0 0 0 0 0 0 0 0 0 0 0 0 0 6 1 0 0 89 121 1 0 1 0 0 0 0 0 0 0 0 0 0 0 2 0 0 0 0 0 3 0 1 0 0 0 48 0 0 0 255 255 255 255 5 0 9 0 0 0 0 0 data 6 0x90005 0x4 0x0 0x0 0x0 0x0 oops 0
ciMethodData java/util/concurrent/locks/ReentrantLock lock ()V 2 5391 orig 264 8 193 197 110 0 0 0 0 88 70 22 23 0 0 0 0 120 1 0 0 0 0 0 0 0 0 0 0 0 0 0 0 0 0 0 0 0 0 0 0 0 0 0 0 0 0 0 0 0 0 0 0 0 0 0 0 0 0 0 0 0 0 0 0 0 0 0 0 0 0 0 0 0 0 0 0 0 0 0 0 77 68 79 32 101 120 116 114 97 32 100 97 116 97 32 108 111 99 107 0 0 0 0 0 0 0 0 0 0 0 0 0 0 0 0 0 0 0 0 0 0 0 0 0 0 0 0 0 0 0 0 0 0 0 0 0 0 0 0 0 0 0 0 0 0 0 0 0 0 0 0 0 0 0 0 0 0 0 0 0 0 0 0 0 0 0 0 0 0 0 0 0 0 0 0 0 0 0 0 0 0 0 0 0 0 0 0 0 0 0 0 0 0 0 0 0 0 0 0 0 0 0 0 0 0 0 0 0 0 0 0 0 0 0 0 0 9 1 0 0 49 160 0 0 1 0 0 0 0 0 0 0 0 0 0 0 2 0 0 0 0 0 3 0 2 0 0 0 48 0 0 0 255 255 255 255 5 0 4 0 0 0 0 0 data 6 0x40005 0x0 0x19d0c7f0 0x1406 0x0 0x0 oops 1 2 java/util/concurrent/locks/ReentrantLock$NonfairSync
ciMethodData java/util/concurrent/locks/ReentrantLock$NonfairSync lock ()V 2 5391 orig 264 8 193 197 110 0 0 0 0 160 176 67 23 0 0 0 0 32 2 0 0 144 0 0 0 0 0 0 0 0 0 0 0 0 0 0 0 0 0 0 0 0 0 0 0 0 0 0 0 0 0 0 0 0 0 0 0 0 0 0 0 0 0 0 0 0 0 0 0 0 0 0 0 0 0 0 0 0 0 0 0 77 68 79 32 101 120 116 114 97 32 100 97 116 97 32 108 111 99 107 0 0 0 0 0 0 0 0 0 0 0 0 0 0 0 0 0 0 0 0 0 0 0 0 0 0 0 0 0 0 0 0 0 0 0 0 0 0 0 0 0 0 0 0 0 0 0 0 0 0 0 0 0 0 0 0 0 0 0 0 0 0 0 0 0 0 0 0 0 0 0 0 0 0 0 0 0 0 0 0 0 0 0 0 0 0 0 0 0 0 0 0 0 0 0 0 0 0 0 0 0 0 0 0 0 0 0 0 0 0 0 0 0 0 0 0 0 131 1 0 0 97 156 0 0 1 0 0 0 0 0 0 0 0 0 0 0 2 0 0 0 0 0 11 0 2 0 0 0 216 0 0 0 255 255 255 255 5 0 3 0 0 0 0 0 data 27 0x30005 0x4 0x19d0c7f0 0x1388 0x0 0x0 0x60007 0x1c 0x78 0x1370 0xa0002 0x1370 0xd0005 0x4 0x19d0c7f0 0x136c 0x0 0x0 0x100003 0x1370 0x48 0x150005 0x0 0x19d0c7f0 0x1c 0x0 0x0 oops 3 2 java/util/concurrent/locks/ReentrantLock$NonfairSync 14 java/util/concurrent/locks/ReentrantLock$NonfairSync 23 java/util/concurrent/locks/ReentrantLock$NonfairSync
ciMethodData java/util/concurrent/locks/AbstractQueuedSynchronizer acquire (I)V 2 1944 orig 264 8 193 197 110 0 0 0 0 136 225 67 23 0 0 0 0 16 2 0 0 0 0 0 0 0 0 0 0 0 0 0 0 0 0 0 0 0 0 0 0 0 0 0 0 0 0 0 0 0 0 0 0 0 0 0 0 0 0 0 0 0 0 0 0 0 0 0 0 0 0 0 0 0 0 0 0 0 0 0 0 77 68 79 32 101 120 116 114 97 32 100 97 116 97 32 108 111 99 107 0 0 0 0 0 0 0 0 0 0 0 0 0 0 0 0 0 0 0 0 0 0 0 0 0 0 0 0 0 0 0 0 0 0 0 0 0 0 0 0 0 0 0 0 0 0 0 0 0 0 0 0 0 0 0 0 0 0 0 0 0 0 0 0 0 0 0 0 0 0 0 0 0 0 0 0 0 0 0 0 0 0 0 0 0 0 0 0 0 0 0 0 0 0 0 0 0 0 0 0 0 0 0 0 0 0 0 0 0 0 0 0 0 0 0 0 0 1 0 0 0 185 60 0 0 1 0 0 0 0 0 0 0 0 0 0 0 2 0 0 0 0 0 8 0 2 0 0 0 192 0 0 0 255 255 255 255 5 0 2 0 0 0 0 0 data 24 0x20005 0x0 0x19d0c7f0 0x2f0 0x19d11e00 0x4a7 0x50007 0x78a 0x90 0xd 0xd0002 0xd 0x110005 0x4 0x19d0c7f0 0x9 0x0 0x0 0x140007 0xd 0x30 0x0 0x170002 0x0 oops 3 2 java/util/concurrent/locks/ReentrantLock$NonfairSync 4 java/util/concurrent/locks/ReentrantReadWriteLock$NonfairSync 14 java/util/concurrent/locks/ReentrantLock$NonfairSync
ciMethodData java/util/concurrent/locks/ReentrantLock$NonfairSync tryAcquire (I)Z 2 3292 orig 264 8 193 197 110 0 0 0 0 56 177 67 23 0 0 0 0 128 1 0 0 0 0 0 0 0 0 0 0 0 0 0 0 0 0 0 0 0 0 0 0 0 0 0 0 0 0 0 0 0 0 0 0 0 0 0 0 0 0 0 0 0 0 0 0 0 0 0 0 0 0 0 0 0 0 0 0 0 0 0 0 77 68 79 32 101 120 116 114 97 32 100 97 116 97 32 108 111 99 107 0 0 0 0 0 0 0 0 0 0 0 0 0 0 0 0 0 0 0 0 0 0 0 0 0 0 0 0 0 0 0 0 0 0 0 0 0 0 0 0 0 0 0 0 0 0 0 0 0 0 0 0 0 0 0 0 0 0 0 0 0 0 0 0 0 0 0 0 0 0 0 0 0 0 0 0 0 0 0 0 0 0 0 0 0 0 0 0 0 0 0 0 0 0 0 0 0 0 0 0 0 0 0 0 0 0 0 0 0 0 0 0 0 0 0 0 0 2 0 0 0 209 102 0 0 1 0 0 0 0 0 0 0 0 0 0 0 2 0 0 0 0 0 3 0 2 0 0 0 48 0 0 0 255 255 255 255 5 0 2 0 0 0 0 0 data 6 0x20005 0xe7 0x19d0c7f0 0xbf3 0x0 0x0 oops 1 2 java/util/concurrent/locks/ReentrantLock$NonfairSync
ciMethodData java/util/concurrent/locks/ReentrantLock$Sync nonfairTryAcquire (I)Z 2 3292 orig 264 8 193 197 110 0 0 0 0 64 183 67 23 0 0 0 0 224 2 0 0 80 1 0 0 0 0 0 0 0 0 0 0 0 0 0 0 0 0 0 0 0 0 0 0 0 0 0 0 0 0 0 0 0 0 0 0 0 0 0 0 0 0 0 0 0 0 0 0 0 0 0 0 0 0 0 0 0 0 0 0 77 68 79 32 101 120 116 114 97 32 100 97 116 97 32 108 111 99 107 0 0 0 0 0 0 0 0 0 0 0 0 0 0 0 0 0 0 0 0 0 0 0 0 0 0 0 0 0 0 0 0 0 0 0 0 0 0 0 0 0 0 0 0 0 0 0 0 0 0 0 0 0 0 0 0 0 0 0 0 0 0 0 0 0 0 0 0 0 0 0 0 0 0 0 0 0 0 0 0 0 0 0 0 0 0 0 0 0 0 0 0 0 0 0 0 0 0 0 0 0 0 0 0 0 0 0 0 0 0 0 0 0 0 0 0 0 2 0 0 0 209 102 0 0 1 0 0 0 0 0 0 0 0 0 0 0 2 0 0 0 0 0 12 0 2 0 0 0 144 1 0 0 255 255 255 255 2 0 0 0 0 0 0 0 data 50 0x2 0xcda 0x50005 0x102 0x19d0c7f0 0xbd8 0x0 0x0 0xa0007 0x2ef 0xa0 0x9ea 0x100005 0xe6 0x19d0c7f0 0x905 0x0 0x0 0x130007 0x0 0x100 0x9eb 0x180005 0xe6 0x19d0c7f0 0x906 0x0 0x0 0x1f0005 0x1c 0x19d0c7f0 0x2d3 0x0 0x0 0x220007 0xf 0x80 0x2e0 0x2c0007 0x2e0 0x30 0x0 0x350002 0x0 0x3c0005 0x18 0x19d0c7f0 0x2c8 0x0 0x0 oops 5 4 java/util/concurrent/locks/ReentrantLock$NonfairSync 14 java/util/concurrent/locks/ReentrantLock$NonfairSync 24 java/util/concurrent/locks/ReentrantLock$NonfairSync 30 java/util/concurrent/locks/ReentrantLock$NonfairSync 46 java/util/concurrent/locks/ReentrantLock$NonfairSync
ciMethodData java/util/concurrent/locks/AbstractQueuedSynchronizer acquireQueued (Ljava/util/concurrent/locks/AbstractQueuedSynchronizer$Node;I)Z 2 2507 orig 264 8 193 197 110 0 0 0 0 136 215 67 23 0 0 0 0 224 2 0 0 64 1 0 0 0 0 0 0 0 0 0 0 0 0 0 0 0 0 0 0 0 0 0 0 0 0 0 0 0 0 0 0 0 0 0 0 0 0 0 0 0 0 0 0 0 0 0 0 0 0 0 0 0 0 0 0 0 0 0 0 77 68 79 32 101 120 116 114 97 32 100 97 116 97 32 108 111 99 107 0 0 0 0 0 0 0 0 0 0 0 0 0 0 0 0 0 0 0 0 0 0 0 0 0 0 0 0 0 0 0 0 0 0 0 0 0 0 0 0 0 0 0 0 0 0 0 0 0 0 0 0 0 0 0 0 0 0 0 0 0 0 0 0 0 0 0 0 0 0 0 0 0 0 0 0 0 0 0 0 0 0 0 0 0 17 0 0 0 0 0 0 0 0 0 0 0 0 0 0 0 0 0 0 0 0 0 0 0 0 0 0 0 0 0 0 0 0 0 0 0 89 78 0 0 9 0 0 0 0 0 0 0 0 0 0 0 2 0 0 0 1 0 24 0 2 0 0 0 136 1 0 0 255 255 255 255 5 0 6 0 0 0 0 0 data 49 0x60005 0x101 0x19d113e0 0x8cc 0x0 0x0 0x110007 0x0 0xb0 0x9cd 0x160005 0x0 0x19d0c7f0 0x9cd 0x0 0x0 0x190007 0x2 0x60 0x9cb 0x1e0002 0x9cb 0x2e0007 0x9cb 0x30 0x0 0x330002 0x0 0x3c0002 0x2 0x3f0007 0x2 0x50 0x0 0x430002 0x0 0x460007 0x0 0x20 0x0 0x4c0003 0x2 0xfffffffffffffec0 0x520007 0x0 0x30 0x0 0x570002 0x0 oops 2 2 java/util/concurrent/locks/AbstractQueuedSynchronizer$Node 12 java/util/concurrent/locks/ReentrantLock$NonfairSync
ciMethodData java/util/concurrent/locks/AbstractQueuedSynchronizer release (I)Z 2 9200 orig 264 8 193 197 110 0 0 0 0 184 227 67 23 0 0 0 0 240 1 0 0 0 0 0 0 0 0 0 0 0 0 0 0 0 0 0 0 0 0 0 0 0 0 0 0 0 0 0 0 0 0 0 0 0 0 0 0 0 0 0 0 0 0 0 0 0 0 0 0 0 0 0 0 0 0 0 0 0 0 0 0 77 68 79 32 101 120 116 114 97 32 100 97 116 97 32 108 111 99 107 0 0 0 0 0 0 0 0 0 0 0 0 0 0 0 0 0 0 0 0 0 0 0 0 0 0 0 0 0 0 0 0 0 0 0 0 0 0 0 0 0 0 0 0 0 0 0 0 0 0 0 0 0 0 0 0 0 0 0 0 0 0 0 0 0 0 0 0 0 0 0 0 0 0 0 0 0 0 0 0 0 0 0 0 0 0 0 0 0 0 0 0 0 0 0 0 0 0 0 0 0 0 0 0 0 0 0 0 0 0 0 0 0 0 0 0 0 135 1 0 0 73 19 1 0 1 0 0 0 0 0 0 0 0 0 0 0 2 0 0 0 0 0 10 0 2 0 0 0 160 0 0 0 255 255 255 255 5 0 2 0 0 0 0 0 data 20 0x20005 0x4a7 0x19d0c7f0 0x1dc1 0x1bc20350 0x1 0x50007 0x29 0x70 0x2240 0xe0007 0xd5f 0x50 0x14e1 0x150007 0x13b2 0x30 0x12f 0x1a0002 0x12f oops 2 2 java/util/concurrent/locks/ReentrantLock$NonfairSync 4 java/util/concurrent/ThreadPoolExecutor$Worker
ciMethodData java/util/concurrent/locks/AbstractQueuedSynchronizer unparkSuccessor (Ljava/util/concurrent/locks/AbstractQueuedSynchronizer$Node;)V 1 303 orig 264 8 193 197 110 0 0 0 0 120 209 67 23 0 0 0 0 104 2 0 0 80 0 0 0 0 0 0 0 0 0 0 0 0 0 0 0 0 0 0 0 0 0 0 0 0 0 0 0 0 0 0 0 0 0 0 0 0 0 0 0 0 0 0 0 0 0 0 0 0 0 0 0 0 0 0 0 0 0 0 0 77 68 79 32 101 120 116 114 97 32 100 97 116 97 32 108 111 99 107 0 0 0 0 0 0 0 0 0 0 0 0 0 0 0 0 0 0 0 0 0 0 0 0 0 0 0 0 0 0 0 0 0 0 0 0 0 0 0 0 0 0 0 0 0 0 0 0 0 0 0 0 0 0 0 0 0 0 0 0 0 0 0 0 0 0 0 0 0 0 0 0 0 0 0 0 0 0 0 0 0 0 0 0 0 0 0 0 0 0 0 0 0 0 0 0 0 0 0 0 0 0 0 0 0 0 0 0 0 0 0 0 0 0 0 0 0 0 0 0 0 121 9 0 0 1 0 0 0 0 0 0 0 0 0 0 0 2 0 0 0 1 0 26 0 2 0 0 0 24 1 0 0 255 255 255 255 7 0 6 0 0 0 0 0 data 35 0x60007 0x0 0x30 0x12f 0xc0002 0x12f 0x160007 0x0 0x40 0x12f 0x1d0007 0x12f 0x98 0x0 0x2a0007 0x0 0x78 0x0 0x300007 0x0 0x58 0x0 0x380007 0x0 0x20 0x0 0x450003 0x0 0xffffffffffffffa0 0x490007 0x0 0x30 0x12f 0x500002 0x12f oops 0
ciMethodData java/util/concurrent/locks/ReentrantLock$Sync tryRelease (I)Z 2 5520 orig 264 8 193 197 110 0 0 0 0 8 184 67 23 0 0 0 0 112 2 0 0 192 0 0 0 0 0 0 0 0 0 0 0 0 0 0 0 0 0 0 0 0 0 0 0 0 0 0 0 0 0 0 0 0 0 0 0 0 0 0 0 0 0 0 0 0 0 0 0 0 0 0 0 0 0 0 0 0 0 0 0 77 68 79 32 101 120 116 114 97 32 100 97 116 97 32 108 111 99 107 0 0 0 0 0 0 0 0 0 0 0 0 0 0 0 0 0 0 0 0 0 0 0 0 0 0 0 0 0 0 0 0 0 0 0 0 0 0 0 0 0 0 0 0 0 0 0 0 0 0 0 0 0 0 0 0 0 0 0 0 0 0 0 0 0 0 0 0 0 0 0 0 0 0 0 0 0 0 0 0 0 0 0 0 0 0 0 0 0 0 0 0 0 0 0 0 0 0 0 0 0 0 0 0 0 0 0 0 0 0 0 0 0 0 0 0 0 135 1 0 0 73 160 0 0 1 0 0 0 0 0 0 0 0 0 0 0 2 0 0 0 0 0 8 0 2 0 0 0 32 1 0 0 255 255 255 255 5 0 1 0 0 0 0 0 data 36 0x10005 0x4 0x19d0c7f0 0x1405 0x0 0x0 0x70002 0x1409 0xb0005 0x4 0x19d0c7f0 0x1405 0x0 0x0 0xe0007 0x1409 0x30 0x0 0x150002 0x0 0x1c0007 0x17 0x50 0x13f2 0x230005 0x4 0x19d0c7f0 0x13ee 0x0 0x0 0x280005 0x4 0x19d0c7f0 0x1405 0x0 0x0 oops 4 2 java/util/concurrent/locks/ReentrantLock$NonfairSync 10 java/util/concurrent/locks/ReentrantLock$NonfairSync 26 java/util/concurrent/locks/ReentrantLock$NonfairSync 32 java/util/concurrent/locks/ReentrantLock$NonfairSync
ciMethodData java/util/concurrent/locks/ReentrantLock unlock ()V 2 5514 orig 264 8 193 197 110 0 0 0 0 200 72 22 23 0 0 0 0 120 1 0 0 0 0 0 0 0 0 0 0 0 0 0 0 0 0 0 0 0 0 0 0 0 0 0 0 0 0 0 0 0 0 0 0 0 0 0 0 0 0 0 0 0 0 0 0 0 0 0 0 0 0 0 0 0 0 0 0 0 0 0 0 77 68 79 32 101 120 116 114 97 32 100 97 116 97 32 108 111 99 107 0 0 0 0 0 0 0 0 0 0 0 0 0 0 0 0 0 0 0 0 0 0 0 0 0 0 0 0 0 0 0 0 0 0 0 0 0 0 0 0 0 0 0 0 0 0 0 0 0 0 0 0 0 0 0 0 0 0 0 0 0 0 0 0 0 0 0 0 0 0 0 0 0 0 0 0 0 0 0 0 0 0 0 0 0 0 0 0 0 0 0 0 0 0 0 0 0 0 0 0 0 0 0 0 0 0 0 0 0 0 0 0 0 0 0 0 0 138 1 0 0 1 160 0 0 1 0 0 0 0 0 0 0 0 0 0 0 2 0 0 0 0 0 11 0 2 0 0 0 48 0 0 0 255 255 255 255 5 0 5 0 0 0 0 0 data 6 0x50005 0x0 0x19d0c7f0 0x1400 0x0 0x0 oops 1 2 java/util/concurrent/locks/ReentrantLock$NonfairSync
ciMethodData java/util/HashMap remove (Ljava/lang/Object;)Ljava/lang/Object; 2 4696 orig 264 8 193 197 110 0 0 0 0 40 114 10 23 0 0 0 0 200 1 0 0 0 0 0 0 0 0 0 0 0 0 0 0 0 0 0 0 0 0 0 0 0 0 0 0 0 0 0 0 0 0 0 0 0 0 0 0 0 0 0 0 0 0 0 0 0 0 0 0 0 0 0 0 0 0 0 0 0 0 0 0 77 68 79 32 101 120 116 114 97 32 100 97 116 97 32 108 111 99 107 0 0 0 0 0 0 0 0 0 0 0 0 0 0 0 0 0 0 0 0 0 0 0 0 0 0 0 0 0 0 0 0 0 0 0 0 0 0 0 0 0 0 0 0 0 0 0 0 0 0 0 0 0 0 0 0 0 0 0 0 0 0 0 0 0 0 0 0 0 0 0 0 0 0 0 0 0 0 0 0 0 0 0 0 0 0 0 0 0 0 0 0 0 0 0 0 0 0 0 0 0 0 0 0 0 0 0 0 0 0 0 0 0 0 0 0 0 231 0 0 0 137 139 0 0 1 0 0 0 0 0 0 0 0 0 0 0 2 0 0 0 0 0 10 0 2 0 0 0 120 0 0 0 255 255 255 255 2 0 2 0 0 0 0 0 data 15 0x20002 0x1171 0x90005 0x89 0x1bd1b590 0xc69 0x1bbd6930 0x47f 0xe0007 0xda6 0x38 0x3cb 0x120003 0x3cb 0x18 oops 2 4 java/util/HashMap 6 java/util/LinkedHashMap
ciMethodData java/util/HashMap removeNode (ILjava/lang/Object;Ljava/lang/Object;ZZ)Ljava/util/HashMap$Node; 2 4696 orig 264 8 193 197 110 0 0 0 0 248 115 10 23 0 0 0 0 152 6 0 0 224 4 0 0 0 0 0 0 0 0 0 0 0 0 0 0 0 0 0 0 0 0 0 0 0 0 0 0 0 0 0 0 0 0 0 0 0 0 0 0 0 0 0 0 0 0 0 0 0 0 0 0 0 0 0 0 0 0 0 0 77 68 79 32 101 120 116 114 97 32 100 97 116 97 32 108 111 99 107 0 0 0 0 0 0 0 0 0 0 0 0 0 0 0 0 0 0 0 0 0 0 0 0 0 0 0 0 0 0 0 0 0 0 0 0 0 0 0 0 0 0 0 0 0 0 0 0 0 0 0 0 0 0 0 0 0 0 0 0 0 0 0 0 0 0 0 0 0 0 0 0 0 0 0 0 0 0 0 0 0 0 0 0 0 0 0 0 0 0 0 0 0 0 0 0 0 0 0 0 0 0 0 0 0 0 0 0 0 0 0 0 0 0 0 0 0 231 0 0 0 137 139 0 0 145 4 0 0 0 0 0 0 0 0 0 0 2 0 0 0 2 0 62 0 2 0 0 0 40 5 0 0 255 255 255 255 7 0 7 0 0 0 0 0 data 165 0x70007 0x2 0x528 0x116f 0x100007 0x0 0x508 0x116f 0x220007 0x0 0x4e8 0x116f 0x2e0007 0x5bb 0xc8 0xbb4 0x3a0007 0x8f8 0x90 0x2bc 0x3e0007 0x0 0x88 0x2bc 0x440005 0x0 0x1794e590 0x2bb 0x2d29ee0 0x1 0x470007 0x0 0x38 0x2bc 0x4e0003 0xbb4 0x1e8 0x590007 0x3c9 0x1d0 0x1f2 0x5e0004 0xfffffffffffffe0e 0x0 0x0 0x0 0x0 0x610007 0x1f2 0x98 0x0 0x660004 0x0 0x0 0x0 0x0 0x0 0x6b0005 0x0 0x0 0x0 0x0 0x0 0x700003 0x0 0x100 0x790007 0x92 0xc8 0x1f2 0x850007 0x30 0x90 0x1c2 0x890007 0x0 0x88 0x1c2 0x8f0005 0x0 0x1794e590 0x1c2 0x0 0x0 0x920007 0x0 0x38 0x1c2 0x990003 0x1f2 0x38 0xa80007 0x92 0xffffffffffffff38 0x0 0xad0007 0x3c9 0x230 0xda6 0xb20007 0xda6 0xb0 0x0 0xbe0007 0x0 0x90 0x0 0xc20007 0x0 0x1d0 0x0 0xc80005 0x0 0x0 0x0 0x0 0x0 0xcb0007 0x0 0x180 0x0 0xd00004 0xfffffffffffff25a 0x1a0f5420 0x4 0x0 0x0 0xd30007 0xda6 0x98 0x0 0xd80004 0x0 0x0 0x0 0x0 0x0 0xe00005 0x0 0x0 0x0 0x0 0x0 0xe30003 0x0 0x80 0xea0007 0x1f2 0x68 0xbb4 0xf60104 0x0 0x1bbfd400 0x26 0x0 0x0 0xf70003 0xbb4 0x18 0x11b0005 0x0 0x1bd1b590 0x927 0x1bbd6930 0x47f oops 7 26 java/lang/Integer 28 java/lang/String 80 java/lang/Integer 123 java/util/HashMap$Node 152 java/util/LinkedHashMap$Entry 161 java/util/HashMap 163 java/util/LinkedHashMap
ciMethodData java/util/HashSet remove (Ljava/lang/Object;)Z 2 2280 orig 264 8 193 197 110 0 0 0 0 80 78 24 23 0 0 0 0 184 1 0 0 0 0 0 0 0 0 0 0 0 0 0 0 0 0 0 0 0 0 0 0 0 0 0 0 0 0 0 0 0 0 0 0 0 0 0 0 0 0 0 0 0 0 0 0 0 0 0 0 0 0 0 0 0 0 0 0 0 0 0 0 77 68 79 32 101 120 116 114 97 32 100 97 116 97 32 108 111 99 107 0 0 0 0 0 0 0 0 0 0 0 0 0 0 0 0 0 0 0 0 0 0 0 0 0 0 0 0 0 0 0 0 0 0 0 0 0 0 0 0 0 0 0 0 0 0 0 0 0 0 0 0 0 0 0 0 0 0 0 0 0 0 0 0 0 0 0 0 0 0 0 0 0 0 0 0 0 0 0 0 0 0 0 0 0 0 0 0 0 0 0 0 0 0 0 0 0 0 0 0 0 0 0 0 0 0 0 0 0 0 0 0 0 0 0 0 0 0 1 0 0 65 63 0 0 1 0 0 0 0 0 0 0 0 0 0 0 2 0 0 0 0 0 6 0 2 0 0 0 104 0 0 0 255 255 255 255 5 0 5 0 0 0 0 0 data 13 0x50005 0x0 0x1bd1b590 0x7e8 0x0 0x0 0xb0007 0x1 0x38 0x7e7 0xf0003 0x7e7 0x18 oops 1 2 java/util/HashMap
ciMethodData sun/awt/PostEventQueue flush ()V 2 7401 orig 264 8 193 197 110 0 0 0 0 176 231 77 23 0 0 0 0 112 3 0 0 240 0 0 0 0 0 0 0 0 0 0 0 0 0 0 0 0 0 0 0 0 0 0 0 0 0 0 0 0 0 0 0 0 0 0 0 0 0 0 0 0 0 0 0 0 0 0 0 0 0 0 0 0 0 0 0 0 0 0 0 77 68 79 32 101 120 116 114 97 32 100 97 116 97 32 108 111 99 107 0 0 0 0 0 0 0 0 0 0 0 0 0 0 0 0 0 0 0 0 0 0 0 0 0 0 0 0 0 0 0 0 0 0 0 0 0 0 0 0 0 0 0 0 0 1 0 0 0 0 0 0 0 0 0 0 0 0 0 0 0 0 0 0 0 0 0 0 0 0 0 0 0 0 0 0 0 0 0 0 0 0 0 0 0 0 0 0 0 0 0 0 0 0 0 0 0 0 0 0 0 0 0 0 0 0 0 0 0 0 0 0 0 0 0 0 0 4 1 0 0 33 223 0 0 1 73 0 0 62 20 0 0 203 6 0 0 2 0 0 0 2 0 40 0 2 0 0 0 40 2 0 0 255 255 255 255 2 0 0 0 0 0 0 0 data 69 0x2 0x1be4 0xd0007 0x12c5 0x20 0x91f 0x170007 0x12c5 0x68 0x0 0x1b0005 0x0 0x0 0x0 0x0 0x0 0x1e0003 0x0 0xffffffffffffffb0 0x250007 0x8c9 0x20 0x9fc 0x410003 0x8c9 0x18 0x4c0007 0x8ca 0x68 0x91f 0x570005 0x0 0x1b93aa10 0x91f 0x0 0x0 0x5f0003 0x920 0xffffffffffffffb0 0x6c0005 0xd 0x1b941290 0x8bd 0x0 0x0 0x710003 0x8ca 0x18 0x7b0003 0x8ca 0x60 0x8b0005 0x0 0x0 0x0 0x0 0x0 0x910003 0x0 0x18 0x9f0003 0x8ca 0x48 0xa40005 0x0 0x0 0x0 0x0 0x0 oops 2 32 java/awt/EventQueue 41 sun/awt/PostEventQueue
ciMethodData java/awt/EventQueue postEvent (Ljava/awt/AWTEvent;)V 2 3385 orig 264 8 193 197 110 0 0 0 0 208 130 77 23 0 0 0 0 112 1 0 0 0 0 0 0 0 0 0 0 0 0 0 0 0 0 0 0 0 0 0 0 0 0 0 0 0 0 0 0 0 0 0 0 0 0 0 0 0 0 0 0 0 0 0 0 0 0 0 0 0 0 0 0 0 0 0 0 0 0 0 0 77 68 79 32 101 120 116 114 97 32 100 97 116 97 32 108 111 99 107 0 0 0 0 0 0 0 0 0 0 0 0 0 0 0 0 0 0 0 0 0 0 0 0 0 0 0 0 0 0 0 0 0 0 0 0 0 0 0 0 0 0 0 0 0 0 0 0 0 0 0 0 0 0 0 0 0 0 0 0 0 0 0 0 0 0 0 0 0 0 0 0 0 0 0 0 0 0 0 0 0 0 0 0 0 0 0 0 0 0 0 0 0 0 0 0 0 0 0 0 0 0 0 0 0 0 0 0 0 0 0 0 0 0 0 0 0 215 0 0 0 17 99 0 0 1 0 0 0 72 9 0 0 0 0 0 0 2 0 0 0 0 0 7 0 2 0 0 0 32 0 0 0 255 255 255 255 2 0 4 0 0 0 0 0 data 4 0x40002 0xc62 0x90002 0xc62 oops 0
ciMethodData sun/awt/SunToolkit flushPendingEvents (Lsun/awt/AppContext;)V 2 11571 orig 264 8 193 197 110 0 0 0 0 176 0 67 23 0 0 0 0 248 1 0 0 0 0 0 0 0 0 0 0 0 0 0 0 0 0 0 0 0 0 0 0 0 0 0 0 0 0 0 0 0 0 0 0 0 0 0 0 0 0 0 0 0 0 0 0 0 0 0 0 0 0 0 0 0 0 0 0 0 0 0 0 77 68 79 32 101 120 116 114 97 32 100 97 116 97 32 108 111 99 107 0 0 0 0 0 0 0 0 0 0 0 0 0 0 0 0 0 0 0 0 0 0 0 0 0 0 0 0 0 0 0 0 0 0 0 0 0 0 0 0 0 0 0 0 0 0 0 0 0 0 0 0 0 0 0 0 0 0 0 0 0 0 0 0 0 0 0 0 0 0 0 0 0 0 0 0 0 0 0 0 0 0 0 0 0 0 0 0 0 0 0 0 0 0 0 0 0 0 0 0 0 0 0 0 0 0 0 0 0 0 0 0 0 0 0 0 0 29 1 0 0 177 96 1 0 1 0 0 0 0 0 0 0 0 0 0 0 2 0 0 0 0 0 6 0 2 0 0 0 176 0 0 0 255 255 255 255 5 0 3 0 0 0 0 0 data 22 0x30005 0x61 0x1b93ca90 0x2bb5 0x0 0x0 0x60004 0x0 0x1b941290 0x2c16 0x0 0x0 0xb0007 0x0 0x50 0x2c16 0xf0005 0x0 0x1b941290 0x2c16 0x0 0x0 oops 3 2 sun/awt/AppContext 8 sun/awt/PostEventQueue 18 sun/awt/PostEventQueue
ciMethodData java/awt/EventQueue postEventPrivate (Ljava/awt/AWTEvent;)V 2 3385 orig 264 8 193 197 110 0 0 0 0 248 131 77 23 0 0 0 0 88 3 0 0 112 1 0 0 0 0 0 0 0 0 0 0 0 0 0 0 0 0 0 0 0 0 0 0 0 0 0 0 0 0 0 0 0 0 0 0 0 0 0 0 0 0 0 0 0 0 0 0 0 0 0 0 0 0 0 0 0 0 0 0 77 68 79 32 101 120 116 114 97 32 100 97 116 97 32 108 111 99 107 0 0 0 0 0 0 0 0 0 0 0 0 0 0 0 0 0 0 0 0 0 0 0 0 0 0 0 0 0 0 0 0 0 0 0 0 0 0 0 0 0 0 0 0 0 0 0 0 0 0 0 0 0 0 0 0 0 0 0 0 0 0 0 0 0 0 0 0 0 0 0 0 0 0 0 0 0 0 0 0 0 0 0 0 0 0 0 0 0 0 0 0 0 0 0 0 0 0 0 0 0 0 0 0 0 0 0 0 0 0 0 0 0 0 0 0 0 215 0 0 0 17 99 0 0 1 0 0 0 71 9 0 0 0 0 0 0 2 0 0 0 0 0 15 0 2 0 0 0 8 2 0 0 255 255 255 255 5 0 9 0 0 0 0 0 data 65 0x90005 0x0 0x1b93b070 0xc62 0x0 0x0 0x120007 0xc62 0x60 0x0 0x1a0002 0x0 0x210005 0x0 0x0 0x0 0x0 0x0 0x2b0007 0xc62 0xe0 0x0 0x2f0005 0x0 0x0 0x0 0x0 0x0 0x320002 0x0 0x350007 0x0 0x50 0x0 0x3c0005 0x0 0x0 0x0 0x0 0x0 0x430005 0x0 0x0 0x0 0x0 0x0 0x490002 0xc62 0x4c0002 0xc63 0x530005 0x0 0x1b93b070 0xc63 0x0 0x0 0x580003 0xc63 0x48 0x600005 0x0 0x0 0x0 0x0 0x0 oops 2 2 java/util/concurrent/locks/ReentrantLock 52 java/util/concurrent/locks/ReentrantLock
ciMethodData java/awt/EventQueue eventToCacheIndex (Ljava/awt/AWTEvent;)I 2 7406 orig 264 8 193 197 110 0 0 0 0 240 141 77 23 0 0 0 0 168 2 0 0 40 1 0 0 0 0 0 0 0 0 0 0 0 0 0 0 0 0 0 0 0 0 0 0 0 0 0 0 0 0 0 0 0 0 0 0 0 0 0 0 0 0 0 0 0 0 0 0 0 0 0 0 0 0 0 0 0 0 0 0 77 68 79 32 101 120 116 114 97 32 100 97 116 97 32 108 111 99 107 0 0 0 0 0 0 0 0 0 0 0 0 0 0 0 0 0 0 0 0 0 0 0 0 0 0 0 0 0 0 0 0 0 0 0 0 0 0 0 0 0 0 0 0 0 1 0 0 0 1 0 0 0 0 0 0 0 0 0 0 0 0 0 0 0 0 0 0 0 0 0 0 0 0 0 0 0 0 0 0 2 0 0 0 0 0 0 0 0 0 0 0 0 0 0 0 0 0 0 0 0 0 0 0 0 0 0 0 0 0 0 0 0 0 0 0 0 105 1 0 0 33 220 0 0 1 0 0 0 10 20 0 0 0 0 0 0 2 0 0 0 0 0 14 0 2 0 0 0 96 1 0 0 255 255 255 255 5 0 1 0 0 0 0 0 data 44 0x10005 0xf4a 0x1bb881d0 0xfa 0x1bd95f70 0xb40 0x40008 0xa 0x4e 0xc8 0x3a 0x60 0x0 0x60 0x0 0x60 0x0 0x60 0x370004 0xfffffffffffffeb5 0x0 0x0 0x0 0x0 0x3a0007 0x14b 0x38 0x0 0x3e0003 0x0 0x18 0x440004 0xfffffffffffff217 0x1bb881d0 0x4 0x1bd95f70 0x34 0x47e007 0xde9 0x38 0x4 0x4b0003 0x4 0x18 oops 4 2 java/awt/event/ComponentEvent 4 java/awt/event/InvocationEvent 33 java/awt/event/ComponentEvent 35 java/awt/event/InvocationEvent
ciMethodData sun/awt/EventQueueItem <init> (Ljava/awt/AWTEvent;)V 2 7722 orig 264 8 193 197 110 0 0 0 0 8 215 109 23 0 0 0 0 56 1 0 0 0 0 0 0 0 0 0 0 0 0 0 0 0 0 0 0 0 0 0 0 0 0 0 0 0 0 0 0 0 0 0 0 0 0 0 0 0 0 0 0 0 0 0 0 0 0 0 0 0 0 0 0 0 0 0 0 0 0 0 0 77 68 79 32 101 120 116 114 97 32 100 97 116 97 32 108 111 99 107 0 0 0 0 0 0 0 0 0 0 0 0 0 0 0 0 0 0 0 0 0 0 0 0 0 0 0 0 0 0 0 0 0 0 0 0 0 0 0 0 0 0 0 0 0 0 0 0 0 0 0 0 0 0 0 0 0 0 0 0 0 0 0 0 0 0 0 0 0 0 0 0 0 0 0 0 0 0 0 0 0 0 0 0 0 0 0 0 0 0 0 0 0 0 0 0 0 0 0 0 0 0 0 0 0 0 0 0 0 0 0 0 0 0 0 0 0 0 1 0 0 81 233 0 0 1 0 0 0 0 0 0 0 0 0 0 0 2 0 0 0 0 0 3 0 2 0 0 0 16 0 0 0 255 255 255 255 2 0 1 0 0 0 0 0 data 2 0x10002 0x1d2a oops 0
ciMethodData sun/awt/AWTAutoShutdown getInstance ()Lsun/awt/AWTAutoShutdown; 2 26076 orig 264 8 193 197 110 0 0 0 0 24 79 74 23 0 0 0 0 24 1 0 0 0 0 0 0 0 0 0 0 0 0 0 0 0 0 0 0 0 0 0 0 0 0 0 0 0 0 0 0 0 0 0 0 0 0 0 0 0 0 0 0 0 0 0 0 0 0 0 0 0 0 0 0 0 0 0 0 0 0 0 0 77 68 79 32 101 120 116 114 97 32 100 97 116 97 32 108 111 99 107 0 0 0 0 0 0 0 0 0 0 0 0 0 0 0 0 0 0 0 0 0 0 0 0 0 0 0 0 0 0 0 0 0 0 0 0 0 0 0 0 0 0 0 0 0 0 0 0 0 0 0 0 0 0 0 0 0 0 0 0 0 0 0 0 0 0 0 0 0 0 0 0 0 0 0 0 0 0 0 0 0 0 0 0 0 0 0 0 0 0 0 0 0 0 0 0 0 0 0 0 0 0 0 0 0 0 0 0 0 0 0 0 0 0 0 0 0 1 1 0 0 217 38 3 0 1 0 0 0 0 0 0 0 0 0 0 0 2 0 0 0 0 0 3 0 1 0 0 0 0 0 0 0 255 255 255 255 0 0 0 0 0 0 0 0 data 0 oops 0
ciMethodData java/awt/EventQueue getNextEventPrivate ()Ljava/awt/AWTEvent; 2 16875 orig 264 8 193 197 110 0 0 0 0 152 144 77 23 0 0 0 0 168 1 0 0 96 0 0 0 0 0 0 0 0 0 0 0 0 0 0 0 0 0 0 0 0 0 0 0 0 0 0 0 0 0 0 0 0 0 0 0 0 0 0 0 0 0 0 0 0 0 0 0 0 0 0 0 0 0 0 0 0 0 0 0 77 68 79 32 101 120 116 114 97 32 100 97 116 97 32 108 111 99 107 0 0 0 0 0 0 0 0 0 0 0 0 0 0 0 0 0 0 0 0 0 0 0 0 0 0 0 0 0 0 0 0 0 0 0 0 0 0 0 0 0 0 0 0 0 1 0 0 0 0 0 0 0 0 0 0 0 0 0 0 0 0 0 0 0 0 0 0 0 0 0 0 0 0 0 0 0 0 0 0 0 0 0 0 0 0 0 0 0 0 0 0 0 0 0 0 0 0 0 0 0 0 0 0 0 0 0 0 0 0 0 0 0 0 0 0 0 21 2 0 0 17 196 0 0 177 254 1 0 6 20 0 0 31 52 0 0 2 0 0 0 1 0 11 0 2 0 0 0 136 0 0 0 255 255 255 255 7 0 3 0 0 0 0 0 data 17 0x30007 0x769 0x88 0x50ef 0xf0007 0x3fd6 0x50 0x1119 0x2d0007 0x23c 0x20 0xedd 0x3c0002 0x1119 0x470003 0x3fd6 0xffffffffffffff90 oops 0
ciMethodData java/awt/EventQueue uncacheEQItem (Lsun/awt/EventQueueItem;)V 2 4625 orig 264 8 193 197 110 0 0 0 0 8 141 77 23 0 0 0 0 176 2 0 0 0 0 0 0 0 0 0 0 0 0 0 0 0 0 0 0 0 0 0 0 0 0 0 0 0 0 0 0 0 0 0 0 0 0 0 0 0 0 0 0 0 0 0 0 0 0 0 0 0 0 0 0 0 0 0 0 0 0 0 0 77 68 79 32 101 120 116 114 97 32 100 97 116 97 32 108 111 99 107 0 0 0 0 0 0 0 0 0 0 0 0 0 0 0 0 0 0 0 0 0 0 0 0 0 0 0 0 0 0 0 0 0 0 0 0 0 0 0 0 0 0 0 0 0 0 0 0 0 0 0 0 0 0 0 0 0 0 0 0 0 0 0 0 0 0 0 0 0 0 0 0 0 0 0 0 0 0 0 0 0 0 0 0 0 0 0 0 0 0 0 0 0 0 0 0 0 0 0 0 0 0 0 0 0 0 0 0 0 0 0 0 0 0 0 0 0 246 0 0 0 217 136 0 0 1 0 0 0 255 13 0 0 0 0 0 0 2 0 0 0 0 0 10 0 2 0 0 0 96 1 0 0 255 255 255 255 2 0 4 0 0 0 0 0 data 44 0x40002 0x111b 0xa0007 0xa31 0x150 0x6eb 0x110005 0x2 0x1bd96020 0x6e8 0x1be859b0 0x1 0x140004 0xfffffffffffffffe 0x1be857a0 0x6aa 0x1bb87140 0x3f 0x170007 0x2 0xd0 0x6e9 0x1e0005 0x0 0x1bd96020 0x6e8 0x1be859b0 0x1 0x210004 0x0 0x1be857a0 0x6aa 0x1bb87140 0x3f 0x290007 0x6e9 0x20 0x0 0x330104 0x0 0x0 0x0 0x0 0x0 oops 8 8 java/awt/event/MouseEvent 10 sun/awt/event/IgnorePaintEvent 14 bank/CreateContractInformation 16 javax/swing/Popup$HeavyWeightWindow 24 java/awt/event/MouseEvent 26 sun/awt/event/IgnorePaintEvent 30 bank/CreateContractInformation 32 javax/swing/Popup$HeavyWeightWindow
ciMethodData sun/awt/AWTAutoShutdown isReadyToShutdown ()Z 2 5379 orig 264 8 193 197 110 0 0 0 0 40 84 74 23 0 0 0 0 32 2 0 0 0 0 0 0 0 0 0 0 0 0 0 0 0 0 0 0 0 0 0 0 0 0 0 0 0 0 0 0 0 0 0 0 0 0 0 0 0 0 0 0 0 0 0 0 0 0 0 0 0 0 0 0 0 0 0 0 0 0 0 0 77 68 79 32 101 120 116 114 97 32 100 97 116 97 32 108 111 99 107 0 0 0 0 0 0 0 0 0 0 0 0 0 0 0 0 0 0 0 0 0 0 0 0 0 0 0 0 0 0 0 0 0 0 0 0 0 0 0 0 0 0 0 0 0 0 0 0 0 0 0 0 0 0 0 0 0 0 0 0 0 0 0 0 0 0 0 0 0 0 0 0 0 0 0 0 0 0 0 0 0 0 0 0 0 0 0 0 0 0 0 0 0 0 0 0 0 0 0 0 0 0 0 0 0 0 0 0 0 0 0 0 0 0 0 0 0 1 1 0 0 17 160 0 0 1 0 0 0 0 0 0 0 0 0 0 0 2 0 0 0 0 0 11 0 2 0 0 0 216 0 0 0 255 255 255 255 7 0 4 0 0 0 0 0 data 27 0x40007 0x1cf 0xd8 0x1233 0xb0005 0x0 0x1bd15c80 0x1233 0x0 0x0 0x100007 0x1233 0x88 0x0 0x170005 0x0 0x0 0x0 0x0 0x0 0x1c0007 0x0 0x38 0x0 0x200003 0x0 0x18 oops 1 6 java/util/IdentityHashMap
ciMethodData java/util/IdentityHashMap isEmpty ()Z 2 5377 orig 264 8 193 197 110 0 0 0 0 16 134 74 23 0 0 0 0 88 1 0 0 0 0 0 0 0 0 0 0 0 0 0 0 0 0 0 0 0 0 0 0 0 0 0 0 0 0 0 0 0 0 0 0 0 0 0 0 0 0 0 0 0 0 0 0 0 0 0 0 0 0 0 0 0 0 0 0 0 0 0 0 77 68 79 32 101 120 116 114 97 32 100 97 116 97 32 108 111 99 107 0 0 0 0 0 0 0 0 0 0 0 0 0 0 0 0 0 0 0 0 0 0 0 0 0 0 0 0 0 0 0 0 0 0 0 0 0 0 0 0 0 0 0 0 0 0 0 0 0 0 0 0 0 0 0 0 0 0 0 0 0 0 0 0 0 0 0 0 0 0 0 0 0 0 0 0 0 0 0 0 0 0 0 0 0 0 0 0 0 0 0 0 0 0 0 0 0 0 0 0 0 0 0 0 0 0 0 0 0 0 0 0 0 0 0 0 0 1 1 0 0 1 160 0 0 1 0 0 0 0 0 0 0 0 0 0 0 2 0 0 0 0 0 6 0 2 0 0 0 56 0 0 0 255 255 255 255 7 0 4 0 0 0 0 0 data 7 0x40007 0x13ff 0x38 0x1 0x80003 0x1 0x18 oops 0
ciMethodData java/awt/EventQueue getNextEvent ()Ljava/awt/AWTEvent; 2 5377 orig 264 8 193 197 110 0 0 0 0 168 143 77 23 0 0 0 0 8 3 0 0 168 1 0 0 0 0 0 0 0 0 0 0 0 0 0 0 0 0 0 0 0 0 0 0 0 0 0 0 0 0 0 0 0 0 0 0 0 0 0 0 0 0 0 0 0 0 0 0 0 0 0 0 0 0 0 0 0 0 0 0 77 68 79 32 101 120 116 114 97 32 100 97 116 97 32 108 111 99 107 0 0 0 0 0 0 0 0 0 0 0 0 0 0 0 0 0 0 0 0 0 0 0 0 0 0 0 0 0 0 0 0 0 0 0 0 0 0 0 0 0 0 0 0 0 0 0 0 0 0 0 0 0 0 0 0 0 0 0 0 0 0 0 0 0 0 0 0 0 0 0 0 0 0 0 0 0 0 0 0 0 0 0 0 0 0 0 0 0 0 0 0 0 0 0 0 0 0 0 0 0 0 0 0 0 0 0 0 0 0 0 0 0 0 0 0 0 1 1 0 0 1 160 0 0 169 70 0 0 0 0 0 0 0 0 0 0 2 0 0 0 1 0 14 0 2 0 0 0 192 1 0 0 255 255 255 255 2 0 4 0 0 0 0 0 data 56 0x40002 0x1cd4 0xb0005 0x0 0x1b93b070 0x1cd4 0x0 0x0 0x110005 0x0 0x1b93aa10 0x1cd4 0x0 0x0 0x160007 0x8d4 0x50 0x1400 0x1f0005 0x0 0x1b93b070 0x1400 0x0 0x0 0x260002 0x8d4 0x2d0005 0x39 0x1b93b120 0x89b 0x0 0x0 0x340005 0x0 0x1b93b1d0 0x8d4 0x0 0x0 0x3d0005 0x0 0x1b93b070 0x8d4 0x0 0x0 0x420003 0x8d4 0x48 0x4a0005 0x0 0x0 0x0 0x0 0x0 0x510003 0x8d4 0xfffffffffffffe58 oops 6 4 java/util/concurrent/locks/ReentrantLock 10 java/awt/EventQueue 20 java/util/concurrent/locks/ReentrantLock 28 sun/awt/AWTAutoShutdown 34 java/util/concurrent/locks/AbstractQueuedSynchronizer$ConditionObject 40 java/util/concurrent/locks/ReentrantLock
ciMethodData java/lang/Thread interrupted ()Z 2 5225 orig 264 8 193 197 110 0 0 0 0 240 215 254 22 0 0 0 0 96 1 0 0 0 0 0 0 0 0 0 0 0 0 0 0 0 0 0 0 0 0 0 0 0 0 0 0 0 0 0 0 0 0 0 0 0 0 0 0 0 0 0 0 0 0 0 0 0 0 0 0 0 0 0 0 0 0 0 0 0 0 0 0 77 68 79 32 101 120 116 114 97 32 100 97 116 97 32 108 111 99 107 0 0 0 0 0 0 0 0 0 0 0 0 0 0 0 0 0 0 0 0 0 0 0 0 0 0 0 0 0 0 0 0 0 0 0 0 0 0 0 0 0 0 0 0 0 0 0 0 0 0 0 0 0 0 0 0 0 0 0 0 0 0 0 0 0 0 0 0 0 0 0 0 0 0 0 0 0 0 0 0 0 0 0 0 0 0 0 0 0 0 0 0 0 0 0 0 0 0 0 0 0 0 0 0 0 0 0 0 0 0 0 0 0 0 0 0 0 0 1 0 0 73 155 0 0 1 0 0 0 0 0 0 0 0 0 0 0 2 0 0 0 0 0 3 0 2 0 0 0 32 0 0 0 255 255 255 255 2 0 0 0 0 0 0 0 data 4 0x2 0x1369 0x40002 0x1369 oops 0
ciMethodData java/awt/EventQueue getPriority (Ljava/awt/AWTEvent;)I 2 3385 orig 264 8 193 197 110 0 0 0 0 224 132 77 23 0 0 0 0 40 3 0 0 48 0 0 0 0 0 0 0 0 0 0 0 0 0 0 0 0 0 0 0 0 0 0 0 0 0 0 0 0 0 0 0 0 0 0 0 0 0 0 0 0 0 0 0 0 0 0 0 0 0 0 0 0 0 0 0 0 0 0 0 77 68 79 32 101 120 116 114 97 32 100 97 116 97 32 108 111 99 107 0 0 0 0 0 0 0 0 0 0 0 0 0 0 0 0 0 0 0 0 0 0 0 0 0 0 0 0 0 0 0 0 0 0 0 0 0 0 0 0 0 0 0 0 0 0 0 0 0 0 0 0 0 0 0 0 0 0 0 0 0 0 0 0 0 0 0 0 0 0 0 0 0 0 0 0 0 0 0 0 1 0 0 0 0 0 0 0 0 0 0 0 0 0 0 0 0 0 0 0 0 0 0 0 0 0 0 0 0 0 0 0 0 0 0 0 0 87 1 0 0 17 95 0 0 1 0 0 0 199 8 0 0 0 0 0 0 2 0 0 0 0 0 17 0 2 0 0 0 224 1 0 0 255 255 255 255 4 0 1 0 0 0 0 0 data 60 0x10004 0xfffffffffffff41f 0x1bd95f70 0x47 0x1bd96020 0x38 0x4e007 0xbe1 0x140 0x2 0x80004 0x0 0x1bd94690 0x2 0x0 0x0 0xd0005 0x0 0x1bd94690 0x2 0x0 0x0 0x160007 0x1 0x20 0x1 0x1c0005 0x0 0x1bd94690 0x1 0x0 0x0 0x230007 0x0 0x20 0x1 0x290005 0x0 0x0 0x0 0x0 0x0 0x320007 0x0 0x20 0x0 0x380005 0x18c 0x1bd95f70 0x60a 0x1bd96020 0x44b 0x400007 0x59b 0x40 0x646 0x470007 0x645 0x20 0x1 oops 7 2 java/awt/event/InvocationEvent 4 java/awt/event/MouseEvent 12 sun/awt/PeerEvent 18 sun/awt/PeerEvent 28 sun/awt/PeerEvent 48 java/awt/event/InvocationEvent 50 java/awt/event/MouseEvent
ciMethodData java/awt/EventQueue postEvent (Ljava/awt/AWTEvent;I)V 2 3386 orig 264 8 193 197 110 0 0 0 0 48 134 77 23 0 0 0 0 0 4 0 0 64 2 0 0 0 0 0 0 0 0 0 0 0 0 0 0 0 0 0 0 0 0 0 0 0 0 0 0 0 0 0 0 0 0 0 0 0 0 0 0 0 0 0 0 0 0 0 0 0 0 0 0 0 0 0 0 0 0 0 0 77 68 79 32 101 120 116 114 97 32 100 97 116 97 32 108 111 99 107 0 0 0 0 0 0 0 0 0 0 0 0 0 0 0 0 0 0 0 0 0 0 0 0 0 0 0 0 0 0 0 0 0 0 0 0 0 0 0 0 0 0 0 0 0 0 0 0 0 0 0 0 0 0 0 0 0 0 0 0 0 0 0 0 0 0 0 0 0 0 0 0 0 0 0 0 0 0 0 0 0 0 0 0 0 0 0 0 0 0 0 0 0 0 0 0 0 0 0 0 0 0 0 0 0 0 0 0 0 0 0 0 0 0 0 0 0 87 1 0 0 25 95 0 0 1 0 0 0 0 0 0 0 0 0 0 0 2 0 0 0 1 0 43 0 2 0 0 0 168 2 0 0 255 255 255 255 2 0 3 0 0 0 0 0 data 85 0x30002 0xbe3 0x60007 0xbe2 0x20 0x1 0xf0002 0xbe2 0x150002 0xbe2 0x190005 0x18e 0x1bd95f70 0x60a 0x1bd96020 0x44a 0x200007 0xbe2 0x38 0x0 0x240003 0x0 0x18 0x330007 0x210 0x1a0 0x9d2 0x370002 0x9d2 0x520007 0x3 0x108 0x9cf 0x560005 0x45 0x1bd95f70 0x55e 0x1bd96020 0x42c 0x590002 0x9cf 0x5c0007 0x0 0x60 0x9cf 0x5f0002 0x9cf 0x660005 0x72 0x1b93b120 0x95d 0x0 0x0 0x6d0005 0x0 0x1b93b1d0 0x9cf 0x0 0x0 0x720003 0x9cf 0x68 0x770007 0x3 0x50 0x0 0x7e0005 0x0 0x0 0x0 0x0 0x0 0x830003 0x9d2 0x68 0x9f0007 0x210 0x50 0x0 0xa60005 0x0 0x0 0x0 0x0 0x0 oops 6 12 java/awt/event/InvocationEvent 14 java/awt/event/MouseEvent 35 java/awt/event/InvocationEvent 37 java/awt/event/MouseEvent 49 sun/awt/AWTAutoShutdown 55 java/util/concurrent/locks/AbstractQueuedSynchronizer$ConditionObject
ciMethodData java/util/concurrent/locks/ReentrantLock$Sync isHeldExclusively ()Z 2 5376 orig 264 8 193 197 110 0 0 0 0 168 184 67 23 0 0 0 0 192 1 0 0 0 0 0 0 0 0 0 0 0 0 0 0 0 0 0 0 0 0 0 0 0 0 0 0 0 0 0 0 0 0 0 0 0 0 0 0 0 0 0 0 0 0 0 0 0 0 0 0 0 0 0 0 0 0 0 0 0 0 0 0 77 68 79 32 101 120 116 114 97 32 100 97 116 97 32 108 111 99 107 0 0 0 0 0 0 0 0 0 0 0 0 0 0 0 0 0 0 0 0 0 0 0 0 0 0 0 0 0 0 0 0 0 0 0 0 0 0 0 0 0 0 0 0 0 0 0 0 0 0 0 0 0 0 0 0 0 0 0 0 0 0 0 0 0 0 0 0 0 0 0 0 0 0 0 0 0 0 0 0 0 0 0 0 0 0 0 0 0 0 0 0 0 0 0 0 0 0 0 0 0 0 0 0 0 0 0 0 0 0 0 0 0 0 0 0 0 0 1 0 0 1 160 0 0 1 0 0 0 0 0 0 0 0 0 0 0 2 0 0 0 0 0 6 0 2 0 0 0 120 0 0 0 255 255 255 255 5 0 1 0 0 0 0 0 data 15 0x10005 0x0 0x19d0c7f0 0x1400 0x0 0x0 0x40002 0x1400 0x70007 0x0 0x38 0x1400 0xb0003 0x1400 0x18 oops 1 2 java/util/concurrent/locks/ReentrantLock$NonfairSync
ciMethodData java/util/concurrent/locks/AbstractQueuedSynchronizer$ConditionObject signalAll ()V 2 6967 orig 264 8 193 197 110 0 0 0 0 168 37 68 23 0 0 0 0 216 1 0 0 80 0 0 0 0 0 0 0 0 0 0 0 0 0 0 0 0 0 0 0 0 0 0 0 0 0 0 0 0 0 0 0 0 0 0 0 0 0 0 0 0 0 0 0 0 0 0 0 0 0 0 0 0 0 0 0 0 0 0 0 77 68 79 32 101 120 116 114 97 32 100 97 116 97 32 108 111 99 107 0 0 0 0 0 0 0 0 0 0 0 0 0 0 0 0 0 0 0 0 0 0 0 0 0 0 0 0 0 0 0 0 0 0 0 0 0 0 0 0 0 0 0 0 0 0 0 0 0 0 0 0 0 0 0 0 0 0 0 0 0 0 0 0 0 0 0 0 0 0 0 0 0 0 0 0 0 0 0 0 0 0 0 0 0 0 0 0 0 0 0 0 0 0 0 0 0 0 0 0 0 0 0 0 0 0 0 0 0 0 0 0 0 0 0 0 0 0 1 0 0 185 209 0 0 1 0 0 0 0 0 0 0 0 0 0 0 2 0 0 0 0 0 8 0 2 0 0 0 144 0 0 0 255 255 255 255 5 0 4 0 0 0 0 0 data 18 0x40005 0x0 0x19d0c7f0 0x1a37 0x0 0x0 0x70007 0x1a37 0x30 0x0 0xe0002 0x0 0x180007 0x1191 0x30 0x8a6 0x1d0002 0x8a6 oops 1 2 java/util/concurrent/locks/ReentrantLock$NonfairSync
ciMethodData java/util/concurrent/locks/AbstractQueuedSynchronizer$ConditionObject doSignalAll (Ljava/util/concurrent/locks/AbstractQueuedSynchronizer$Node;)V 2 2276 orig 264 8 193 197 110 0 0 0 0 88 35 68 23 0 0 0 0 160 1 0 0 0 0 0 0 0 0 0 0 0 0 0 0 0 0 0 0 0 0 0 0 0 0 0 0 0 0 0 0 0 0 0 0 0 0 0 0 0 0 0 0 0 0 0 0 0 0 0 0 0 0 0 0 0 0 0 0 0 0 0 0 77 68 79 32 101 120 116 114 97 32 100 97 116 97 32 108 111 99 107 0 0 0 0 0 0 0 0 0 0 0 0 0 0 0 0 0 0 0 0 0 0 0 0 0 0 0 0 0 0 0 0 0 0 0 0 0 0 0 0 0 0 0 0 0 0 0 0 0 0 0 0 0 0 0 0 0 0 0 0 0 0 0 0 0 0 0 0 0 0 0 0 0 0 0 0 0 0 0 0 0 0 0 0 0 0 0 0 0 0 0 0 0 0 0 0 0 0 0 0 0 0 0 0 0 0 0 0 0 0 0 0 0 0 0 0 0 62 0 0 0 49 69 0 0 33 61 0 0 0 0 0 0 0 0 0 0 2 0 0 0 1 0 6 0 2 0 0 0 80 0 0 0 255 255 255 255 5 0 25 0 0 0 0 0 data 10 0x190005 0x102 0x19d0c7f0 0x7a4 0x0 0x0 0x200007 0x0 0xffffffffffffffd0 0x8a6 oops 1 2 java/util/concurrent/locks/ReentrantLock$NonfairSync
ciMethodData java/awt/EventQueue coalesceEvent (Ljava/awt/AWTEvent;I)Z 2 3386 orig 264 8 193 197 110 0 0 0 0 112 139 77 23 0 0 0 0 104 4 0 0 112 2 0 0 0 0 0 0 0 0 0 0 0 0 0 0 0 0 0 0 0 0 0 0 0 0 0 0 0 0 0 0 0 0 0 0 0 0 0 0 0 0 0 0 0 0 0 0 0 0 0 0 0 0 0 0 0 0 0 0 77 68 79 32 101 120 116 114 97 32 100 97 116 97 32 108 111 99 107 0 0 0 0 0 0 0 0 0 0 0 0 0 0 0 0 0 0 0 0 0 0 0 0 0 0 0 0 0 0 0 0 0 0 0 0 0 0 0 0 0 0 0 0 0 0 0 0 0 0 0 0 0 0 0 0 0 0 0 0 0 0 0 0 0 0 0 0 0 0 0 0 0 0 0 0 0 0 0 0 0 0 0 0 0 0 0 0 0 0 0 0 0 0 0 0 0 0 0 0 0 0 0 0 0 0 0 0 0 0 0 0 0 0 0 0 0 128 1 0 0 209 93 0 0 1 0 0 0 0 0 0 0 0 0 0 0 2 0 0 0 0 0 16 0 2 0 0 0 16 3 0 0 255 255 255 255 5 0 1 0 0 0 0 0 data 98 0x10005 0x18c 0x1bd95f70 0x5f2 0x1bd96020 0x43c 0x40004 0xfffffffffffff9fd 0x1be857a0 0x443 0x1be85850 0x8 0x70007 0x5b7 0x20 0x603 0xd0004 0xfffffffffffffa49 0x0 0x0 0x0 0x0 0x100007 0x5b7 0x60 0x0 0x150004 0x0 0x0 0x0 0x0 0x0 0x180002 0x0 0x1d0005 0x159 0x1bd96020 0x43c 0x1be85900 0x22 0x200004 0x0 0x1be857a0 0x443 0x1be85850 0x8 0x230005 0x16c 0x1be857a0 0x443 0x1be85850 0x8 0x260007 0x5b7 0x50 0x0 0x2c0002 0x0 0x2f0007 0x0 0x20 0x0 0x350004 0xfffffffffffffa4a 0x1be859b0 0x1 0x0 0x0 0x380007 0x5b6 0x60 0x1 0x3d0004 0x0 0x1be859b0 0x1 0x0 0x0 0x400002 0x1 0x450004 0xfffffffffffffe86 0x1bd96020 0x43c 0x0 0x0 0x480007 0x17a 0x60 0x43c 0x4d0004 0x0 0x1bd96020 0x43c 0x0 0x0 0x500002 0x43c oops 14 2 java/awt/event/InvocationEvent 4 java/awt/event/MouseEvent 8 bank/CreateContractInformation 10 javax/swing/JButton 36 java/awt/event/MouseEvent 38 sun/awt/CausedFocusEvent 42 bank/CreateContractInformation 44 javax/swing/JButton 48 bank/CreateContractInformation 50 javax/swing/JButton 64 sun/awt/event/IgnorePaintEvent 74 sun/awt/event/IgnorePaintEvent 82 java/awt/event/MouseEvent 92 java/awt/event/MouseEvent
ciMethodData java/awt/EventQueue coalesceMouseEvent (Ljava/awt/event/MouseEvent;)Z 2 1156 orig 264 8 193 197 110 0 0 0 0 160 136 77 23 0 0 0 0 32 2 0 0 96 0 0 0 0 0 0 0 0 0 0 0 0 0 0 0 0 0 0 0 0 0 0 0 0 0 0 0 0 0 0 0 0 0 0 0 0 0 0 0 0 0 0 0 0 0 0 0 0 0 0 0 0 0 0 0 0 0 0 0 77 68 79 32 101 120 116 114 97 32 100 97 116 97 32 108 111 99 107 0 0 0 0 0 0 0 0 0 0 0 0 0 0 0 0 0 0 0 0 0 0 0 0 0 0 0 0 0 0 0 0 0 0 0 0 0 0 0 0 0 0 0 0 0 0 0 0 0 0 0 0 0 0 0 0 0 0 0 0 0 0 0 0 0 0 0 0 0 0 0 0 0 0 0 0 0 0 0 0 0 0 0 0 0 0 0 0 0 0 0 0 0 0 0 0 0 0 0 0 0 0 0 0 0 0 0 0 0 0 0 0 0 0 0 0 0 72 0 0 0 225 33 0 0 1 0 0 0 0 0 0 0 0 0 0 0 2 0 0 0 0 0 10 0 2 0 0 0 208 0 0 0 255 255 255 255 5 0 1 0 0 0 0 0 data 26 0x10005 0x0 0x1bd96020 0x43c 0x0 0x0 0x40004 0x0 0x1be857a0 0x3f9 0x1bb87140 0x43 0xc0007 0x43c 0x20 0x0 0x120002 0x43c 0x180007 0x2c 0x40 0x410 0x1e0007 0x40f 0x20 0x1 oops 3 2 java/awt/event/MouseEvent 8 bank/CreateContractInformation 10 javax/swing/Popup$HeavyWeightWindow
ciMethodData sun/awt/AWTAutoShutdown notifyThreadFree (Ljava/lang/Thread;)V 2 2278 orig 264 8 193 197 110 0 0 0 0 104 82 74 23 0 0 0 0 48 2 0 0 176 0 0 0 0 0 0 0 0 0 0 0 0 0 0 0 0 0 0 0 0 0 0 0 0 0 0 0 0 0 0 0 0 0 0 0 0 0 0 0 0 0 0 0 0 0 0 0 0 0 0 0 0 0 0 0 0 0 0 0 77 68 79 32 101 120 116 114 97 32 100 97 116 97 32 108 111 99 107 0 0 0 0 0 0 0 0 0 0 0 0 0 0 0 0 0 0 0 0 0 0 0 0 0 0 0 0 0 0 0 0 0 0 0 0 0 0 0 0 0 0 0 0 0 0 0 0 0 0 0 0 0 0 0 0 0 0 0 0 0 0 0 0 0 0 0 0 0 0 0 0 0 0 0 0 0 0 0 0 0 0 0 0 0 0 0 0 0 0 0 0 0 0 0 0 0 0 0 0 0 0 0 0 0 0 0 0 0 0 0 0 0 0 0 0 0 73 0 0 0 233 68 0 0 1 0 0 0 0 0 0 0 0 0 0 0 2 0 0 0 0 0 18 0 2 0 0 0 224 0 0 0 255 255 255 255 7 0 1 0 0 0 0 0 data 28 0x10007 0x89d 0x20 0x0 0x180005 0x0 0x1b6e9c60 0x89d 0x0 0x0 0x1f0002 0x89d 0x220007 0x89d 0x50 0x0 0x290005 0x0 0x0 0x0 0x0 0x0 0x330003 0x89d 0x18 0x3f0003 0x89d 0x18 oops 1 6 java/util/HashSet
ciMethodData java/util/concurrent/locks/AbstractQueuedSynchronizer$ConditionObject await ()V 2 2296 orig 264 8 193 197 110 0 0 0 0 232 40 68 23 0 0 0 0 64 3 0 0 184 1 0 0 0 0 0 0 0 0 0 0 0 0 0 0 0 0 0 0 0 0 0 0 0 0 0 0 0 0 0 0 0 0 0 0 0 0 0 0 0 0 0 0 0 0 0 0 0 0 0 0 0 0 0 0 0 0 0 0 77 68 79 32 101 120 116 114 97 32 100 97 116 97 32 108 111 99 107 0 0 0 0 0 0 0 0 0 0 0 0 0 0 0 0 0 0 0 0 0 0 0 0 0 0 0 0 0 0 0 0 0 0 0 0 0 0 0 0 0 0 0 0 0 0 0 0 0 0 0 0 0 0 0 0 0 0 0 0 0 0 0 0 0 0 0 0 0 0 0 0 0 0 0 0 0 0 0 0 0 0 0 0 0 0 0 0 0 0 0 0 0 0 0 0 0 0 0 0 0 0 0 0 0 0 0 0 0 0 0 0 0 0 0 0 0 75 0 0 0 105 69 0 0 113 69 0 0 0 0 0 0 0 0 0 0 2 0 0 0 2 0 47 0 2 0 0 0 248 1 0 0 255 255 255 255 2 0 0 0 0 0 0 0 data 63 0x2 0x8ad 0x30007 0x8ad 0x30 0x0 0xa0002 0x0 0xf0002 0x8ad 0x180005 0x101 0x19d0c7f0 0x7ac 0x0 0x0 0x230005 0x202 0x19d0c7f0 0xf57 0x0 0x0 0x260007 0x8ac 0x78 0x8ad 0x2a0002 0x8ad 0x2f0002 0x8ac 0x340007 0x8ac 0xffffffffffffff90 0x0 0x370003 0x0 0x18 0x400005 0x101 0x19d0c7f0 0x7ab 0x0 0x0 0x430007 0x8ac 0x40 0x0 0x480007 0x0 0x20 0x0 0x510007 0x8ac 0x30 0x0 0x550002 0x0 0x590007 0x8ac 0x30 0x0 0x5e0002 0x0 oops 3 12 java/util/concurrent/locks/ReentrantLock$NonfairSync 18 java/util/concurrent/locks/ReentrantLock$NonfairSync 39 java/util/concurrent/locks/ReentrantLock$NonfairSync
ciMethodData java/awt/EventQueue cacheEQItem (Lsun/awt/EventQueueItem;)V 2 3385 orig 264 8 193 197 110 0 0 0 0 64 140 77 23 0 0 0 0 176 2 0 0 16 1 0 0 0 0 0 0 0 0 0 0 0 0 0 0 0 0 0 0 0 0 0 0 0 0 0 0 0 0 0 0 0 0 0 0 0 0 0 0 0 0 0 0 0 0 0 0 0 0 0 0 0 0 0 0 0 0 0 0 77 68 79 32 101 120 116 114 97 32 100 97 116 97 32 108 111 99 107 0 0 0 0 0 0 0 0 0 0 0 0 0 0 0 0 0 0 0 0 0 0 0 0 0 0 0 0 0 0 0 0 0 0 0 0 0 0 0 0 0 0 0 0 0 0 0 0 0 0 0 0 0 0 0 0 0 0 0 0 0 0 0 0 0 0 0 0 0 0 0 0 0 0 0 0 0 0 0 0 0 0 0 0 0 0 0 0 0 0 0 0 0 0 0 0 0 0 0 0 0 0 0 0 0 0 0 0 0 0 0 0 0 0 0 0 0 128 1 0 0 201 93 0 0 1 0 0 0 0 0 0 0 0 0 0 0 2 0 0 0 0 0 11 0 2 0 0 0 96 1 0 0 255 255 255 255 2 0 4 0 0 0 0 0 data 44 0x40002 0xbb9 0xa0007 0x7a7 0x150 0x412 0x110005 0x2 0x1bd96020 0x40f 0x1be859b0 0x1 0x140004 0xfffffffffffffffe 0x1be857a0 0x3d1 0x1bb87140 0x3f 0x170007 0x2 0xd0 0x410 0x1e0005 0x0 0x1bd96020 0x40f 0x1be859b0 0x1 0x210004 0x0 0x1be857a0 0x3d1 0x1bb87140 0x3f 0x290007 0x40f 0x20 0x1 0x3a0004 0x0 0x19dd0e40 0x410 0x0 0x0 oops 9 8 java/awt/event/MouseEvent 10 sun/awt/event/IgnorePaintEvent 14 bank/CreateContractInformation 16 javax/swing/Popup$HeavyWeightWindow 24 java/awt/event/MouseEvent 26 sun/awt/event/IgnorePaintEvent 30 bank/CreateContractInformation 32 javax/swing/Popup$HeavyWeightWindow 40 sun/awt/EventQueueItem
ciMethodData java/util/concurrent/locks/AbstractQueuedSynchronizer compareAndSetWaitStatus (Ljava/util/concurrent/locks/AbstractQueuedSynchronizer$Node;II)Z 2 5241 orig 264 8 193 197 110 0 0 0 0 208 247 67 23 0 0 0 0 136 1 0 0 0 0 0 0 0 0 0 0 0 0 0 0 0 0 0 0 0 0 0 0 0 0 0 0 0 0 0 0 0 0 0 0 0 0 0 0 0 0 0 0 0 0 0 0 0 0 0 0 0 0 0 0 0 0 0 0 0 0 0 0 77 68 79 32 101 120 116 114 97 32 100 97 116 97 32 108 111 99 107 0 0 0 0 0 0 0 0 0 0 0 0 0 0 0 0 0 0 0 0 0 0 0 0 0 0 0 0 0 0 0 0 0 0 0 0 0 0 0 0 0 0 0 0 0 0 0 0 0 0 0 0 0 0 0 0 0 0 0 0 0 0 0 0 0 0 0 0 0 0 0 0 0 0 0 0 0 0 0 0 0 0 0 0 0 17 0 0 0 0 0 0 0 0 0 0 0 0 0 0 0 0 0 0 0 0 0 0 0 0 0 0 0 0 0 0 0 0 1 0 0 201 155 0 0 1 0 0 0 0 0 0 0 0 0 0 0 2 0 0 0 0 0 3 0 1 0 0 0 48 0 0 0 255 255 255 255 5 0 9 0 0 0 0 0 data 6 0x90005 0x0 0x0 0x0 0x0 0x0 oops 0
ciMethodData java/awt/EventQueue noEvents ()Z 2 10524 orig 264 8 193 197 110 0 0 0 0 160 142 77 23 0 0 0 0 120 1 0 0 32 0 0 0 0 0 0 0 0 0 0 0 0 0 0 0 0 0 0 0 0 0 0 0 0 0 0 0 0 0 0 0 0 0 0 0 0 0 0 0 0 0 0 0 0 0 0 0 0 0 0 0 0 0 0 0 0 0 0 0 77 68 79 32 101 120 116 114 97 32 100 97 116 97 32 108 111 99 107 0 0 0 0 0 0 0 0 0 0 0 0 0 0 0 0 0 0 0 0 0 0 0 0 0 0 0 0 0 0 0 0 0 0 0 0 0 0 0 0 0 0 0 0 0 0 0 0 0 0 0 0 0 0 0 0 0 0 0 0 0 0 0 0 0 0 0 0 0 0 0 0 0 0 0 0 0 0 0 0 0 0 0 0 0 0 0 0 0 0 0 0 0 0 0 0 0 0 0 0 0 0 0 0 0 0 0 0 0 0 0 0 0 0 0 0 0 161 3 0 0 9 75 0 0 217 43 1 0 0 0 0 0 0 0 0 0 2 0 0 0 0 0 0 0 0 0 0 0 88 0 0 0 255 255 255 255 7 0 4 0 0 0 0 0 data 11 0x40007 0x95e 0x58 0x257e 0x100007 0x257b 0x20 0x3 0x180003 0x257b 0xffffffffffffffc0 oops 0
ciMethodData sun/awt/AWTAutoShutdown notifyThreadBusy (Ljava/lang/Thread;)V 2 2631 orig 264 8 193 197 110 0 0 0 0 96 81 74 23 0 0 0 0 120 2 0 0 248 0 0 0 0 0 0 0 0 0 0 0 0 0 0 0 0 0 0 0 0 0 0 0 0 0 0 0 0 0 0 0 0 0 0 0 0 0 0 0 0 0 0 0 0 0 0 0 0 0 0 0 0 0 0 0 0 0 0 0 77 68 79 32 101 120 116 114 97 32 100 97 116 97 32 108 111 99 107 0 0 0 0 0 0 0 0 0 0 0 0 0 0 0 0 0 0 0 0 0 0 0 0 0 0 0 0 0 0 0 0 0 0 0 0 0 0 0 0 0 0 0 0 0 0 0 0 0 0 0 0 0 0 0 0 0 0 0 0 0 0 0 0 0 0 0 0 0 0 0 0 0 0 0 0 0 0 0 0 0 0 0 0 0 0 0 0 0 0 0 0 0 0 0 0 0 0 0 0 0 0 0 0 0 0 0 0 0 0 0 0 0 0 0 0 0 233 0 0 0 241 74 0 0 1 0 0 0 0 0 0 0 0 0 0 0 2 0 0 0 0 0 20 0 2 0 0 0 40 1 0 0 255 255 255 255 7 0 1 0 0 0 0 0 data 37 0x10007 0x95e 0x20 0x0 0x170007 0x95e 0x48 0x0 0x1b0002 0x0 0x1e0003 0x0 0x78 0x220002 0x95e 0x250007 0x95e 0x50 0x0 0x2c0005 0x0 0x0 0x0 0x0 0x0 0x390005 0x0 0x1b6e9c60 0x95e 0x0 0x0 0x410003 0x95e 0x18 0x4d0003 0x95e 0x18 oops 1 27 java/util/HashSet
ciMethodData java/util/concurrent/locks/AbstractQueuedSynchronizer isOnSyncQueue (Ljava/util/concurrent/locks/AbstractQueuedSynchronizer$Node;)Z 2 5030 orig 264 8 193 197 110 0 0 0 0 80 240 67 23 0 0 0 0 152 1 0 0 64 0 0 0 0 0 0 0 0 0 0 0 0 0 0 0 0 0 0 0 0 0 0 0 0 0 0 0 0 0 0 0 0 0 0 0 0 0 0 0 0 0 0 0 0 0 0 0 0 0 0 0 0 0 0 0 0 0 0 0 77 68 79 32 101 120 116 114 97 32 100 97 116 97 32 108 111 99 107 0 0 0 0 0 0 0 0 0 0 0 0 0 0 0 0 0 0 0 0 0 0 0 0 0 0 0 0 0 0 0 0 0 0 0 0 0 0 0 0 0 0 0 0 0 0 0 0 0 0 0 0 0 0 0 0 0 0 0 0 0 0 0 0 0 0 0 0 0 0 0 0 0 0 0 0 0 0 0 0 0 0 0 0 0 0 0 0 0 0 0 0 0 0 0 0 0 0 0 0 0 0 0 0 0 0 0 0 0 0 0 0 0 0 0 0 0 0 1 0 0 49 149 0 0 1 0 0 0 0 0 0 0 0 0 0 0 2 0 0 0 1 0 16 0 2 0 0 0 112 0 0 0 255 255 255 255 7 0 6 0 0 0 0 0 data 14 0x60007 0x9ab 0x40 0x8fb 0xd0007 0x8fb 0x20 0x0 0x160007 0x8fb 0x20 0x0 0x1d0002 0x8fb oops 0
ciMethodData java/util/concurrent/locks/AbstractQueuedSynchronizer findNodeFromTail (Ljava/util/concurrent/locks/AbstractQueuedSynchronizer$Node;)Z 2 2418 orig 264 8 193 197 110 0 0 0 0 0 241 67 23 0 0 0 0 168 1 0 0 32 0 0 0 0 0 0 0 0 0 0 0 0 0 0 0 0 0 0 0 0 0 0 0 0 0 0 0 0 0 0 0 0 0 0 0 0 0 0 0 0 0 0 0 0 0 0 0 0 0 0 0 0 0 0 0 0 0 0 0 77 68 79 32 101 120 116 114 97 32 100 97 116 97 32 108 111 99 107 0 0 0 0 0 0 0 0 0 0 0 0 0 0 0 0 0 0 0 0 0 0 0 0 0 0 0 0 0 0 0 0 0 0 0 0 0 0 0 0 0 0 0 0 0 0 0 0 0 0 0 0 0 0 0 0 0 0 0 0 0 0 0 0 0 0 0 0 0 0 0 0 0 0 0 0 0 0 0 0 0 0 0 0 0 0 0 0 0 0 0 0 0 0 0 0 0 0 0 0 0 0 0 0 0 0 0 0 0 0 0 0 0 0 0 0 0 119 0 0 0 217 71 0 0 1 0 0 0 0 0 0 0 0 0 0 0 2 0 0 0 0 0 0 0 0 0 0 0 88 0 0 0 255 255 255 255 7 0 7 0 0 0 0 0 data 11 0x70007 0x0 0x20 0x8fb 0xd0007 0x0 0x20 0x0 0x170003 0x0 0xffffffffffffffc0 oops 0
ciMethodData java/util/concurrent/locks/LockSupport setBlocker (Ljava/lang/Thread;Ljava/lang/Object;)V 2 5004 orig 264 8 193 197 110 0 0 0 0 24 218 12 27 0 0 0 0 128 1 0 0 0 0 0 0 0 0 0 0 0 0 0 0 0 0 0 0 0 0 0 0 0 0 0 0 0 0 0 0 0 0 0 0 0 0 0 0 0 0 0 0 0 0 0 0 0 0 0 0 0 0 0 0 0 0 0 0 0 0 0 0 77 68 79 32 101 120 116 114 97 32 100 97 116 97 32 108 111 99 107 0 0 0 0 0 0 0 0 0 0 0 0 0 0 0 0 0 0 0 0 0 0 0 0 0 0 0 0 0 0 0 0 0 0 0 0 0 0 0 0 0 0 0 0 0 0 0 0 0 0 0 0 0 0 0 0 0 0 0 0 0 0 0 0 0 0 0 0 0 0 0 0 0 0 0 0 0 0 0 0 0 0 0 0 0 17 0 0 0 0 0 0 0 0 0 0 0 0 0 0 0 0 0 0 0 0 0 0 0 0 0 0 0 0 0 0 0 0 1 0 0 97 148 0 0 1 0 0 0 0 0 0 0 0 0 0 0 2 0 0 0 0 0 3 0 1 0 0 0 48 0 0 0 255 255 255 255 5 0 8 0 0 0 0 0 data 6 0x80005 0x0 0x0 0x0 0x0 0x0 oops 0
ciMethodData java/util/HashMap afterNodeRemoval (Ljava/util/HashMap$Node;)V 2 1280 orig 264 8 193 197 110 0 0 0 0 136 141 10 23 0 0 0 0 40 1 0 0 0 0 0 0 0 0 0 0 0 0 0 0 0 0 0 0 0 0 0 0 0 0 0 0 0 0 0 0 0 0 0 0 0 0 0 0 0 0 0 0 0 0 0 0 0 0 0 0 0 0 0 0 0 0 0 0 0 0 0 0 77 68 79 32 101 120 116 114 97 32 100 97 116 97 32 108 111 99 107 0 0 0 0 0 0 0 0 0 0 0 0 0 0 0 0 0 0 0 0 0 0 0 0 0 0 0 0 0 0 0 0 0 0 0 0 0 0 0 0 0 0 0 0 0 0 0 0 0 0 0 0 0 0 0 0 0 0 0 0 0 0 0 0 0 0 0 0 0 0 0 0 0 0 0 0 0 0 0 0 0 0 0 0 0 0 0 0 0 0 0 0 0 0 0 0 0 0 0 0 0 0 0 0 0 0 0 0 0 0 0 0 0 0 0 0 0 0 1 0 0 1 32 0 0 1 0 0 0 0 0 0 0 0 0 0 0 2 0 0 0 0 0 3 0 1 0 0 0 0 0 0 0 255 255 255 255 0 0 0 0 0 0 0 0 data 0 oops 0
ciMethodData java/util/concurrent/locks/AbstractQueuedSynchronizer$ConditionObject checkInterruptWhileWaiting (Ljava/util/concurrent/locks/AbstractQueuedSynchronizer$Node;)I 2 2533 orig 264 8 193 197 110 0 0 0 0 48 39 68 23 0 0 0 0 0 2 0 0 128 0 0 0 0 0 0 0 0 0 0 0 0 0 0 0 0 0 0 0 0 0 0 0 0 0 0 0 0 0 0 0 0 0 0 0 0 0 0 0 0 0 0 0 0 0 0 0 0 0 0 0 0 0 0 0 0 0 0 0 77 68 79 32 101 120 116 114 97 32 100 97 116 97 32 108 111 99 107 0 0 0 0 0 0 0 0 0 0 0 0 0 0 0 0 0 0 0 0 0 0 0 0 0 0 0 0 0 0 0 0 0 0 0 0 0 0 0 0 0 0 0 0 0 0 0 0 0 0 0 0 0 0 0 0 0 0 0 0 0 0 0 0 0 0 0 0 0 0 0 0 0 0 0 0 0 0 0 0 0 0 0 0 0 0 0 0 0 0 0 0 0 0 0 0 0 0 0 0 0 0 0 0 0 0 0 0 0 0 0 0 0 0 0 0 0 0 1 0 0 41 71 0 0 1 0 0 0 0 0 0 0 0 0 0 0 2 0 0 0 1 0 14 0 2 0 0 0 176 0 0 0 255 255 255 255 2 0 0 0 0 0 0 0 data 22 0x2 0x8e5 0x30007 0x8e6 0xa0 0x0 0xb0005 0x0 0x0 0x0 0x0 0x0 0xe0007 0x0 0x38 0x0 0x120003 0x0 0x30 0x160003 0x0 0x18 oops 0
ciMethodData java/util/concurrent/locks/AbstractQueuedSynchronizer enq (Ljava/util/concurrent/locks/AbstractQueuedSynchronizer$Node;)Ljava/util/concurrent/locks/AbstractQueuedSynchronizer$Node; 2 2493 orig 264 8 193 197 110 0 0 0 0 24 207 67 23 0 0 0 0 232 1 0 0 168 0 0 0 0 0 0 0 0 0 0 0 0 0 0 0 0 0 0 0 0 0 0 0 0 0 0 0 0 0 0 0 0 0 0 0 0 0 0 0 0 0 0 0 0 0 0 0 0 0 0 0 0 0 0 0 0 0 0 0 77 68 79 32 101 120 116 114 97 32 100 97 116 97 32 108 111 99 107 0 0 0 0 0 0 0 0 0 0 0 0 0 0 0 0 0 0 0 0 0 0 0 0 0 0 0 0 0 0 0 0 0 0 0 0 0 0 0 0 0 0 0 0 0 0 0 0 0 0 0 0 0 0 0 0 0 0 0 0 0 0 0 0 0 0 0 0 0 0 0 0 0 0 0 0 0 0 0 0 0 0 0 0 0 25 0 0 0 0 0 0 0 0 0 0 0 0 0 0 0 0 0 0 0 0 0 0 0 0 0 0 0 0 0 0 0 252 0 0 0 9 70 0 0 41 0 0 0 0 0 0 0 0 0 0 0 2 0 0 0 1 0 10 0 2 0 0 0 192 0 0 0 255 255 255 255 7 0 6 0 0 0 0 0 data 24 0x60007 0x8c1 0x78 0x5 0xe0002 0x5 0x110002 0x5 0x140007 0x0 0x68 0x5 0x1f0003 0x5 0x48 0x2a0002 0x8c1 0x2d0007 0x0 0x20 0x8c1 0x370003 0x5 0xffffffffffffff58 oops 0
ciMethodData java/util/concurrent/locks/AbstractQueuedSynchronizer$Node predecessor ()Ljava/util/concurrent/locks/AbstractQueuedSynchronizer$Node; 2 2509 orig 264 8 193 197 110 0 0 0 0 248 14 68 23 0 0 0 0 80 1 0 0 0 0 0 0 0 0 0 0 0 0 0 0 0 0 0 0 0 0 0 0 0 0 0 0 0 0 0 0 0 0 0 0 0 0 0 0 0 0 0 0 0 0 0 0 0 0 0 0 0 0 0 0 0 0 0 0 0 0 0 0 77 68 79 32 101 120 116 114 97 32 100 97 116 97 32 108 111 99 107 0 0 0 0 0 0 0 0 0 0 0 0 0 0 0 0 0 0 0 0 0 0 0 0 0 0 0 0 0 0 0 0 0 0 0 0 0 0 0 0 0 0 0 0 0 0 0 0 0 0 0 0 0 0 0 0 0 0 0 0 0 0 0 0 0 0 0 0 0 0 0 0 0 0 0 0 0 0 0 0 0 0 0 0 0 25 0 0 0 0 0 0 0 0 0 0 0 0 0 0 0 1 0 0 0 0 0 0 0 0 0 0 0 0 0 0 0 0 1 0 0 105 70 0 0 1 0 0 0 0 0 0 0 0 0 0 0 2 0 0 0 0 0 5 0 2 0 0 0 48 0 0 0 255 255 255 255 7 0 6 0 0 0 0 0 data 6 0x60007 0x8cd 0x30 0x0 0xd0002 0x0 oops 0
ciMethodData java/util/concurrent/locks/AbstractQueuedSynchronizer compareAndSetTail (Ljava/util/concurrent/locks/AbstractQueuedSynchronizer$Node;Ljava/util/concurrent/locks/AbstractQueuedSynchronizer$Node;)Z 2 2506 orig 264 8 193 197 110 0 0 0 0 48 247 67 23 0 0 0 0 136 1 0 0 0 0 0 0 0 0 0 0 0 0 0 0 0 0 0 0 0 0 0 0 0 0 0 0 0 0 0 0 0 0 0 0 0 0 0 0 0 0 0 0 0 0 0 0 0 0 0 0 0 0 0 0 0 0 0 0 0 0 0 0 77 68 79 32 101 120 116 114 97 32 100 97 116 97 32 108 111 99 107 0 0 0 0 0 0 0 0 0 0 0 0 0 0 0 0 0 0 0 0 0 0 0 0 0 0 0 0 0 0 0 0 0 0 0 0 0 0 0 0 0 0 0 0 0 0 0 0 0 0 0 0 0 0 0 0 0 0 0 0 0 0 0 0 0 0 0 0 0 0 0 0 0 0 0 0 0 0 0 0 0 0 0 0 0 17 0 0 0 0 0 0 0 0 0 0 0 0 0 0 0 0 0 0 0 0 0 0 0 0 0 0 0 0 0 0 0 0 1 0 0 81 70 0 0 1 0 0 0 0 0 0 0 0 0 0 0 2 0 0 0 0 0 3 0 1 0 0 0 48 0 0 0 255 255 255 255 5 0 9 0 0 0 0 0 data 6 0x90005 0x0 0x0 0x0 0x0 0x0 oops 0
ciMethodData java/util/concurrent/locks/AbstractQueuedSynchronizer setHead (Ljava/util/concurrent/locks/AbstractQueuedSynchronizer$Node;)V 2 2507 orig 264 8 193 197 110 0 0 0 0 128 208 67 23 0 0 0 0 40 1 0 0 0 0 0 0 0 0 0 0 0 0 0 0 0 0 0 0 0 0 0 0 0 0 0 0 0 0 0 0 0 0 0 0 0 0 0 0 0 0 0 0 0 0 0 0 0 0 0 0 0 0 0 0 0 0 0 0 0 0 0 0 77 68 79 32 101 120 116 114 97 32 100 97 116 97 32 108 111 99 107 0 0 0 0 0 0 0 0 0 0 0 0 0 0 0 0 0 0 0 0 0 0 0 0 0 0 0 0 0 0 0 0 0 0 0 0 0 0 0 0 0 0 0 0 0 0 0 0 0 0 0 0 0 0 0 0 0 0 0 0 0 0 0 0 0 0 0 0 0 0 0 0 0 0 0 0 0 0 0 0 0 0 0 0 0 0 0 0 0 0 0 0 0 0 0 0 0 0 0 0 0 0 0 0 0 0 0 0 0 0 0 0 0 0 0 0 0 0 1 0 0 89 70 0 0 1 0 0 0 0 0 0 0 0 0 0 0 2 0 0 0 0 0 3 0 1 0 0 0 0 0 0 0 255 255 255 255 0 0 0 0 0 0 0 0 data 0 oops 0
ciMethodData java/util/concurrent/locks/LockSupport park (Ljava/lang/Object;)V 2 2297 orig 264 8 193 197 110 0 0 0 0 96 219 12 27 0 0 0 0 168 1 0 0 0 0 0 0 0 0 0 0 0 0 0 0 0 0 0 0 0 0 0 0 0 0 0 0 0 0 0 0 0 0 0 0 0 0 0 0 0 0 0 0 0 0 0 0 0 0 0 0 0 0 0 0 0 0 0 0 0 0 0 0 77 68 79 32 101 120 116 114 97 32 100 97 116 97 32 108 111 99 107 0 0 0 0 0 0 0 0 0 0 0 0 0 0 0 0 0 0 0 0 0 0 0 0 0 0 0 0 0 0 0 0 0 0 0 0 0 0 0 0 0 0 0 0 0 0 0 0 0 0 0 0 0 0 0 0 0 0 0 0 0 0 0 0 0 0 0 0 0 0 0 0 0 0 0 0 0 0 0 0 0 0 0 0 0 17 0 0 0 0 0 0 0 0 0 0 0 0 0 0 0 0 0 0 0 0 0 0 0 0 0 0 0 0 0 0 0 243 0 0 0 49 64 0 0 1 0 0 0 0 0 0 0 0 0 0 0 2 0 0 0 0 0 0 0 0 0 0 0 96 0 0 0 255 255 255 255 2 0 0 0 0 0 0 0 data 12 0x2 0x806 0x60002 0x806 0xe0005 0x59 0x1794da10 0x7ad 0x0 0x0 0x130002 0x804 oops 1 6 sun/misc/Unsafe
ciMethodData java/util/concurrent/locks/AbstractQueuedSynchronizer$ConditionObject addConditionWaiter ()Ljava/util/concurrent/locks/AbstractQueuedSynchronizer$Node; 2 2496 orig 264 8 193 197 110 0 0 0 0 224 33 68 23 0 0 0 0 240 1 0 0 64 0 0 0 0 0 0 0 0 0 0 0 0 0 0 0 0 0 0 0 0 0 0 0 0 0 0 0 0 0 0 0 0 0 0 0 0 0 0 0 0 0 0 0 0 0 0 0 0 0 0 0 0 0 0 0 0 0 0 0 77 68 79 32 101 120 116 114 97 32 100 97 116 97 32 108 111 99 107 0 0 0 0 0 0 0 0 0 0 0 0 0 0 0 0 0 0 0 0 0 0 0 0 0 0 0 0 0 0 0 0 0 0 0 0 0 0 0 0 0 0 0 0 0 0 0 0 0 0 0 0 0 0 0 0 0 0 0 0 0 0 0 0 0 0 0 0 0 0 0 0 0 0 0 0 0 0 0 0 0 0 0 0 0 0 0 0 0 0 0 0 0 0 0 0 0 0 0 0 0 0 0 0 0 0 0 0 0 0 0 0 0 0 0 0 0 0 1 0 0 1 70 0 0 1 0 0 0 0 0 0 0 0 0 0 0 2 0 0 0 0 0 11 0 2 0 0 0 168 0 0 0 255 255 255 255 7 0 6 0 0 0 0 0 data 21 0x60007 0x8b1 0x50 0xf 0xf0007 0x0 0x30 0xf 0x130002 0xf 0x1f0002 0x8c0 0x240002 0x8c0 0x290007 0x0 0x38 0x8c0 0x310003 0x8c0 0x18 oops 0
ciMethodData java/util/concurrent/locks/AbstractQueuedSynchronizer$Node <init> (Ljava/lang/Thread;I)V 2 2496 orig 264 8 193 197 110 0 0 0 0 208 16 68 23 0 0 0 0 64 1 0 0 0 0 0 0 0 0 0 0 0 0 0 0 0 0 0 0 0 0 0 0 0 0 0 0 0 0 0 0 0 0 0 0 0 0 0 0 0 0 0 0 0 0 0 0 0 0 0 0 0 0 0 0 0 0 0 0 0 0 0 0 77 68 79 32 101 120 116 114 97 32 100 97 116 97 32 108 111 99 107 0 0 0 0 0 0 0 0 0 0 0 0 0 0 0 0 0 0 0 0 0 0 0 0 0 0 0 0 0 0 0 0 0 0 0 0 0 0 0 0 0 0 0 0 0 0 0 0 0 0 0 0 0 0 0 0 0 0 0 0 0 0 0 0 0 0 0 0 0 0 0 0 0 0 0 0 0 0 0 0 0 0 0 0 0 0 0 0 0 0 0 0 0 0 0 0 0 0 0 0 0 0 0 0 0 0 0 0 0 0 0 0 0 0 0 0 0 0 1 0 0 1 70 0 0 1 0 0 0 0 0 0 0 0 0 0 0 2 0 0 0 0 0 3 0 2 0 0 0 16 0 0 0 255 255 255 255 2 0 1 0 0 0 0 0 data 2 0x10002 0x8c0 oops 0
ciMethodData java/util/concurrent/locks/AbstractQueuedSynchronizer transferForSignal (Ljava/util/concurrent/locks/AbstractQueuedSynchronizer$Node;)Z 2 2443 orig 264 8 193 197 110 0 0 0 0 200 241 67 23 0 0 0 0 240 1 0 0 112 0 0 0 0 0 0 0 0 0 0 0 0 0 0 0 0 0 0 0 0 0 0 0 0 0 0 0 0 0 0 0 0 0 0 0 0 0 0 0 0 0 0 0 0 0 0 0 0 0 0 0 0 0 0 0 0 0 0 0 77 68 79 32 101 120 116 114 97 32 100 97 116 97 32 108 111 99 107 0 0 0 0 0 0 0 0 0 0 0 0 0 0 0 0 0 0 0 0 0 0 0 0 0 0 0 0 0 0 0 0 0 0 0 0 0 0 0 0 0 0 0 0 0 0 0 0 0 0 0 0 0 0 0 0 0 0 0 0 0 0 0 0 0 0 0 0 0 0 0 0 0 0 0 0 0 0 0 0 0 0 0 0 0 17 0 0 0 0 0 0 0 0 0 0 0 0 0 0 0 0 0 0 0 0 0 0 0 0 0 0 0 0 0 0 0 0 1 0 0 89 68 0 0 1 0 0 0 0 0 0 0 0 0 0 0 2 0 0 0 0 0 14 0 2 0 0 0 160 0 0 0 255 255 255 255 2 0 4 0 0 0 0 0 data 20 0x40002 0x88b 0x70007 0x874 0x20 0x17 0xe0002 0x874 0x180007 0x0 0x50 0x874 0x1e0002 0x874 0x210007 0x874 0x30 0x0 0x280002 0x0 oops 0
ciMethodData java/util/concurrent/locks/LockSupport unpark (Ljava/lang/Thread;)V 1 303 orig 264 8 193 197 110 0 0 0 0 184 218 12 27 0 0 0 0 152 1 0 0 0 0 0 0 0 0 0 0 0 0 0 0 0 0 0 0 0 0 0 0 0 0 0 0 0 0 0 0 0 0 0 0 0 0 0 0 0 0 0 0 0 0 0 0 0 0 0 0 0 0 0 0 0 0 0 0 0 0 0 0 77 68 79 32 101 120 116 114 97 32 100 97 116 97 32 108 111 99 107 0 0 0 0 0 0 0 0 0 0 0 0 0 0 0 0 0 0 0 0 0 0 0 0 0 0 0 0 0 0 0 0 0 0 0 0 0 0 0 0 0 0 0 0 0 0 0 0 0 0 0 0 0 0 0 0 0 0 0 0 0 0 0 0 0 0 0 0 0 0 0 0 0 0 0 0 0 0 0 0 0 0 0 0 0 0 0 0 0 0 0 0 0 0 0 0 0 0 0 0 0 0 0 0 0 0 0 0 0 0 0 0 0 0 0 0 0 253 0 0 0 145 1 0 0 1 0 0 0 0 0 0 0 0 0 0 0 2 0 0 0 0 0 0 0 0 0 0 0 80 0 0 0 255 255 255 255 7 0 1 0 0 0 0 0 data 10 0x10007 0x0 0x50 0x32 0x80005 0x4 0x1794da10 0x2e 0x0 0x0 oops 1 6 sun/misc/Unsafe
ciMethodData java/util/concurrent/locks/AbstractQueuedSynchronizer fullyRelease (Ljava/util/concurrent/locks/AbstractQueuedSynchronizer$Node;)I 2 2496 orig 264 8 193 197 110 0 0 0 0 96 243 67 23 0 0 0 0 32 2 0 0 128 0 0 0 0 0 0 0 0 0 0 0 0 0 0 0 0 0 0 0 0 0 0 0 0 0 0 0 0 0 0 0 0 0 0 0 0 0 0 0 0 0 0 0 0 0 0 0 0 0 0 0 0 0 0 0 0 0 0 0 77 68 79 32 101 120 116 114 97 32 100 97 116 97 32 108 111 99 107 0 0 0 0 0 0 0 0 0 0 0 0 0 0 0 0 0 0 0 0 0 0 0 0 0 0 0 0 0 0 0 0 0 0 0 0 0 0 0 0 0 0 0 0 0 0 0 0 0 0 0 0 0 0 0 0 0 0 0 0 0 0 0 0 0 0 0 0 0 0 0 0 0 0 0 0 0 0 0 0 0 0 0 0 0 0 0 0 0 0 0 0 0 0 0 0 0 0 0 0 0 0 0 0 0 0 0 0 0 0 0 0 0 0 0 0 0 117 1 0 0 89 66 0 0 1 0 0 0 0 0 0 0 0 0 0 0 2 0 0 0 0 0 20 0 2 0 0 0 208 0 0 0 255 255 255 255 5 0 3 0 0 0 0 0 data 26 0x30005 0x81 0x19d0c7f0 0x7ca 0x0 0x0 0x90005 0x81 0x19d0c7f0 0x7ca 0x0 0x0 0xc0007 0x0 0x40 0x84b 0x150007 0x84b 0x20 0x0 0x240002 0x0 0x2b0007 0x0 0x20 0x0 oops 2 2 java/util/concurrent/locks/ReentrantLock$NonfairSync 8 java/util/concurrent/locks/ReentrantLock$NonfairSync
ciMethodData java/util/concurrent/locks/AbstractQueuedSynchronizer$Node <init> ()V 1 10 orig 264 8 193 197 110 0 0 0 0 144 15 68 23 0 0 0 0 48 1 0 0 0 0 0 0 0 0 0 0 0 0 0 0 0 0 0 0 0 0 0 0 0 0 0 0 0 0 0 0 0 0 0 0 0 0 0 0 0 0 0 0 0 0 0 0 0 0 0 0 0 0 0 0 0 0 0 0 0 0 0 0 77 68 79 32 101 120 116 114 97 32 100 97 116 97 32 108 111 99 107 0 0 0 0 0 0 0 0 0 0 0 0 0 0 0 0 0 0 0 0 0 0 0 0 0 0 0 0 0 0 0 0 0 0 0 0 0 0 0 0 0 0 0 0 0 0 0 0 0 0 0 0 0 0 0 0 0 0 0 0 0 0 0 0 0 0 0 0 0 0 0 0 0 0 0 0 0 0 0 0 0 0 0 0 0 0 0 0 0 0 0 0 0 0 0 0 0 0 0 0 0 0 0 0 0 0 0 0 0 0 0 0 0 0 0 0 0 9 0 0 0 9 0 0 0 1 0 0 0 0 0 0 0 0 0 0 0 2 0 0 0 0 0 0 0 0 0 0 0 16 0 0 0 255 255 255 255 2 0 1 0 0 0 0 0 data 2 0x10002 0x1 oops 0
instanceKlass javax/swing/JFormattedTextField$FocusLostHandler
instanceKlass java/awt/Window$1DisposeAction
instanceKlass sun/awt/SunToolkit$1
instanceKlass java/awt/geom/EllipseIterator
instanceKlass javax/swing/plaf/synth/SynthGraphicsUtils$SynthIconWrapper
instanceKlass java/awt/WaitDispatchSupport$4
instanceKlass java/awt/WaitDispatchSupport$2
instanceKlass java/awt/WaitDispatchSupport$1
instanceKlass java/awt/WaitDispatchSupport$5
instanceKlass java/awt/WaitDispatchSupport
instanceKlass java/awt/SecondaryLoop
instanceKlass java/awt/Dialog$3
instanceKlass java/util/Vector$Itr
instanceKlass java/awt/Dialog$1
instanceKlass java/awt/ModalEventFilter$1
instanceKlass java/awt/peer/FileDialogPeer
instanceKlass sun/awt/util/IdentityLinkedList$ListItr
instanceKlass java/awt/Dialog$4
instanceKlass sun/awt/util/IdentityLinkedList$Entry
instanceKlass javax/swing/JOptionPane$1
instanceKlass java/awt/GridBagLayoutInfo
instanceKlass java/awt/SystemColor$$Lambda$16
instanceKlass sun/awt/AWTAccessor$SystemColorAccessor
instanceKlass java/lang/invoke/LambdaForm$DMH
instanceKlass java/lang/invoke/LambdaForm$DMH
instanceKlass java/awt/peer/DialogPeer
instanceKlass javax/swing/plaf/basic/BasicOptionPaneUI$Handler
instanceKlass javax/swing/plaf/basic/BasicOptionPaneUI$2
instanceKlass javax/swing/plaf/basic/BasicOptionPaneUI$ButtonActionListener
instanceKlass javax/swing/plaf/basic/BasicOptionPaneUI$ButtonFactory
instanceKlass javax/swing/plaf/basic/BasicOptionPaneUI$ButtonAreaLayout
instanceKlass java/awt/GridBagConstraints
instanceKlass java/awt/GridBagLayout
instanceKlass com/mysql/jdbc/exceptions/DeadlockTimeoutRollbackMarker
instanceKlass com/mysql/jdbc/SQLError
instanceKlass java/util/RegularEnumSet$EnumSetIterator
instanceKlass java/security/DomainCombiner
instanceKlass java/awt/geom/RectIterator
instanceKlass java/awt/KeyboardFocusManager$4
instanceKlass java/util/TreeMap$PrivateEntryIterator
instanceKlass sun/util/locale/provider/CalendarNameProviderImpl$LengthBasedComparator
instanceKlass sun/util/locale/provider/CalendarDataUtility$CalendarFieldValueNamesMapGetter
instanceKlass javax/swing/plaf/basic/BasicPopupMenuUI$MouseGrabber$2
instanceKlass java/awt/event/WindowAdapter
instanceKlass java/awt/KeyboardFocusManager$2
instanceKlass javax/swing/Popup
instanceKlass javax/swing/PopupFactory
instanceKlass javax/swing/plaf/basic/BasicPopupMenuUI$MouseGrabber$1
instanceKlass java/text/CalendarBuilder
instanceKlass java/text/ParsePosition
instanceKlass javax/swing/SizeRequirements
instanceKlass sun/swing/MenuItemLayoutHelper$ColumnAlignment
instanceKlass sun/swing/MenuItemLayoutHelper
instanceKlass javax/swing/JComponent$ActionStandin
instanceKlass sun/awt/ModalExclude
instanceKlass javax/swing/JComponent$IntVector
instanceKlass javax/swing/JComponent$KeyboardState
instanceKlass java/awt/KeyboardFocusManager$5
instanceKlass javax/swing/Autoscroller
instanceKlass java/awt/LightweightDispatcher$2
instanceKlass com/mysql/jdbc/PreparedStatement$BatchVisitor
instanceKlass com/mysql/jdbc/PreparedStatement$ParseInfo
instanceKlass com/mysql/jdbc/ParameterBindings
instanceKlass java/sql/ParameterMetaData
instanceKlass java/util/Collections$UnmodifiableMap$UnmodifiableEntrySet$UnmodifiableEntry
instanceKlass java/util/Collections$UnmodifiableMap$UnmodifiableEntrySet$1
instanceKlass com/mysql/jdbc/EscapeProcessor
instanceKlass javax/swing/Timer$1
instanceKlass javax/swing/TimerQueue$DelayedTimer
instanceKlass java/util/concurrent/Delayed
instanceKlass java/text/AttributedString$AttributedStringIterator
instanceKlass java/text/AttributedCharacterIterator
instanceKlass java/text/AttributedString
instanceKlass sun/awt/im/CompositionAreaHandler
instanceKlass javax/swing/text/JTextComponent$InputMethodRequestsHandler
instanceKlass java/awt/KeyboardFocusManager$3
instanceKlass java/awt/AWTEvent$2
instanceKlass java/awt/LightweightDispatcher$1
instanceKlass java/awt/Container$MouseEventTargetFilter
instanceKlass java/awt/Container$EventTargetFilter
instanceKlass javax/swing/RepaintManager$3
instanceKlass java/awt/KeyboardFocusManager$LightweightFocusRequest
instanceKlass java/awt/DefaultKeyboardFocusManager$TypeAheadMarker
instanceKlass java/awt/KeyboardFocusManager$HeavyweightFocusRequest
instanceKlass sun/java2d/loops/FontInfo
instanceKlass java/awt/PrintGraphics
instanceKlass javax/swing/plaf/nimbus/ImageScalingHelper
instanceKlass java/awt/geom/Path2D$Iterator
instanceKlass sun/java2d/pipe/AlphaPaintPipe$TileContext
instanceKlass java/awt/MultipleGradientPaintContext
instanceKlass java/awt/PaintContext
instanceKlass sun/dc/pr/Rasterizer$ConsumerDisposer
instanceKlass sun/dc/pr/PathDasher$1
instanceKlass sun/dc/pr/PathDasher
instanceKlass sun/awt/geom/PathConsumer2D
instanceKlass sun/dc/pr/PathStroker$1
instanceKlass sun/dc/pr/PathStroker
instanceKlass sun/dc/pr/PathFiller$1
instanceKlass sun/dc/pr/PathFiller
instanceKlass sun/dc/path/PathConsumer
instanceKlass sun/dc/pr/Rasterizer
instanceKlass sun/java2d/pipe/AATileGenerator
instanceKlass java/awt/GradientPaint
instanceKlass java/awt/MultipleGradientPaint
instanceKlass java/awt/print/PrinterGraphics
instanceKlass java/awt/geom/RoundRectIterator
instanceKlass java/awt/geom/PathIterator
instanceKlass javax/swing/plaf/nimbus/ImageCache
instanceKlass sun/awt/image/BufImgSurfaceData$ICMColorData
instanceKlass sun/java2d/opengl/OGLGraphicsConfig
instanceKlass sun/awt/SunGraphicsCallback
instanceKlass sun/java2d/pipe/hw/AccelSurface
instanceKlass javax/swing/RepaintManager$4
instanceKlass javax/swing/RepaintManager$2$1
instanceKlass java/awt/EventQueue$4
instanceKlass java/awt/Cursor$CursorDisposer
instanceKlass java/awt/SequencedEvent$1
instanceKlass sun/awt/AWTAccessor$SequencedEventAccessor
instanceKlass java/util/ArrayList$1
instanceKlass java/awt/SplashScreen
instanceKlass com/mysql/jdbc/NetworkResources
instanceKlass com/mysql/jdbc/LicenseConfiguration
instanceKlass com/mysql/jdbc/ResultSetMetaData
instanceKlass sun/misc/FDBigInteger
instanceKlass java/sql/ResultSetMetaData
instanceKlass com/mysql/jdbc/RowDataStatic
instanceKlass com/mysql/jdbc/Constants
instanceKlass com/mysql/jdbc/MysqlDefs
instanceKlass com/mysql/jdbc/Field
